<?xml version="1.0" encoding="UTF-8"?>
<coverage generated="1673609907984" clover="3.2.0">
  <project timestamp="1673609907984" name="All files">
    <metrics statements="429" coveredstatements="429" conditionals="123" coveredconditionals="123" methods="92" coveredmethods="92" elements="644" coveredelements="644" complexity="0" loc="429" ncloc="429" packages="4" files="64" classes="64"/>
    <package name="src">
      <metrics statements="24" coveredstatements="24" conditionals="14" coveredconditionals="14" methods="3" coveredmethods="3"/>
      <file name="decode.ts" path="/Users/superman/Documents/Work/My/xobj/packages/core/src/decode.ts">
        <metrics statements="9" coveredstatements="9" conditionals="4" coveredconditionals="4" methods="1" coveredmethods="1"/>
        <line num="22" count="66" type="stmt"/>
        <line num="24" count="66" type="stmt"/>
        <line num="26" count="66" type="cond" truecount="2" falsecount="0"/>
        <line num="27" count="2" type="stmt"/>
        <line num="30" count="66" type="stmt"/>
        <line num="39" count="66" type="stmt"/>
        <line num="41" count="65" type="cond" truecount="2" falsecount="0"/>
        <line num="42" count="1" type="stmt"/>
        <line num="45" count="64" type="stmt"/>
      </file>
      <file name="encode.ts" path="/Users/superman/Documents/Work/My/xobj/packages/core/src/encode.ts">
        <metrics statements="13" coveredstatements="13" conditionals="8" coveredconditionals="8" methods="1" coveredmethods="1"/>
        <line num="25" count="66" type="cond" truecount="2" falsecount="0"/>
        <line num="27" count="66" type="stmt"/>
        <line num="29" count="66" type="stmt"/>
        <line num="30" count="66" type="cond" truecount="2" falsecount="0"/>
        <line num="31" count="2" type="stmt"/>
        <line num="34" count="66" type="stmt"/>
        <line num="35" count="66" type="cond" truecount="2" falsecount="0"/>
        <line num="36" count="2" type="stmt"/>
        <line num="39" count="66" type="cond" truecount="2" falsecount="0"/>
        <line num="41" count="66" type="stmt"/>
        <line num="50" count="66" type="stmt"/>
        <line num="52" count="66" type="stmt"/>
        <line num="54" count="66" type="stmt"/>
      </file>
      <file name="index.ts" path="/Users/superman/Documents/Work/My/xobj/packages/core/src/index.ts">
        <metrics statements="0" coveredstatements="0" conditionals="0" coveredconditionals="0" methods="0" coveredmethods="0"/>
      </file>
      <file name="types.ts" path="/Users/superman/Documents/Work/My/xobj/packages/core/src/types.ts">
        <metrics statements="1" coveredstatements="1" conditionals="2" coveredconditionals="2" methods="1" coveredmethods="1"/>
        <line num="44" count="176" type="cond" truecount="2" falsecount="0"/>
      </file>
      <file name="version.ts" path="/Users/superman/Documents/Work/My/xobj/packages/core/src/version.ts">
        <metrics statements="1" coveredstatements="1" conditionals="0" coveredconditionals="0" methods="0" coveredmethods="0"/>
        <line num="1" count="19" type="stmt"/>
      </file>
    </package>
    <package name="src.decoders">
      <metrics statements="175" coveredstatements="175" conditionals="15" coveredconditionals="15" methods="39" coveredmethods="39"/>
      <file name="array-buffer.ts" path="/Users/superman/Documents/Work/My/xobj/packages/core/src/decoders/array-buffer.ts">
        <metrics statements="4" coveredstatements="4" conditionals="0" coveredconditionals="0" methods="1" coveredmethods="1"/>
        <line num="4" count="1" type="stmt"/>
        <line num="5" count="1" type="stmt"/>
        <line num="6" count="1" type="stmt"/>
        <line num="7" count="1" type="stmt"/>
      </file>
      <file name="array.ts" path="/Users/superman/Documents/Work/My/xobj/packages/core/src/decoders/array.ts">
        <metrics statements="22" coveredstatements="22" conditionals="4" coveredconditionals="4" methods="2" coveredmethods="2"/>
        <line num="5" count="29" type="stmt"/>
        <line num="7" count="29" type="stmt"/>
        <line num="9" count="29" type="stmt"/>
        <line num="10" count="53" type="stmt"/>
        <line num="12" count="53" type="stmt"/>
        <line num="13" count="53" type="stmt"/>
        <line num="15" count="53" type="cond" truecount="2" falsecount="0"/>
        <line num="16" count="4" type="stmt"/>
        <line num="17" count="4" type="stmt"/>
        <line num="18" count="4" type="stmt"/>
        <line num="19" count="27" type="stmt"/>
        <line num="21" count="49" type="cond" truecount="2" falsecount="0"/>
        <line num="22" count="3" type="stmt"/>
        <line num="24" count="46" type="stmt"/>
        <line num="32" count="46" type="stmt"/>
        <line num="33" count="155" type="stmt"/>
        <line num="34" count="155" type="stmt"/>
        <line num="41" count="26" type="stmt"/>
        <line num="42" count="26" type="stmt"/>
        <line num="43" count="26" type="stmt"/>
        <line num="44" count="26" type="stmt"/>
        <line num="45" count="26" type="stmt"/>
      </file>
      <file name="bigint.ts" path="/Users/superman/Documents/Work/My/xobj/packages/core/src/decoders/bigint.ts">
        <metrics statements="4" coveredstatements="4" conditionals="0" coveredconditionals="0" methods="1" coveredmethods="1"/>
        <line num="4" count="7" type="stmt"/>
        <line num="5" count="7" type="stmt"/>
        <line num="6" count="7" type="stmt"/>
        <line num="7" count="7" type="stmt"/>
      </file>
      <file name="boolean.ts" path="/Users/superman/Documents/Work/My/xobj/packages/core/src/decoders/boolean.ts">
        <metrics statements="2" coveredstatements="2" conditionals="0" coveredconditionals="0" methods="2" coveredmethods="2"/>
        <line num="2" count="3" type="stmt"/>
        <line num="6" count="1" type="stmt"/>
      </file>
      <file name="date.ts" path="/Users/superman/Documents/Work/My/xobj/packages/core/src/decoders/date.ts">
        <metrics statements="4" coveredstatements="4" conditionals="0" coveredconditionals="0" methods="1" coveredmethods="1"/>
        <line num="4" count="1" type="stmt"/>
        <line num="5" count="1" type="stmt"/>
        <line num="6" count="1" type="stmt"/>
        <line num="7" count="1" type="stmt"/>
      </file>
      <file name="function.ts" path="/Users/superman/Documents/Work/My/xobj/packages/core/src/decoders/function.ts">
        <metrics statements="7" coveredstatements="7" conditionals="2" coveredconditionals="2" methods="1" coveredmethods="1"/>
        <line num="4" count="4" type="stmt"/>
        <line num="5" count="4" type="stmt"/>
        <line num="6" count="4" type="cond" truecount="2" falsecount="0"/>
        <line num="7" count="2" type="stmt"/>
        <line num="10" count="4" type="stmt"/>
        <line num="11" count="4" type="stmt"/>
        <line num="12" count="4" type="stmt"/>
      </file>
      <file name="header.ts" path="/Users/superman/Documents/Work/My/xobj/packages/core/src/decoders/header.ts">
        <metrics statements="11" coveredstatements="11" conditionals="4" coveredconditionals="4" methods="2" coveredmethods="2"/>
        <line num="5" count="66" type="stmt"/>
        <line num="7" count="66" type="stmt"/>
        <line num="9" count="66" type="cond" truecount="4" falsecount="0"/>
        <line num="11" count="63" type="stmt"/>
        <line num="14" count="1" type="stmt"/>
        <line num="17" count="1" type="stmt"/>
        <line num="20" count="1" type="stmt"/>
        <line num="25" count="66" type="stmt"/>
        <line num="27" count="66" type="stmt"/>
        <line num="28" count="66" type="stmt"/>
        <line num="30" count="65" type="stmt"/>
      </file>
      <file name="index.ts" path="/Users/superman/Documents/Work/My/xobj/packages/core/src/decoders/index.ts">
        <metrics statements="5" coveredstatements="5" conditionals="0" coveredconditionals="0" methods="1" coveredmethods="1"/>
        <line num="41" count="19" type="stmt"/>
        <line num="81" count="295" type="stmt"/>
        <line num="83" count="295" type="stmt"/>
        <line num="85" count="295" type="stmt"/>
        <line num="93" count="295" type="stmt"/>
      </file>
      <file name="link.ts" path="/Users/superman/Documents/Work/My/xobj/packages/core/src/decoders/link.ts">
        <metrics statements="7" coveredstatements="7" conditionals="0" coveredconditionals="0" methods="2" coveredmethods="2"/>
        <line num="4" count="4" type="stmt"/>
        <line num="5" count="4" type="stmt"/>
        <line num="6" count="4" type="stmt"/>
        <line num="10" count="1" type="stmt"/>
        <line num="11" count="1" type="stmt"/>
        <line num="12" count="1" type="stmt"/>
        <line num="13" count="1" type="stmt"/>
      </file>
      <file name="map.ts" path="/Users/superman/Documents/Work/My/xobj/packages/core/src/decoders/map.ts">
        <metrics statements="10" coveredstatements="10" conditionals="0" coveredconditionals="0" methods="1" coveredmethods="1"/>
        <line num="5" count="1" type="stmt"/>
        <line num="6" count="1" type="stmt"/>
        <line num="7" count="1" type="stmt"/>
        <line num="9" count="1" type="stmt"/>
        <line num="10" count="1" type="stmt"/>
        <line num="12" count="1" type="stmt"/>
        <line num="13" count="1" type="stmt"/>
        <line num="15" count="1" type="stmt"/>
        <line num="16" count="9" type="stmt"/>
        <line num="18" count="1" type="stmt"/>
      </file>
      <file name="null.ts" path="/Users/superman/Documents/Work/My/xobj/packages/core/src/decoders/null.ts">
        <metrics statements="1" coveredstatements="1" conditionals="0" coveredconditionals="0" methods="1" coveredmethods="1"/>
        <line num="2" count="3" type="stmt"/>
      </file>
      <file name="number.ts" path="/Users/superman/Documents/Work/My/xobj/packages/core/src/decoders/number.ts">
        <metrics statements="18" coveredstatements="18" conditionals="3" coveredconditionals="3" methods="5" coveredmethods="5"/>
        <line num="4" count="1" type="stmt"/>
        <line num="8" count="1" type="stmt"/>
        <line num="12" count="1" type="stmt"/>
        <line num="16" count="114" type="stmt"/>
        <line num="17" count="114" type="stmt"/>
        <line num="18" count="114" type="stmt"/>
        <line num="19" count="114" type="stmt"/>
        <line num="23" count="25" type="stmt"/>
        <line num="25" count="25" type="stmt"/>
        <line num="27" count="25" type="cond" truecount="3" falsecount="0"/>
        <line num="29" count="23" type="stmt"/>
        <line num="30" count="23" type="stmt"/>
        <line num="33" count="1" type="stmt"/>
        <line num="34" count="1" type="stmt"/>
        <line num="37" count="1" type="stmt"/>
        <line num="38" count="1" type="stmt"/>
        <line num="41" count="25" type="stmt"/>
        <line num="42" count="25" type="stmt"/>
      </file>
      <file name="object.ts" path="/Users/superman/Documents/Work/My/xobj/packages/core/src/decoders/object.ts">
        <metrics statements="8" coveredstatements="8" conditionals="0" coveredconditionals="0" methods="1" coveredmethods="1"/>
        <line num="6" count="40" type="stmt"/>
        <line num="7" count="40" type="stmt"/>
        <line num="8" count="40" type="stmt"/>
        <line num="9" count="40" type="stmt"/>
        <line num="10" count="106" type="stmt"/>
        <line num="11" count="106" type="stmt"/>
        <line num="12" count="106" type="stmt"/>
        <line num="14" count="40" type="stmt"/>
      </file>
      <file name="regexp.ts" path="/Users/superman/Documents/Work/My/xobj/packages/core/src/decoders/regexp.ts">
        <metrics statements="8" coveredstatements="8" conditionals="2" coveredconditionals="2" methods="2" coveredmethods="2"/>
        <line num="3" count="19" type="stmt"/>
        <line num="6" count="1" type="stmt"/>
        <line num="7" count="1" type="stmt"/>
        <line num="8" count="1" type="stmt"/>
        <line num="9" count="4" type="cond" truecount="2" falsecount="0"/>
        <line num="10" count="1" type="stmt"/>
        <line num="11" count="1" type="stmt"/>
        <line num="12" count="1" type="stmt"/>
      </file>
      <file name="set.ts" path="/Users/superman/Documents/Work/My/xobj/packages/core/src/decoders/set.ts">
        <metrics statements="8" coveredstatements="8" conditionals="0" coveredconditionals="0" methods="1" coveredmethods="1"/>
        <line num="5" count="1" type="stmt"/>
        <line num="6" count="1" type="stmt"/>
        <line num="7" count="1" type="stmt"/>
        <line num="9" count="1" type="stmt"/>
        <line num="10" count="1" type="stmt"/>
        <line num="12" count="1" type="stmt"/>
        <line num="13" count="8" type="stmt"/>
        <line num="15" count="1" type="stmt"/>
      </file>
      <file name="string.ts" path="/Users/superman/Documents/Work/My/xobj/packages/core/src/decoders/string.ts">
        <metrics statements="4" coveredstatements="4" conditionals="0" coveredconditionals="0" methods="1" coveredmethods="1"/>
        <line num="4" count="81" type="stmt"/>
        <line num="5" count="81" type="stmt"/>
        <line num="6" count="81" type="stmt"/>
        <line num="7" count="81" type="stmt"/>
      </file>
      <file name="symbol.ts" path="/Users/superman/Documents/Work/My/xobj/packages/core/src/decoders/symbol.ts">
        <metrics statements="4" coveredstatements="4" conditionals="0" coveredconditionals="0" methods="1" coveredmethods="1"/>
        <line num="4" count="2" type="stmt"/>
        <line num="6" count="2" type="stmt"/>
        <line num="7" count="2" type="stmt"/>
        <line num="8" count="2" type="stmt"/>
      </file>
      <file name="typed-array.ts" path="/Users/superman/Documents/Work/My/xobj/packages/core/src/decoders/typed-array.ts">
        <metrics statements="40" coveredstatements="40" conditionals="0" coveredconditionals="0" methods="10" coveredmethods="10"/>
        <line num="4" count="1" type="stmt"/>
        <line num="5" count="1" type="stmt"/>
        <line num="6" count="1" type="stmt"/>
        <line num="7" count="1" type="stmt"/>
        <line num="11" count="1" type="stmt"/>
        <line num="12" count="1" type="stmt"/>
        <line num="13" count="1" type="stmt"/>
        <line num="14" count="1" type="stmt"/>
        <line num="18" count="1" type="stmt"/>
        <line num="19" count="1" type="stmt"/>
        <line num="20" count="1" type="stmt"/>
        <line num="21" count="1" type="stmt"/>
        <line num="25" count="1" type="stmt"/>
        <line num="26" count="1" type="stmt"/>
        <line num="27" count="1" type="stmt"/>
        <line num="28" count="1" type="stmt"/>
        <line num="32" count="1" type="stmt"/>
        <line num="33" count="1" type="stmt"/>
        <line num="34" count="1" type="stmt"/>
        <line num="35" count="1" type="stmt"/>
        <line num="39" count="1" type="stmt"/>
        <line num="40" count="1" type="stmt"/>
        <line num="41" count="1" type="stmt"/>
        <line num="42" count="1" type="stmt"/>
        <line num="46" count="1" type="stmt"/>
        <line num="47" count="1" type="stmt"/>
        <line num="48" count="1" type="stmt"/>
        <line num="49" count="1" type="stmt"/>
        <line num="53" count="1" type="stmt"/>
        <line num="54" count="1" type="stmt"/>
        <line num="55" count="1" type="stmt"/>
        <line num="56" count="1" type="stmt"/>
        <line num="60" count="1" type="stmt"/>
        <line num="61" count="1" type="stmt"/>
        <line num="62" count="1" type="stmt"/>
        <line num="63" count="1" type="stmt"/>
        <line num="67" count="1" type="stmt"/>
        <line num="68" count="1" type="stmt"/>
        <line num="69" count="1" type="stmt"/>
        <line num="70" count="1" type="stmt"/>
      </file>
      <file name="undefined.ts" path="/Users/superman/Documents/Work/My/xobj/packages/core/src/decoders/undefined.ts">
        <metrics statements="1" coveredstatements="1" conditionals="0" coveredconditionals="0" methods="1" coveredmethods="1"/>
        <line num="2" count="3" type="stmt"/>
      </file>
      <file name="value.ts" path="/Users/superman/Documents/Work/My/xobj/packages/core/src/decoders/value.ts">
        <metrics statements="7" coveredstatements="7" conditionals="0" coveredconditionals="0" methods="2" coveredmethods="2"/>
        <line num="4" count="69" type="stmt"/>
        <line num="5" count="69" type="stmt"/>
        <line num="6" count="69" type="stmt"/>
        <line num="10" count="22" type="stmt"/>
        <line num="11" count="22" type="stmt"/>
        <line num="12" count="22" type="stmt"/>
        <line num="13" count="22" type="stmt"/>
      </file>
    </package>
    <package name="src.detectors">
      <metrics statements="97" coveredstatements="97" conditionals="70" coveredconditionals="70" methods="19" coveredmethods="19"/>
      <file name="array-buffer.ts" path="/Users/superman/Documents/Work/My/xobj/packages/core/src/detectors/array-buffer.ts">
        <metrics statements="3" coveredstatements="3" conditionals="2" coveredconditionals="2" methods="1" coveredmethods="1"/>
        <line num="4" count="64" type="cond" truecount="2" falsecount="0"/>
        <line num="5" count="1" type="stmt"/>
        <line num="7" count="63" type="stmt"/>
      </file>
      <file name="array.ts" path="/Users/superman/Documents/Work/My/xobj/packages/core/src/detectors/array.ts">
        <metrics statements="3" coveredstatements="3" conditionals="2" coveredconditionals="2" methods="1" coveredmethods="1"/>
        <line num="4" count="93" type="cond" truecount="2" falsecount="0"/>
        <line num="5" count="29" type="stmt"/>
        <line num="7" count="64" type="stmt"/>
      </file>
      <file name="bigint.ts" path="/Users/superman/Documents/Work/My/xobj/packages/core/src/detectors/bigint.ts">
        <metrics statements="3" coveredstatements="3" conditionals="2" coveredconditionals="2" methods="1" coveredmethods="1"/>
        <line num="4" count="198" type="cond" truecount="2" falsecount="0"/>
        <line num="5" count="7" type="stmt"/>
        <line num="7" count="191" type="stmt"/>
      </file>
      <file name="boolean.ts" path="/Users/superman/Documents/Work/My/xobj/packages/core/src/detectors/boolean.ts">
        <metrics statements="5" coveredstatements="5" conditionals="4" coveredconditionals="4" methods="1" coveredmethods="1"/>
        <line num="4" count="403" type="cond" truecount="2" falsecount="0"/>
        <line num="5" count="24" type="stmt"/>
        <line num="7" count="379" type="cond" truecount="2" falsecount="0"/>
        <line num="8" count="15" type="stmt"/>
        <line num="10" count="364" type="stmt"/>
      </file>
      <file name="date.ts" path="/Users/superman/Documents/Work/My/xobj/packages/core/src/detectors/date.ts">
        <metrics statements="3" coveredstatements="3" conditionals="2" coveredconditionals="2" methods="1" coveredmethods="1"/>
        <line num="4" count="51" type="cond" truecount="2" falsecount="0"/>
        <line num="5" count="1" type="stmt"/>
        <line num="7" count="50" type="stmt"/>
      </file>
      <file name="function.ts" path="/Users/superman/Documents/Work/My/xobj/packages/core/src/detectors/function.ts">
        <metrics statements="3" coveredstatements="3" conditionals="2" coveredconditionals="2" methods="1" coveredmethods="1"/>
        <line num="4" count="97" type="cond" truecount="2" falsecount="0"/>
        <line num="5" count="4" type="stmt"/>
        <line num="7" count="93" type="stmt"/>
      </file>
      <file name="index.ts" path="/Users/superman/Documents/Work/My/xobj/packages/core/src/detectors/index.ts">
        <metrics statements="5" coveredstatements="5" conditionals="2" coveredconditionals="2" methods="1" coveredmethods="1"/>
        <line num="24" count="19" type="stmt"/>
        <line num="46" count="1521" type="stmt"/>
        <line num="47" count="6556" type="stmt"/>
        <line num="48" count="6556" type="cond" truecount="2" falsecount="0"/>
        <line num="49" count="1521" type="stmt"/>
      </file>
      <file name="link.ts" path="/Users/superman/Documents/Work/My/xobj/packages/core/src/detectors/link.ts">
        <metrics statements="9" coveredstatements="9" conditionals="4" coveredconditionals="4" methods="1" coveredmethods="1"/>
        <line num="5" count="1421" type="stmt"/>
        <line num="6" count="1421" type="stmt"/>
        <line num="7" count="1421" type="stmt"/>
        <line num="8" count="1421" type="cond" truecount="2" falsecount="0"/>
        <line num="9" count="6" type="stmt"/>
        <line num="10" count="6" type="cond" truecount="2" falsecount="0"/>
        <line num="11" count="1" type="stmt"/>
        <line num="13" count="5" type="stmt"/>
        <line num="15" count="1415" type="stmt"/>
      </file>
      <file name="map.ts" path="/Users/superman/Documents/Work/My/xobj/packages/core/src/detectors/map.ts">
        <metrics statements="3" coveredstatements="3" conditionals="2" coveredconditionals="2" methods="1" coveredmethods="1"/>
        <line num="4" count="53" type="cond" truecount="2" falsecount="0"/>
        <line num="5" count="1" type="stmt"/>
        <line num="7" count="52" type="stmt"/>
      </file>
      <file name="null.ts" path="/Users/superman/Documents/Work/My/xobj/packages/core/src/detectors/null.ts">
        <metrics statements="3" coveredstatements="3" conditionals="2" coveredconditionals="2" methods="1" coveredmethods="1"/>
        <line num="4" count="410" type="cond" truecount="2" falsecount="0"/>
        <line num="5" count="7" type="stmt"/>
        <line num="7" count="403" type="stmt"/>
      </file>
      <file name="number.ts" path="/Users/superman/Documents/Work/My/xobj/packages/core/src/detectors/number.ts">
        <metrics statements="11" coveredstatements="11" conditionals="10" coveredconditionals="10" methods="1" coveredmethods="1"/>
        <line num="4" count="364" type="cond" truecount="2" falsecount="0"/>
        <line num="5" count="166" type="cond" truecount="2" falsecount="0"/>
        <line num="6" count="1" type="stmt"/>
        <line num="9" count="165" type="cond" truecount="2" falsecount="0"/>
        <line num="10" count="1" type="stmt"/>
        <line num="13" count="164" type="cond" truecount="2" falsecount="0"/>
        <line num="14" count="1" type="stmt"/>
        <line num="17" count="163" type="cond" truecount="2" falsecount="0"/>
        <line num="18" count="128" type="stmt"/>
        <line num="21" count="35" type="stmt"/>
        <line num="24" count="198" type="stmt"/>
      </file>
      <file name="object.ts" path="/Users/superman/Documents/Work/My/xobj/packages/core/src/detectors/object.ts">
        <metrics statements="0" coveredstatements="0" conditionals="0" coveredconditionals="0" methods="1" coveredmethods="1"/>
      </file>
      <file name="regexp.ts" path="/Users/superman/Documents/Work/My/xobj/packages/core/src/detectors/regexp.ts">
        <metrics statements="3" coveredstatements="3" conditionals="2" coveredconditionals="2" methods="1" coveredmethods="1"/>
        <line num="4" count="50" type="cond" truecount="2" falsecount="0"/>
        <line num="5" count="1" type="stmt"/>
        <line num="7" count="49" type="stmt"/>
      </file>
      <file name="set.ts" path="/Users/superman/Documents/Work/My/xobj/packages/core/src/detectors/set.ts">
        <metrics statements="3" coveredstatements="3" conditionals="2" coveredconditionals="2" methods="1" coveredmethods="1"/>
        <line num="4" count="52" type="cond" truecount="2" falsecount="0"/>
        <line num="5" count="1" type="stmt"/>
        <line num="7" count="51" type="stmt"/>
      </file>
      <file name="string.ts" path="/Users/superman/Documents/Work/My/xobj/packages/core/src/detectors/string.ts">
        <metrics statements="3" coveredstatements="3" conditionals="2" coveredconditionals="2" methods="1" coveredmethods="1"/>
        <line num="4" count="191" type="cond" truecount="2" falsecount="0"/>
        <line num="5" count="94" type="stmt"/>
        <line num="7" count="97" type="stmt"/>
      </file>
      <file name="symbol.ts" path="/Users/superman/Documents/Work/My/xobj/packages/core/src/detectors/symbol.ts">
        <metrics statements="3" coveredstatements="3" conditionals="2" coveredconditionals="2" methods="1" coveredmethods="1"/>
        <line num="4" count="49" type="cond" truecount="2" falsecount="0"/>
        <line num="5" count="2" type="stmt"/>
        <line num="7" count="47" type="stmt"/>
      </file>
      <file name="typed-array.ts" path="/Users/superman/Documents/Work/My/xobj/packages/core/src/detectors/typed-array.ts">
        <metrics statements="22" coveredstatements="22" conditionals="22" coveredconditionals="22" methods="1" coveredmethods="1"/>
        <line num="4" count="63" type="cond" truecount="2" falsecount="0"/>
        <line num="5" count="61" type="cond" truecount="2" falsecount="0"/>
        <line num="6" count="1" type="stmt"/>
        <line num="9" count="60" type="cond" truecount="2" falsecount="0"/>
        <line num="10" count="1" type="stmt"/>
        <line num="13" count="59" type="cond" truecount="2" falsecount="0"/>
        <line num="14" count="1" type="stmt"/>
        <line num="17" count="58" type="cond" truecount="2" falsecount="0"/>
        <line num="18" count="1" type="stmt"/>
        <line num="21" count="57" type="cond" truecount="2" falsecount="0"/>
        <line num="22" count="1" type="stmt"/>
        <line num="25" count="56" type="cond" truecount="2" falsecount="0"/>
        <line num="26" count="1" type="stmt"/>
        <line num="29" count="55" type="cond" truecount="2" falsecount="0"/>
        <line num="30" count="1" type="stmt"/>
        <line num="33" count="54" type="cond" truecount="2" falsecount="0"/>
        <line num="34" count="1" type="stmt"/>
        <line num="37" count="53" type="cond" truecount="2" falsecount="0"/>
        <line num="38" count="1" type="stmt"/>
        <line num="41" count="52" type="cond" truecount="2" falsecount="0"/>
        <line num="42" count="1" type="stmt"/>
        <line num="45" count="53" type="stmt"/>
      </file>
      <file name="undefined.ts" path="/Users/superman/Documents/Work/My/xobj/packages/core/src/detectors/undefined.ts">
        <metrics statements="3" coveredstatements="3" conditionals="2" coveredconditionals="2" methods="1" coveredmethods="1"/>
        <line num="4" count="1415" type="cond" truecount="2" falsecount="0"/>
        <line num="5" count="1005" type="stmt"/>
        <line num="7" count="410" type="stmt"/>
      </file>
      <file name="value.ts" path="/Users/superman/Documents/Work/My/xobj/packages/core/src/detectors/value.ts">
        <metrics statements="9" coveredstatements="9" conditionals="4" coveredconditionals="4" methods="1" coveredmethods="1"/>
        <line num="5" count="1513" type="stmt"/>
        <line num="6" count="1513" type="stmt"/>
        <line num="7" count="1513" type="stmt"/>
        <line num="8" count="1513" type="cond" truecount="2" falsecount="0"/>
        <line num="9" count="92" type="stmt"/>
        <line num="10" count="92" type="cond" truecount="2" falsecount="0"/>
        <line num="11" count="23" type="stmt"/>
        <line num="13" count="69" type="stmt"/>
        <line num="15" count="1421" type="stmt"/>
      </file>
    </package>
    <package name="src.encoders">
      <metrics statements="133" coveredstatements="133" conditionals="24" coveredconditionals="24" methods="31" coveredmethods="31"/>
      <file name="array-buffer.ts" path="/Users/superman/Documents/Work/My/xobj/packages/core/src/encoders/array-buffer.ts">
        <metrics statements="3" coveredstatements="3" conditionals="0" coveredconditionals="0" methods="1" coveredmethods="1"/>
        <line num="4" count="1" type="stmt"/>
        <line num="5" count="1" type="stmt"/>
        <line num="6" count="1" type="stmt"/>
      </file>
      <file name="array.ts" path="/Users/superman/Documents/Work/My/xobj/packages/core/src/encoders/array.ts">
        <metrics statements="40" coveredstatements="40" conditionals="16" coveredconditionals="16" methods="4" coveredmethods="4"/>
        <line num="11" count="29" type="stmt"/>
        <line num="13" count="29" type="cond" truecount="2" falsecount="0"/>
        <line num="14" count="28" type="stmt"/>
        <line num="15" count="28" type="stmt"/>
        <line num="16" count="28" type="stmt"/>
        <line num="18" count="28" type="stmt"/>
        <line num="19" count="1149" type="stmt"/>
        <line num="20" count="1149" type="stmt"/>
        <line num="21" count="1149" type="cond" truecount="2" falsecount="0"/>
        <line num="22" count="1097" type="stmt"/>
        <line num="23" count="52" type="cond" truecount="4" falsecount="0"/>
        <line num="24" count="13" type="stmt"/>
        <line num="26" count="39" type="stmt"/>
        <line num="27" count="39" type="stmt"/>
        <line num="32" count="29" type="stmt"/>
        <line num="36" count="29" type="stmt"/>
        <line num="37" count="39" type="stmt"/>
        <line num="38" count="39" type="stmt"/>
        <line num="39" count="39" type="stmt"/>
        <line num="40" count="39" type="cond" truecount="4" falsecount="0"/>
        <line num="41" count="22" type="cond" truecount="2" falsecount="0"/>
        <line num="42" count="14" type="stmt"/>
        <line num="43" count="14" type="stmt"/>
        <line num="44" count="14" type="stmt"/>
        <line num="45" count="14" type="stmt"/>
        <line num="52" count="29" type="stmt"/>
        <line num="54" count="29" type="stmt"/>
        <line num="55" count="29" type="stmt"/>
        <line num="57" count="29" type="stmt"/>
        <line num="58" count="53" type="stmt"/>
        <line num="59" count="53" type="stmt"/>
        <line num="61" count="53" type="cond" truecount="2" falsecount="0"/>
        <line num="62" count="4" type="stmt"/>
        <line num="64" count="49" type="stmt"/>
        <line num="72" count="49" type="stmt"/>
        <line num="73" count="1150" type="stmt"/>
        <line num="78" count="29" type="stmt"/>
        <line num="82" count="26" type="stmt"/>
        <line num="83" count="26" type="stmt"/>
        <line num="84" count="26" type="stmt"/>
      </file>
      <file name="bigint.ts" path="/Users/superman/Documents/Work/My/xobj/packages/core/src/encoders/bigint.ts">
        <metrics statements="3" coveredstatements="3" conditionals="0" coveredconditionals="0" methods="1" coveredmethods="1"/>
        <line num="4" count="7" type="stmt"/>
        <line num="5" count="7" type="stmt"/>
        <line num="6" count="7" type="stmt"/>
      </file>
      <file name="boolean.ts" path="/Users/superman/Documents/Work/My/xobj/packages/core/src/encoders/boolean.ts">
        <metrics statements="0" coveredstatements="0" conditionals="0" coveredconditionals="0" methods="2" coveredmethods="2"/>
      </file>
      <file name="date.ts" path="/Users/superman/Documents/Work/My/xobj/packages/core/src/encoders/date.ts">
        <metrics statements="3" coveredstatements="3" conditionals="0" coveredconditionals="0" methods="1" coveredmethods="1"/>
        <line num="4" count="1" type="stmt"/>
        <line num="5" count="1" type="stmt"/>
        <line num="6" count="1" type="stmt"/>
      </file>
      <file name="function.ts" path="/Users/superman/Documents/Work/My/xobj/packages/core/src/encoders/function.ts">
        <metrics statements="4" coveredstatements="4" conditionals="0" coveredconditionals="0" methods="1" coveredmethods="1"/>
        <line num="4" count="4" type="stmt"/>
        <line num="5" count="4" type="stmt"/>
        <line num="6" count="4" type="stmt"/>
        <line num="7" count="4" type="stmt"/>
      </file>
      <file name="header.ts" path="/Users/superman/Documents/Work/My/xobj/packages/core/src/encoders/header.ts">
        <metrics statements="12" coveredstatements="12" conditionals="3" coveredconditionals="3" methods="2" coveredmethods="2"/>
        <line num="5" count="66" type="stmt"/>
        <line num="6" count="66" type="cond" truecount="3" falsecount="0"/>
        <line num="8" count="64" type="stmt"/>
        <line num="9" count="64" type="stmt"/>
        <line num="12" count="1" type="stmt"/>
        <line num="13" count="1" type="stmt"/>
        <line num="16" count="1" type="stmt"/>
        <line num="17" count="1" type="stmt"/>
        <line num="18" count="1" type="stmt"/>
        <line num="23" count="66" type="stmt"/>
        <line num="24" count="66" type="stmt"/>
        <line num="25" count="66" type="stmt"/>
      </file>
      <file name="index.ts" path="/Users/superman/Documents/Work/My/xobj/packages/core/src/encoders/index.ts">
        <metrics statements="6" coveredstatements="6" conditionals="0" coveredconditionals="0" methods="1" coveredmethods="1"/>
        <line num="31" count="19" type="stmt"/>
        <line num="71" count="305" type="stmt"/>
        <line num="73" count="305" type="stmt"/>
        <line num="74" count="305" type="stmt"/>
        <line num="76" count="305" type="stmt"/>
        <line num="84" count="305" type="stmt"/>
      </file>
      <file name="link.ts" path="/Users/superman/Documents/Work/My/xobj/packages/core/src/encoders/link.ts">
        <metrics statements="7" coveredstatements="7" conditionals="0" coveredconditionals="0" methods="2" coveredmethods="2"/>
        <line num="4" count="4" type="stmt"/>
        <line num="5" count="4" type="stmt"/>
        <line num="6" count="4" type="stmt"/>
        <line num="10" count="1" type="stmt"/>
        <line num="11" count="1" type="stmt"/>
        <line num="12" count="1" type="stmt"/>
        <line num="13" count="1" type="stmt"/>
      </file>
      <file name="map.ts" path="/Users/superman/Documents/Work/My/xobj/packages/core/src/encoders/map.ts">
        <metrics statements="5" coveredstatements="5" conditionals="0" coveredconditionals="0" methods="1" coveredmethods="1"/>
        <line num="5" count="1" type="stmt"/>
        <line num="6" count="1" type="stmt"/>
        <line num="7" count="1" type="stmt"/>
        <line num="8" count="1" type="stmt"/>
        <line num="9" count="1" type="stmt"/>
      </file>
      <file name="null.ts" path="/Users/superman/Documents/Work/My/xobj/packages/core/src/encoders/null.ts">
        <metrics statements="0" coveredstatements="0" conditionals="0" coveredconditionals="0" methods="1" coveredmethods="1"/>
      </file>
      <file name="number.ts" path="/Users/superman/Documents/Work/My/xobj/packages/core/src/encoders/number.ts">
        <metrics statements="12" coveredstatements="12" conditionals="3" coveredconditionals="3" methods="5" coveredmethods="5"/>
        <line num="13" count="118" type="stmt"/>
        <line num="14" count="118" type="stmt"/>
        <line num="15" count="118" type="stmt"/>
        <line num="19" count="25" type="stmt"/>
        <line num="21" count="25" type="stmt"/>
        <line num="23" count="25" type="cond" truecount="3" falsecount="0"/>
        <line num="25" count="23" type="stmt"/>
        <line num="26" count="23" type="stmt"/>
        <line num="29" count="1" type="stmt"/>
        <line num="30" count="1" type="stmt"/>
        <line num="33" count="1" type="stmt"/>
        <line num="34" count="1" type="stmt"/>
      </file>
      <file name="object.ts" path="/Users/superman/Documents/Work/My/xobj/packages/core/src/encoders/object.ts">
        <metrics statements="10" coveredstatements="10" conditionals="2" coveredconditionals="2" methods="1" coveredmethods="1"/>
        <line num="6" count="42" type="stmt"/>
        <line num="7" count="42" type="stmt"/>
        <line num="8" count="42" type="stmt"/>
        <line num="9" count="42" type="stmt"/>
        <line num="10" count="110" type="stmt"/>
        <line num="11" count="110" type="cond" truecount="2" falsecount="0"/>
        <line num="12" count="2" type="stmt"/>
        <line num="14" count="108" type="stmt"/>
        <line num="16" count="110" type="stmt"/>
        <line num="18" count="42" type="stmt"/>
      </file>
      <file name="regexp.ts" path="/Users/superman/Documents/Work/My/xobj/packages/core/src/encoders/regexp.ts">
        <metrics statements="8" coveredstatements="8" conditionals="0" coveredconditionals="0" methods="1" coveredmethods="1"/>
        <line num="4" count="1" type="stmt"/>
        <line num="5" count="1" type="stmt"/>
        <line num="6" count="1" type="stmt"/>
        <line num="8" count="1" type="stmt"/>
        <line num="10" count="1" type="stmt"/>
        <line num="11" count="1" type="stmt"/>
        <line num="13" count="1" type="stmt"/>
        <line num="14" count="1" type="stmt"/>
      </file>
      <file name="set.ts" path="/Users/superman/Documents/Work/My/xobj/packages/core/src/encoders/set.ts">
        <metrics statements="4" coveredstatements="4" conditionals="0" coveredconditionals="0" methods="1" coveredmethods="1"/>
        <line num="5" count="1" type="stmt"/>
        <line num="6" count="1" type="stmt"/>
        <line num="7" count="1" type="stmt"/>
        <line num="8" count="1" type="stmt"/>
      </file>
      <file name="string.ts" path="/Users/superman/Documents/Work/My/xobj/packages/core/src/encoders/string.ts">
        <metrics statements="3" coveredstatements="3" conditionals="0" coveredconditionals="0" methods="1" coveredmethods="1"/>
        <line num="4" count="85" type="stmt"/>
        <line num="5" count="85" type="stmt"/>
        <line num="6" count="85" type="stmt"/>
      </file>
      <file name="symbol.ts" path="/Users/superman/Documents/Work/My/xobj/packages/core/src/encoders/symbol.ts">
        <metrics statements="2" coveredstatements="2" conditionals="0" coveredconditionals="0" methods="1" coveredmethods="1"/>
        <line num="4" count="2" type="stmt"/>
        <line num="5" count="2" type="stmt"/>
      </file>
      <file name="typed-array.ts" path="/Users/superman/Documents/Work/My/xobj/packages/core/src/encoders/typed-array.ts">
        <metrics statements="4" coveredstatements="4" conditionals="0" coveredconditionals="0" methods="1" coveredmethods="1"/>
        <line num="6" count="10" type="stmt"/>
        <line num="7" count="10" type="stmt"/>
        <line num="8" count="10" type="stmt"/>
        <line num="9" count="10" type="stmt"/>
      </file>
      <file name="undefined.ts" path="/Users/superman/Documents/Work/My/xobj/packages/core/src/encoders/undefined.ts">
        <metrics statements="0" coveredstatements="0" conditionals="0" coveredconditionals="0" methods="1" coveredmethods="1"/>
      </file>
      <file name="value.ts" path="/Users/superman/Documents/Work/My/xobj/packages/core/src/encoders/value.ts">
        <metrics statements="7" coveredstatements="7" conditionals="0" coveredconditionals="0" methods="2" coveredmethods="2"/>
        <line num="4" count="69" type="stmt"/>
        <line num="5" count="69" type="stmt"/>
        <line num="6" count="69" type="stmt"/>
        <line num="10" count="22" type="stmt"/>
        <line num="11" count="22" type="stmt"/>
        <line num="12" count="22" type="stmt"/>
        <line num="13" count="22" type="stmt"/>
      </file>
    </package>
  </project>
</coverage>
