{"/Users/superman/Documents/Work/My/xobj/packages/core/src/decode.ts": {"path":"/Users/superman/Documents/Work/My/xobj/packages/core/src/decode.ts","statementMap":{"0":{"start":{"line":22,"column":16},"end":{"line":22,"column":40}},"1":{"start":{"line":24,"column":18},"end":{"line":24,"column":35}},"2":{"start":{"line":26,"column":1},"end":{"line":28,"column":2}},"3":{"start":{"line":27,"column":2},"end":{"line":27,"column":55}},"4":{"start":{"line":30,"column":32},"end":{"line":37,"column":2}},"5":{"start":{"line":39,"column":1},"end":{"line":39,"column":23}},"6":{"start":{"line":41,"column":1},"end":{"line":43,"column":2}},"7":{"start":{"line":42,"column":2},"end":{"line":42,"column":79}},"8":{"start":{"line":45,"column":1},"end":{"line":45,"column":29}}},"fnMap":{"0":{"name":"decode","decl":{"start":{"line":21,"column":16},"end":{"line":21,"column":22}},"loc":{"start":{"line":21,"column":74},"end":{"line":46,"column":1}},"line":21}},"branchMap":{"0":{"loc":{"start":{"line":26,"column":1},"end":{"line":28,"column":2}},"type":"if","locations":[{"start":{"line":26,"column":1},"end":{"line":28,"column":2}},{"start":{},"end":{}}],"line":26},"1":{"loc":{"start":{"line":41,"column":1},"end":{"line":43,"column":2}},"type":"if","locations":[{"start":{"line":41,"column":1},"end":{"line":43,"column":2}},{"start":{},"end":{}}],"line":41}},"s":{"0":66,"1":66,"2":66,"3":2,"4":66,"5":66,"6":65,"7":1,"8":64},"f":{"0":66},"b":{"0":[2,64],"1":[1,64]},"_coverageSchema":"1a1c01bbd47fc00a2c39e90264f33305004495a9","hash":"27aa76898c8bb632df8a59b900e73fb90f227f0a"}
,"/Users/superman/Documents/Work/My/xobj/packages/core/src/encode.ts": {"path":"/Users/superman/Documents/Work/My/xobj/packages/core/src/encode.ts","statementMap":{"0":{"start":{"line":25,"column":20},"end":{"line":25,"column":47}},"1":{"start":{"line":27,"column":16},"end":{"line":27,"column":44}},"2":{"start":{"line":29,"column":19},"end":{"line":29,"column":36}},"3":{"start":{"line":30,"column":1},"end":{"line":32,"column":2}},"4":{"start":{"line":31,"column":2},"end":{"line":31,"column":42}},"5":{"start":{"line":34,"column":18},"end":{"line":34,"column":35}},"6":{"start":{"line":35,"column":1},"end":{"line":37,"column":2}},"7":{"start":{"line":36,"column":2},"end":{"line":36,"column":56}},"8":{"start":{"line":39,"column":19},"end":{"line":39,"column":49}},"9":{"start":{"line":41,"column":32},"end":{"line":48,"column":2}},"10":{"start":{"line":50,"column":1},"end":{"line":50,"column":23}},"11":{"start":{"line":52,"column":1},"end":{"line":52,"column":29}},"12":{"start":{"line":54,"column":1},"end":{"line":54,"column":22}}},"fnMap":{"0":{"name":"encode","decl":{"start":{"line":24,"column":16},"end":{"line":24,"column":22}},"loc":{"start":{"line":24,"column":73},"end":{"line":55,"column":1}},"line":24}},"branchMap":{"0":{"loc":{"start":{"line":25,"column":20},"end":{"line":25,"column":47}},"type":"binary-expr","locations":[{"start":{"line":25,"column":20},"end":{"line":25,"column":39}},{"start":{"line":25,"column":43},"end":{"line":25,"column":47}}],"line":25},"1":{"loc":{"start":{"line":30,"column":1},"end":{"line":32,"column":2}},"type":"if","locations":[{"start":{"line":30,"column":1},"end":{"line":32,"column":2}},{"start":{},"end":{}}],"line":30},"2":{"loc":{"start":{"line":35,"column":1},"end":{"line":37,"column":2}},"type":"if","locations":[{"start":{"line":35,"column":1},"end":{"line":37,"column":2}},{"start":{},"end":{}}],"line":35},"3":{"loc":{"start":{"line":39,"column":19},"end":{"line":39,"column":49}},"type":"binary-expr","locations":[{"start":{"line":39,"column":19},"end":{"line":39,"column":37}},{"start":{"line":39,"column":41},"end":{"line":39,"column":49}}],"line":39}},"s":{"0":66,"1":66,"2":66,"3":66,"4":2,"5":66,"6":66,"7":2,"8":66,"9":66,"10":66,"11":66,"12":66},"f":{"0":66},"b":{"0":[66,66],"1":[2,64],"2":[2,64],"3":[66,63]},"_coverageSchema":"1a1c01bbd47fc00a2c39e90264f33305004495a9","hash":"70147ac71c42578f48aa2014d8945bb980717b61"}
,"/Users/superman/Documents/Work/My/xobj/packages/core/src/index.ts": {"path":"/Users/superman/Documents/Work/My/xobj/packages/core/src/index.ts","statementMap":{},"fnMap":{},"branchMap":{},"s":{},"f":{},"b":{},"_coverageSchema":"1a1c01bbd47fc00a2c39e90264f33305004495a9","hash":"769c43af7a637c087987c9494f9da63d973719e5"}
,"/Users/superman/Documents/Work/My/xobj/packages/core/src/types.ts": {"path":"/Users/superman/Documents/Work/My/xobj/packages/core/src/types.ts","statementMap":{"0":{"start":{"line":44,"column":1},"end":{"line":44,"column":60}}},"fnMap":{"0":{"name":"isBooleanType","decl":{"start":{"line":43,"column":16},"end":{"line":43,"column":29}},"loc":{"start":{"line":43,"column":56},"end":{"line":45,"column":1}},"line":43}},"branchMap":{"0":{"loc":{"start":{"line":44,"column":8},"end":{"line":44,"column":59}},"type":"binary-expr","locations":[{"start":{"line":44,"column":8},"end":{"line":44,"column":31}},{"start":{"line":44,"column":35},"end":{"line":44,"column":59}}],"line":44}},"s":{"0":176},"f":{"0":176},"b":{"0":[176,153]},"_coverageSchema":"1a1c01bbd47fc00a2c39e90264f33305004495a9","hash":"34771a9282d7ba224466949497123e51412605f2"}
,"/Users/superman/Documents/Work/My/xobj/packages/core/src/version.ts": {"path":"/Users/superman/Documents/Work/My/xobj/packages/core/src/version.ts","statementMap":{"0":{"start":{"line":1,"column":23},"end":{"line":1,"column":24}}},"fnMap":{},"branchMap":{},"s":{"0":19},"f":{},"b":{},"_coverageSchema":"1a1c01bbd47fc00a2c39e90264f33305004495a9","hash":"02adedcbea914fc967f4c03088863bac73ab2e36"}
,"/Users/superman/Documents/Work/My/xobj/packages/core/src/decoders/array-buffer.ts": {"path":"/Users/superman/Documents/Work/My/xobj/packages/core/src/decoders/array-buffer.ts","statementMap":{"0":{"start":{"line":4,"column":27},"end":{"line":4,"column":34}},"1":{"start":{"line":5,"column":16},"end":{"line":5,"column":35}},"2":{"start":{"line":6,"column":1},"end":{"line":6,"column":20}},"3":{"start":{"line":7,"column":1},"end":{"line":7,"column":15}}},"fnMap":{"0":{"name":"decodeArrayBuffer","decl":{"start":{"line":3,"column":16},"end":{"line":3,"column":33}},"loc":{"start":{"line":3,"column":71},"end":{"line":8,"column":1}},"line":3}},"branchMap":{},"s":{"0":1,"1":1,"2":1,"3":1},"f":{"0":1},"b":{},"_coverageSchema":"1a1c01bbd47fc00a2c39e90264f33305004495a9","hash":"a14e394fc011f60816c95655864d3812cfa399e6"}
,"/Users/superman/Documents/Work/My/xobj/packages/core/src/decoders/array.ts": {"path":"/Users/superman/Documents/Work/My/xobj/packages/core/src/decoders/array.ts","statementMap":{"0":{"start":{"line":5,"column":30},"end":{"line":5,"column":37}},"1":{"start":{"line":7,"column":9},"end":{"line":7,"column":10}},"2":{"start":{"line":9,"column":1},"end":{"line":37,"column":2}},"3":{"start":{"line":10,"column":2},"end":{"line":10,"column":20}},"4":{"start":{"line":12,"column":26},"end":{"line":12,"column":46}},"5":{"start":{"line":13,"column":15},"end":{"line":13,"column":35}},"6":{"start":{"line":15,"column":2},"end":{"line":36,"column":3}},"7":{"start":{"line":16,"column":18},"end":{"line":16,"column":43}},"8":{"start":{"line":17,"column":11},"end":{"line":17,"column":12}},"9":{"start":{"line":18,"column":3},"end":{"line":20,"column":4}},"10":{"start":{"line":19,"column":4},"end":{"line":19,"column":29}},"11":{"start":{"line":21,"column":9},"end":{"line":36,"column":3}},"12":{"start":{"line":22,"column":3},"end":{"line":22,"column":15}},"13":{"start":{"line":24,"column":24},"end":{"line":24,"column":42}},"14":{"start":{"line":32,"column":3},"end":{"line":35,"column":4}},"15":{"start":{"line":33,"column":17},"end":{"line":33,"column":38}},"16":{"start":{"line":34,"column":4},"end":{"line":34,"column":22}},"17":{"start":{"line":41,"column":19},"end":{"line":41,"column":26}},"18":{"start":{"line":42,"column":22},"end":{"line":42,"column":24}},"19":{"start":{"line":43,"column":1},"end":{"line":43,"column":19}},"20":{"start":{"line":44,"column":1},"end":{"line":44,"column":35}},"21":{"start":{"line":45,"column":1},"end":{"line":45,"column":14}}},"fnMap":{"0":{"name":"decodeArrayGroups","decl":{"start":{"line":4,"column":16},"end":{"line":4,"column":33}},"loc":{"start":{"line":4,"column":78},"end":{"line":38,"column":1}},"line":4},"1":{"name":"decodeArray","decl":{"start":{"line":40,"column":16},"end":{"line":40,"column":27}},"loc":{"start":{"line":40,"column":64},"end":{"line":46,"column":1}},"line":40}},"branchMap":{"0":{"loc":{"start":{"line":15,"column":2},"end":{"line":36,"column":3}},"type":"if","locations":[{"start":{"line":15,"column":2},"end":{"line":36,"column":3}},{"start":{"line":21,"column":9},"end":{"line":36,"column":3}}],"line":15},"1":{"loc":{"start":{"line":21,"column":9},"end":{"line":36,"column":3}},"type":"if","locations":[{"start":{"line":21,"column":9},"end":{"line":36,"column":3}},{"start":{"line":23,"column":9},"end":{"line":36,"column":3}}],"line":21}},"s":{"0":29,"1":29,"2":29,"3":53,"4":53,"5":53,"6":53,"7":4,"8":4,"9":4,"10":27,"11":49,"12":3,"13":46,"14":46,"15":155,"16":155,"17":26,"18":26,"19":26,"20":26,"21":26},"f":{"0":29,"1":26},"b":{"0":[4,49],"1":[3,46]},"_coverageSchema":"1a1c01bbd47fc00a2c39e90264f33305004495a9","hash":"450e78575a0288247cd1793a8fca787a710256ee"}
,"/Users/superman/Documents/Work/My/xobj/packages/core/src/decoders/bigint.ts": {"path":"/Users/superman/Documents/Work/My/xobj/packages/core/src/decoders/bigint.ts","statementMap":{"0":{"start":{"line":4,"column":28},"end":{"line":4,"column":35}},"1":{"start":{"line":5,"column":16},"end":{"line":5,"column":35}},"2":{"start":{"line":6,"column":1},"end":{"line":6,"column":21}},"3":{"start":{"line":7,"column":1},"end":{"line":7,"column":15}}},"fnMap":{"0":{"name":"decodeBigint","decl":{"start":{"line":3,"column":16},"end":{"line":3,"column":28}},"loc":{"start":{"line":3,"column":61},"end":{"line":8,"column":1}},"line":3}},"branchMap":{},"s":{"0":7,"1":7,"2":7,"3":7},"f":{"0":7},"b":{},"_coverageSchema":"1a1c01bbd47fc00a2c39e90264f33305004495a9","hash":"a7246bc042bc72e9c151ae343d4d24a7770aa92d"}
,"/Users/superman/Documents/Work/My/xobj/packages/core/src/decoders/boolean.ts": {"path":"/Users/superman/Documents/Work/My/xobj/packages/core/src/decoders/boolean.ts","statementMap":{"0":{"start":{"line":2,"column":1},"end":{"line":2,"column":13}},"1":{"start":{"line":6,"column":1},"end":{"line":6,"column":14}}},"fnMap":{"0":{"name":"decodeTrue","decl":{"start":{"line":1,"column":16},"end":{"line":1,"column":26}},"loc":{"start":{"line":1,"column":38},"end":{"line":3,"column":1}},"line":1},"1":{"name":"decodeFalse","decl":{"start":{"line":5,"column":16},"end":{"line":5,"column":27}},"loc":{"start":{"line":5,"column":39},"end":{"line":7,"column":1}},"line":5}},"branchMap":{},"s":{"0":3,"1":1},"f":{"0":3,"1":1},"b":{},"_coverageSchema":"1a1c01bbd47fc00a2c39e90264f33305004495a9","hash":"c3279c6cc2c9b99cae08d430278831b15237cc47"}
,"/Users/superman/Documents/Work/My/xobj/packages/core/src/decoders/date.ts": {"path":"/Users/superman/Documents/Work/My/xobj/packages/core/src/decoders/date.ts","statementMap":{"0":{"start":{"line":4,"column":27},"end":{"line":4,"column":34}},"1":{"start":{"line":5,"column":14},"end":{"line":5,"column":44}},"2":{"start":{"line":6,"column":1},"end":{"line":6,"column":18}},"3":{"start":{"line":7,"column":1},"end":{"line":7,"column":13}}},"fnMap":{"0":{"name":"decodeDate","decl":{"start":{"line":3,"column":16},"end":{"line":3,"column":26}},"loc":{"start":{"line":3,"column":57},"end":{"line":8,"column":1}},"line":3}},"branchMap":{},"s":{"0":1,"1":1,"2":1,"3":1},"f":{"0":1},"b":{},"_coverageSchema":"1a1c01bbd47fc00a2c39e90264f33305004495a9","hash":"d57e0e9ed963948ed4a10e544fe502d9c253cfbf"}
,"/Users/superman/Documents/Work/My/xobj/packages/core/src/decoders/function.ts": {"path":"/Users/superman/Documents/Work/My/xobj/packages/core/src/decoders/function.ts","statementMap":{"0":{"start":{"line":4,"column":27},"end":{"line":4,"column":34}},"1":{"start":{"line":5,"column":12},"end":{"line":5,"column":31}},"2":{"start":{"line":6,"column":1},"end":{"line":8,"column":2}},"3":{"start":{"line":7,"column":2},"end":{"line":7,"column":28}},"4":{"start":{"line":10,"column":14},"end":{"line":10,"column":31}},"5":{"start":{"line":11,"column":1},"end":{"line":11,"column":18}},"6":{"start":{"line":12,"column":1},"end":{"line":12,"column":13}}},"fnMap":{"0":{"name":"decodeFunction","decl":{"start":{"line":3,"column":16},"end":{"line":3,"column":30}},"loc":{"start":{"line":3,"column":65},"end":{"line":13,"column":1}},"line":3}},"branchMap":{"0":{"loc":{"start":{"line":6,"column":1},"end":{"line":8,"column":2}},"type":"if","locations":[{"start":{"line":6,"column":1},"end":{"line":8,"column":2}},{"start":{},"end":{}}],"line":6}},"s":{"0":4,"1":4,"2":4,"3":2,"4":4,"5":4,"6":4},"f":{"0":4},"b":{"0":[2,2]},"_coverageSchema":"1a1c01bbd47fc00a2c39e90264f33305004495a9","hash":"760d79814f1f607fb6a2ee8ae8ac7bb76db7f433"}
,"/Users/superman/Documents/Work/My/xobj/packages/core/src/decoders/header.ts": {"path":"/Users/superman/Documents/Work/My/xobj/packages/core/src/decoders/header.ts","statementMap":{"0":{"start":{"line":5,"column":20},"end":{"line":5,"column":27}},"1":{"start":{"line":7,"column":14},"end":{"line":7,"column":32}},"2":{"start":{"line":9,"column":1},"end":{"line":21,"column":2}},"3":{"start":{"line":11,"column":3},"end":{"line":11,"column":19}},"4":{"start":{"line":14,"column":3},"end":{"line":14,"column":19}},"5":{"start":{"line":17,"column":3},"end":{"line":17,"column":31}},"6":{"start":{"line":20,"column":3},"end":{"line":20,"column":42}},"7":{"start":{"line":25,"column":20},"end":{"line":25,"column":27}},"8":{"start":{"line":27,"column":17},"end":{"line":27,"column":37}},"9":{"start":{"line":28,"column":19},"end":{"line":28,"column":43}},"10":{"start":{"line":30,"column":1},"end":{"line":30,"column":48}}},"fnMap":{"0":{"name":"decodeFloatType","decl":{"start":{"line":4,"column":9},"end":{"line":4,"column":24}},"loc":{"start":{"line":4,"column":60},"end":{"line":22,"column":1}},"line":4},"1":{"name":"decodeHeader","decl":{"start":{"line":24,"column":16},"end":{"line":24,"column":28}},"loc":{"start":{"line":24,"column":53},"end":{"line":31,"column":1}},"line":24}},"branchMap":{"0":{"loc":{"start":{"line":9,"column":1},"end":{"line":21,"column":2}},"type":"switch","locations":[{"start":{"line":10,"column":2},"end":{"line":11,"column":19}},{"start":{"line":13,"column":2},"end":{"line":14,"column":19}},{"start":{"line":16,"column":2},"end":{"line":17,"column":31}},{"start":{"line":19,"column":2},"end":{"line":20,"column":42}}],"line":9}},"s":{"0":66,"1":66,"2":66,"3":63,"4":1,"5":1,"6":1,"7":66,"8":66,"9":66,"10":65},"f":{"0":66,"1":66},"b":{"0":[63,1,1,1]},"_coverageSchema":"1a1c01bbd47fc00a2c39e90264f33305004495a9","hash":"c1a96c695f7fe30babf6c81f77bbdd4b70cd3d3b"}
,"/Users/superman/Documents/Work/My/xobj/packages/core/src/decoders/index.ts": {"path":"/Users/superman/Documents/Work/My/xobj/packages/core/src/decoders/index.ts","statementMap":{"0":{"start":{"line":41,"column":24},"end":{"line":78,"column":2}},"1":{"start":{"line":81,"column":30},"end":{"line":81,"column":37}},"2":{"start":{"line":83,"column":25},"end":{"line":83,"column":45}},"3":{"start":{"line":85,"column":22},"end":{"line":85,"column":40}},"4":{"start":{"line":93,"column":1},"end":{"line":93,"column":30}}},"fnMap":{"0":{"name":"decodeValue","decl":{"start":{"line":80,"column":16},"end":{"line":80,"column":27}},"loc":{"start":{"line":80,"column":57},"end":{"line":94,"column":1}},"line":80}},"branchMap":{},"s":{"0":19,"1":295,"2":295,"3":295,"4":295},"f":{"0":295},"b":{},"_coverageSchema":"1a1c01bbd47fc00a2c39e90264f33305004495a9","hash":"272f5b4795f9f714f542e7e47eac12a3cec84890"}
,"/Users/superman/Documents/Work/My/xobj/packages/core/src/decoders/link.ts": {"path":"/Users/superman/Documents/Work/My/xobj/packages/core/src/decoders/link.ts","statementMap":{"0":{"start":{"line":4,"column":27},"end":{"line":4,"column":34}},"1":{"start":{"line":5,"column":15},"end":{"line":5,"column":35}},"2":{"start":{"line":6,"column":1},"end":{"line":6,"column":21}},"3":{"start":{"line":10,"column":27},"end":{"line":10,"column":34}},"4":{"start":{"line":11,"column":18},"end":{"line":11,"column":38}},"5":{"start":{"line":12,"column":19},"end":{"line":12,"column":42}},"6":{"start":{"line":13,"column":1},"end":{"line":13,"column":25}}},"fnMap":{"0":{"name":"decodeLinkIndex","decl":{"start":{"line":3,"column":16},"end":{"line":3,"column":31}},"loc":{"start":{"line":3,"column":61},"end":{"line":7,"column":1}},"line":3},"1":{"name":"decodeLinkIndexLast","decl":{"start":{"line":9,"column":16},"end":{"line":9,"column":35}},"loc":{"start":{"line":9,"column":65},"end":{"line":14,"column":1}},"line":9}},"branchMap":{},"s":{"0":4,"1":4,"2":4,"3":1,"4":1,"5":1,"6":1},"f":{"0":4,"1":1},"b":{},"_coverageSchema":"1a1c01bbd47fc00a2c39e90264f33305004495a9","hash":"a4cb28dbc673ea120fd7de0e1b28479b5fef2a21"}
,"/Users/superman/Documents/Work/My/xobj/packages/core/src/decoders/map.ts": {"path":"/Users/superman/Documents/Work/My/xobj/packages/core/src/decoders/map.ts","statementMap":{"0":{"start":{"line":5,"column":19},"end":{"line":5,"column":26}},"1":{"start":{"line":6,"column":13},"end":{"line":6,"column":22}},"2":{"start":{"line":7,"column":1},"end":{"line":7,"column":17}},"3":{"start":{"line":9,"column":24},"end":{"line":9,"column":26}},"4":{"start":{"line":10,"column":1},"end":{"line":10,"column":37}},"5":{"start":{"line":12,"column":26},"end":{"line":12,"column":28}},"6":{"start":{"line":13,"column":1},"end":{"line":13,"column":39}},"7":{"start":{"line":15,"column":1},"end":{"line":17,"column":2}},"8":{"start":{"line":15,"column":14},"end":{"line":15,"column":15}},"9":{"start":{"line":16,"column":2},"end":{"line":16,"column":36}},"10":{"start":{"line":18,"column":1},"end":{"line":18,"column":12}}},"fnMap":{"0":{"name":"decodeMap","decl":{"start":{"line":4,"column":16},"end":{"line":4,"column":25}},"loc":{"start":{"line":4,"column":65},"end":{"line":19,"column":1}},"line":4}},"branchMap":{},"s":{"0":1,"1":1,"2":1,"3":1,"4":1,"5":1,"6":1,"7":1,"8":1,"9":9,"10":1},"f":{"0":1},"b":{},"_coverageSchema":"1a1c01bbd47fc00a2c39e90264f33305004495a9","hash":"3069d6e168575106f9f26c4c1bc75f9f1ee5b72d"}
,"/Users/superman/Documents/Work/My/xobj/packages/core/src/decoders/null.ts": {"path":"/Users/superman/Documents/Work/My/xobj/packages/core/src/decoders/null.ts","statementMap":{"0":{"start":{"line":2,"column":1},"end":{"line":2,"column":13}}},"fnMap":{"0":{"name":"decodeNull","decl":{"start":{"line":1,"column":16},"end":{"line":1,"column":26}},"loc":{"start":{"line":1,"column":35},"end":{"line":3,"column":1}},"line":1}},"branchMap":{},"s":{"0":3},"f":{"0":3},"b":{},"_coverageSchema":"1a1c01bbd47fc00a2c39e90264f33305004495a9","hash":"9b96341907365d3b56d2b97eb1767392f40238fa"}
,"/Users/superman/Documents/Work/My/xobj/packages/core/src/decoders/number.ts": {"path":"/Users/superman/Documents/Work/My/xobj/packages/core/src/decoders/number.ts","statementMap":{"0":{"start":{"line":4,"column":1},"end":{"line":4,"column":12}},"1":{"start":{"line":8,"column":1},"end":{"line":8,"column":33}},"2":{"start":{"line":12,"column":1},"end":{"line":12,"column":33}},"3":{"start":{"line":16,"column":28},"end":{"line":16,"column":35}},"4":{"start":{"line":17,"column":13},"end":{"line":17,"column":32}},"5":{"start":{"line":18,"column":1},"end":{"line":18,"column":18}},"6":{"start":{"line":19,"column":1},"end":{"line":19,"column":12}},"7":{"start":{"line":23,"column":39},"end":{"line":23,"column":46}},"8":{"start":{"line":25,"column":13},"end":{"line":25,"column":14}},"9":{"start":{"line":27,"column":1},"end":{"line":39,"column":2}},"10":{"start":{"line":29,"column":3},"end":{"line":29,"column":32}},"11":{"start":{"line":30,"column":3},"end":{"line":30,"column":9}},"12":{"start":{"line":33,"column":3},"end":{"line":33,"column":32}},"13":{"start":{"line":34,"column":3},"end":{"line":34,"column":9}},"14":{"start":{"line":37,"column":3},"end":{"line":37,"column":44}},"15":{"start":{"line":38,"column":3},"end":{"line":38,"column":9}},"16":{"start":{"line":41,"column":1},"end":{"line":41,"column":20}},"17":{"start":{"line":42,"column":1},"end":{"line":42,"column":14}}},"fnMap":{"0":{"name":"decodeNaN","decl":{"start":{"line":3,"column":16},"end":{"line":3,"column":25}},"loc":{"start":{"line":3,"column":36},"end":{"line":5,"column":1}},"line":3},"1":{"name":"decodePositiveInfinity","decl":{"start":{"line":7,"column":16},"end":{"line":7,"column":38}},"loc":{"start":{"line":7,"column":49},"end":{"line":9,"column":1}},"line":7},"2":{"name":"decodeNegativeInfinity","decl":{"start":{"line":11,"column":16},"end":{"line":11,"column":38}},"loc":{"start":{"line":11,"column":49},"end":{"line":13,"column":1}},"line":11},"3":{"name":"decodeInt","decl":{"start":{"line":15,"column":16},"end":{"line":15,"column":25}},"loc":{"start":{"line":15,"column":58},"end":{"line":20,"column":1}},"line":15},"4":{"name":"decodeFloat","decl":{"start":{"line":22,"column":16},"end":{"line":22,"column":27}},"loc":{"start":{"line":22,"column":60},"end":{"line":43,"column":1}},"line":22}},"branchMap":{"0":{"loc":{"start":{"line":27,"column":1},"end":{"line":39,"column":2}},"type":"switch","locations":[{"start":{"line":28,"column":2},"end":{"line":30,"column":9}},{"start":{"line":32,"column":2},"end":{"line":34,"column":9}},{"start":{"line":36,"column":2},"end":{"line":38,"column":9}}],"line":27}},"s":{"0":1,"1":1,"2":1,"3":114,"4":114,"5":114,"6":114,"7":25,"8":25,"9":25,"10":23,"11":23,"12":1,"13":1,"14":1,"15":1,"16":25,"17":25},"f":{"0":1,"1":1,"2":1,"3":114,"4":25},"b":{"0":[23,1,1]},"_coverageSchema":"1a1c01bbd47fc00a2c39e90264f33305004495a9","hash":"e5324db5216bebfb15d8012f75d15889088c0051"}
,"/Users/superman/Documents/Work/My/xobj/packages/core/src/decoders/object.ts": {"path":"/Users/superman/Documents/Work/My/xobj/packages/core/src/decoders/object.ts","statementMap":{"0":{"start":{"line":6,"column":27},"end":{"line":6,"column":34}},"1":{"start":{"line":7,"column":20},"end":{"line":7,"column":22}},"2":{"start":{"line":8,"column":1},"end":{"line":8,"column":19}},"3":{"start":{"line":9,"column":1},"end":{"line":13,"column":2}},"4":{"start":{"line":10,"column":2},"end":{"line":10,"column":20}},"5":{"start":{"line":11,"column":14},"end":{"line":11,"column":34}},"6":{"start":{"line":12,"column":2},"end":{"line":12,"column":36}},"7":{"start":{"line":14,"column":1},"end":{"line":14,"column":14}}},"fnMap":{"0":{"name":"decodeObject","decl":{"start":{"line":5,"column":16},"end":{"line":5,"column":28}},"loc":{"start":{"line":5,"column":58},"end":{"line":15,"column":1}},"line":5}},"branchMap":{},"s":{"0":40,"1":40,"2":40,"3":40,"4":106,"5":106,"6":106,"7":40},"f":{"0":40},"b":{},"_coverageSchema":"1a1c01bbd47fc00a2c39e90264f33305004495a9","hash":"7fb32d5f6a2fc1326d4afd3a493a2a0c896a43b4"}
,"/Users/superman/Documents/Work/My/xobj/packages/core/src/decoders/regexp.ts": {"path":"/Users/superman/Documents/Work/My/xobj/packages/core/src/decoders/regexp.ts","statementMap":{"0":{"start":{"line":3,"column":14},"end":{"line":3,"column":34}},"1":{"start":{"line":6,"column":27},"end":{"line":6,"column":34}},"2":{"start":{"line":7,"column":17},"end":{"line":7,"column":36}},"3":{"start":{"line":8,"column":15},"end":{"line":8,"column":34}},"4":{"start":{"line":9,"column":21},"end":{"line":9,"column":76}},"5":{"start":{"line":9,"column":45},"end":{"line":9,"column":65}},"6":{"start":{"line":10,"column":16},"end":{"line":10,"column":48}},"7":{"start":{"line":11,"column":1},"end":{"line":11,"column":20}},"8":{"start":{"line":12,"column":1},"end":{"line":12,"column":15}}},"fnMap":{"0":{"name":"decodeRegExp","decl":{"start":{"line":5,"column":16},"end":{"line":5,"column":28}},"loc":{"start":{"line":5,"column":61},"end":{"line":13,"column":1}},"line":5},"1":{"name":"(anonymous_1)","decl":{"start":{"line":9,"column":31},"end":{"line":9,"column":32}},"loc":{"start":{"line":9,"column":45},"end":{"line":9,"column":65}},"line":9}},"branchMap":{"0":{"loc":{"start":{"line":9,"column":45},"end":{"line":9,"column":65}},"type":"cond-expr","locations":[{"start":{"line":9,"column":52},"end":{"line":9,"column":60}},{"start":{"line":9,"column":63},"end":{"line":9,"column":65}}],"line":9}},"s":{"0":19,"1":1,"2":1,"3":1,"4":1,"5":4,"6":1,"7":1,"8":1},"f":{"0":1,"1":4},"b":{"0":[2,2]},"_coverageSchema":"1a1c01bbd47fc00a2c39e90264f33305004495a9","hash":"9f3475a21be67e2be0175606184461c77be5dce0"}
,"/Users/superman/Documents/Work/My/xobj/packages/core/src/decoders/set.ts": {"path":"/Users/superman/Documents/Work/My/xobj/packages/core/src/decoders/set.ts","statementMap":{"0":{"start":{"line":5,"column":19},"end":{"line":5,"column":26}},"1":{"start":{"line":6,"column":13},"end":{"line":6,"column":22}},"2":{"start":{"line":7,"column":1},"end":{"line":7,"column":17}},"3":{"start":{"line":9,"column":22},"end":{"line":9,"column":24}},"4":{"start":{"line":10,"column":1},"end":{"line":10,"column":35}},"5":{"start":{"line":12,"column":1},"end":{"line":14,"column":2}},"6":{"start":{"line":13,"column":2},"end":{"line":13,"column":16}},"7":{"start":{"line":15,"column":1},"end":{"line":15,"column":12}}},"fnMap":{"0":{"name":"decodeSet","decl":{"start":{"line":4,"column":16},"end":{"line":4,"column":25}},"loc":{"start":{"line":4,"column":60},"end":{"line":16,"column":1}},"line":4}},"branchMap":{},"s":{"0":1,"1":1,"2":1,"3":1,"4":1,"5":1,"6":8,"7":1},"f":{"0":1},"b":{},"_coverageSchema":"1a1c01bbd47fc00a2c39e90264f33305004495a9","hash":"c7f3a8e75ac2a7e1694a8c14a131ff1a377fb6ad"}
,"/Users/superman/Documents/Work/My/xobj/packages/core/src/decoders/string.ts": {"path":"/Users/superman/Documents/Work/My/xobj/packages/core/src/decoders/string.ts","statementMap":{"0":{"start":{"line":4,"column":28},"end":{"line":4,"column":35}},"1":{"start":{"line":5,"column":16},"end":{"line":5,"column":35}},"2":{"start":{"line":6,"column":1},"end":{"line":6,"column":21}},"3":{"start":{"line":7,"column":1},"end":{"line":7,"column":15}}},"fnMap":{"0":{"name":"decodeString","decl":{"start":{"line":3,"column":16},"end":{"line":3,"column":28}},"loc":{"start":{"line":3,"column":61},"end":{"line":8,"column":1}},"line":3}},"branchMap":{},"s":{"0":81,"1":81,"2":81,"3":81},"f":{"0":81},"b":{},"_coverageSchema":"1a1c01bbd47fc00a2c39e90264f33305004495a9","hash":"c9f1a32b7993e9803385247e45aa454f96231e33"}
,"/Users/superman/Documents/Work/My/xobj/packages/core/src/decoders/symbol.ts": {"path":"/Users/superman/Documents/Work/My/xobj/packages/core/src/decoders/symbol.ts","statementMap":{"0":{"start":{"line":4,"column":19},"end":{"line":4,"column":26}},"1":{"start":{"line":6,"column":16},"end":{"line":6,"column":24}},"2":{"start":{"line":7,"column":1},"end":{"line":7,"column":20}},"3":{"start":{"line":8,"column":1},"end":{"line":8,"column":15}}},"fnMap":{"0":{"name":"decodeSymbol","decl":{"start":{"line":3,"column":16},"end":{"line":3,"column":28}},"loc":{"start":{"line":3,"column":61},"end":{"line":9,"column":1}},"line":3}},"branchMap":{},"s":{"0":2,"1":2,"2":2,"3":2},"f":{"0":2},"b":{},"_coverageSchema":"1a1c01bbd47fc00a2c39e90264f33305004495a9","hash":"a801a6264f6846c1538182d8c8c0262a84b4392f"}
,"/Users/superman/Documents/Work/My/xobj/packages/core/src/decoders/typed-array.ts": {"path":"/Users/superman/Documents/Work/My/xobj/packages/core/src/decoders/typed-array.ts","statementMap":{"0":{"start":{"line":4,"column":27},"end":{"line":4,"column":34}},"1":{"start":{"line":5,"column":15},"end":{"line":5,"column":57}},"2":{"start":{"line":6,"column":1},"end":{"line":6,"column":19}},"3":{"start":{"line":7,"column":1},"end":{"line":7,"column":14}},"4":{"start":{"line":11,"column":27},"end":{"line":11,"column":34}},"5":{"start":{"line":12,"column":15},"end":{"line":12,"column":50}},"6":{"start":{"line":13,"column":1},"end":{"line":13,"column":19}},"7":{"start":{"line":14,"column":1},"end":{"line":14,"column":14}},"8":{"start":{"line":18,"column":27},"end":{"line":18,"column":34}},"9":{"start":{"line":19,"column":15},"end":{"line":19,"column":51}},"10":{"start":{"line":20,"column":1},"end":{"line":20,"column":19}},"11":{"start":{"line":21,"column":1},"end":{"line":21,"column":14}},"12":{"start":{"line":25,"column":27},"end":{"line":25,"column":34}},"13":{"start":{"line":26,"column":15},"end":{"line":26,"column":51}},"14":{"start":{"line":27,"column":1},"end":{"line":27,"column":19}},"15":{"start":{"line":28,"column":1},"end":{"line":28,"column":14}},"16":{"start":{"line":32,"column":27},"end":{"line":32,"column":34}},"17":{"start":{"line":33,"column":15},"end":{"line":33,"column":49}},"18":{"start":{"line":34,"column":1},"end":{"line":34,"column":19}},"19":{"start":{"line":35,"column":1},"end":{"line":35,"column":14}},"20":{"start":{"line":39,"column":27},"end":{"line":39,"column":34}},"21":{"start":{"line":40,"column":15},"end":{"line":40,"column":50}},"22":{"start":{"line":41,"column":1},"end":{"line":41,"column":19}},"23":{"start":{"line":42,"column":1},"end":{"line":42,"column":14}},"24":{"start":{"line":46,"column":27},"end":{"line":46,"column":34}},"25":{"start":{"line":47,"column":15},"end":{"line":47,"column":50}},"26":{"start":{"line":48,"column":1},"end":{"line":48,"column":19}},"27":{"start":{"line":49,"column":1},"end":{"line":49,"column":14}},"28":{"start":{"line":53,"column":27},"end":{"line":53,"column":34}},"29":{"start":{"line":54,"column":15},"end":{"line":54,"column":52}},"30":{"start":{"line":55,"column":1},"end":{"line":55,"column":19}},"31":{"start":{"line":56,"column":1},"end":{"line":56,"column":14}},"32":{"start":{"line":60,"column":27},"end":{"line":60,"column":34}},"33":{"start":{"line":61,"column":15},"end":{"line":61,"column":52}},"34":{"start":{"line":62,"column":1},"end":{"line":62,"column":19}},"35":{"start":{"line":63,"column":1},"end":{"line":63,"column":14}},"36":{"start":{"line":67,"column":27},"end":{"line":67,"column":34}},"37":{"start":{"line":68,"column":15},"end":{"line":68,"column":48}},"38":{"start":{"line":69,"column":1},"end":{"line":69,"column":19}},"39":{"start":{"line":70,"column":1},"end":{"line":70,"column":14}}},"fnMap":{"0":{"name":"decodeUint8ClampedArray","decl":{"start":{"line":3,"column":16},"end":{"line":3,"column":39}},"loc":{"start":{"line":3,"column":83},"end":{"line":8,"column":1}},"line":3},"1":{"name":"decodeUint8Array","decl":{"start":{"line":10,"column":16},"end":{"line":10,"column":32}},"loc":{"start":{"line":10,"column":69},"end":{"line":15,"column":1}},"line":10},"2":{"name":"decodeUint16Array","decl":{"start":{"line":17,"column":16},"end":{"line":17,"column":33}},"loc":{"start":{"line":17,"column":71},"end":{"line":22,"column":1}},"line":17},"3":{"name":"decodeUint32Array","decl":{"start":{"line":24,"column":16},"end":{"line":24,"column":33}},"loc":{"start":{"line":24,"column":71},"end":{"line":29,"column":1}},"line":24},"4":{"name":"decodeInt8Array","decl":{"start":{"line":31,"column":16},"end":{"line":31,"column":31}},"loc":{"start":{"line":31,"column":67},"end":{"line":36,"column":1}},"line":31},"5":{"name":"decodeInt16Array","decl":{"start":{"line":38,"column":16},"end":{"line":38,"column":32}},"loc":{"start":{"line":38,"column":69},"end":{"line":43,"column":1}},"line":38},"6":{"name":"decodeInt32Array","decl":{"start":{"line":45,"column":16},"end":{"line":45,"column":32}},"loc":{"start":{"line":45,"column":69},"end":{"line":50,"column":1}},"line":45},"7":{"name":"decodeFloat32Array","decl":{"start":{"line":52,"column":16},"end":{"line":52,"column":34}},"loc":{"start":{"line":52,"column":73},"end":{"line":57,"column":1}},"line":52},"8":{"name":"decodeFloat64Array","decl":{"start":{"line":59,"column":16},"end":{"line":59,"column":34}},"loc":{"start":{"line":59,"column":73},"end":{"line":64,"column":1}},"line":59},"9":{"name":"decodeDataView","decl":{"start":{"line":66,"column":16},"end":{"line":66,"column":30}},"loc":{"start":{"line":66,"column":65},"end":{"line":71,"column":1}},"line":66}},"branchMap":{},"s":{"0":1,"1":1,"2":1,"3":1,"4":1,"5":1,"6":1,"7":1,"8":1,"9":1,"10":1,"11":1,"12":1,"13":1,"14":1,"15":1,"16":1,"17":1,"18":1,"19":1,"20":1,"21":1,"22":1,"23":1,"24":1,"25":1,"26":1,"27":1,"28":1,"29":1,"30":1,"31":1,"32":1,"33":1,"34":1,"35":1,"36":1,"37":1,"38":1,"39":1},"f":{"0":1,"1":1,"2":1,"3":1,"4":1,"5":1,"6":1,"7":1,"8":1,"9":1},"b":{},"_coverageSchema":"1a1c01bbd47fc00a2c39e90264f33305004495a9","hash":"27eca512ff2327b576c8dbc629c64a8146d8445f"}
,"/Users/superman/Documents/Work/My/xobj/packages/core/src/decoders/undefined.ts": {"path":"/Users/superman/Documents/Work/My/xobj/packages/core/src/decoders/undefined.ts","statementMap":{"0":{"start":{"line":2,"column":1},"end":{"line":2,"column":18}}},"fnMap":{"0":{"name":"decodeUndefined","decl":{"start":{"line":1,"column":16},"end":{"line":1,"column":31}},"loc":{"start":{"line":1,"column":45},"end":{"line":3,"column":1}},"line":1}},"branchMap":{},"s":{"0":3},"f":{"0":3},"b":{},"_coverageSchema":"1a1c01bbd47fc00a2c39e90264f33305004495a9","hash":"86cb108b5933d30252ea7dc012a1e9b9d3ad8ea4"}
,"/Users/superman/Documents/Work/My/xobj/packages/core/src/decoders/value.ts": {"path":"/Users/superman/Documents/Work/My/xobj/packages/core/src/decoders/value.ts","statementMap":{"0":{"start":{"line":4,"column":28},"end":{"line":4,"column":35}},"1":{"start":{"line":5,"column":15},"end":{"line":5,"column":35}},"2":{"start":{"line":6,"column":1},"end":{"line":6,"column":22}},"3":{"start":{"line":10,"column":28},"end":{"line":10,"column":35}},"4":{"start":{"line":11,"column":18},"end":{"line":11,"column":38}},"5":{"start":{"line":12,"column":19},"end":{"line":12,"column":43}},"6":{"start":{"line":13,"column":1},"end":{"line":13,"column":26}}},"fnMap":{"0":{"name":"decodeValueIndex","decl":{"start":{"line":3,"column":16},"end":{"line":3,"column":32}},"loc":{"start":{"line":3,"column":62},"end":{"line":7,"column":1}},"line":3},"1":{"name":"decodeValueIndexLast","decl":{"start":{"line":9,"column":16},"end":{"line":9,"column":36}},"loc":{"start":{"line":9,"column":66},"end":{"line":14,"column":1}},"line":9}},"branchMap":{},"s":{"0":69,"1":69,"2":69,"3":22,"4":22,"5":22,"6":22},"f":{"0":69,"1":22},"b":{},"_coverageSchema":"1a1c01bbd47fc00a2c39e90264f33305004495a9","hash":"0ff08d10ca7bd98107286beb49291f5290583c32"}
,"/Users/superman/Documents/Work/My/xobj/packages/core/src/detectors/array-buffer.ts": {"path":"/Users/superman/Documents/Work/My/xobj/packages/core/src/detectors/array-buffer.ts","statementMap":{"0":{"start":{"line":4,"column":1},"end":{"line":6,"column":2}},"1":{"start":{"line":5,"column":2},"end":{"line":5,"column":32}},"2":{"start":{"line":7,"column":1},"end":{"line":7,"column":26}}},"fnMap":{"0":{"name":"detectArrayBuffer","decl":{"start":{"line":3,"column":16},"end":{"line":3,"column":33}},"loc":{"start":{"line":3,"column":57},"end":{"line":8,"column":1}},"line":3}},"branchMap":{"0":{"loc":{"start":{"line":4,"column":1},"end":{"line":6,"column":2}},"type":"if","locations":[{"start":{"line":4,"column":1},"end":{"line":6,"column":2}},{"start":{},"end":{}}],"line":4}},"s":{"0":64,"1":1,"2":63},"f":{"0":64},"b":{"0":[1,63]},"_coverageSchema":"1a1c01bbd47fc00a2c39e90264f33305004495a9","hash":"ac3d22741cb1f91c23a0c804b5ec57a919a3a6a3"}
,"/Users/superman/Documents/Work/My/xobj/packages/core/src/detectors/array.ts": {"path":"/Users/superman/Documents/Work/My/xobj/packages/core/src/detectors/array.ts","statementMap":{"0":{"start":{"line":4,"column":1},"end":{"line":6,"column":2}},"1":{"start":{"line":5,"column":2},"end":{"line":5,"column":25}},"2":{"start":{"line":7,"column":1},"end":{"line":7,"column":26}}},"fnMap":{"0":{"name":"detectArray","decl":{"start":{"line":3,"column":16},"end":{"line":3,"column":27}},"loc":{"start":{"line":3,"column":51},"end":{"line":8,"column":1}},"line":3}},"branchMap":{"0":{"loc":{"start":{"line":4,"column":1},"end":{"line":6,"column":2}},"type":"if","locations":[{"start":{"line":4,"column":1},"end":{"line":6,"column":2}},{"start":{},"end":{}}],"line":4}},"s":{"0":93,"1":29,"2":64},"f":{"0":93},"b":{"0":[29,64]},"_coverageSchema":"1a1c01bbd47fc00a2c39e90264f33305004495a9","hash":"71e6b798f9e6c7d8afcb6c7f4f085f8e0dad248e"}
,"/Users/superman/Documents/Work/My/xobj/packages/core/src/detectors/bigint.ts": {"path":"/Users/superman/Documents/Work/My/xobj/packages/core/src/detectors/bigint.ts","statementMap":{"0":{"start":{"line":4,"column":1},"end":{"line":6,"column":2}},"1":{"start":{"line":5,"column":2},"end":{"line":5,"column":26}},"2":{"start":{"line":7,"column":1},"end":{"line":7,"column":26}}},"fnMap":{"0":{"name":"detectBigint","decl":{"start":{"line":3,"column":16},"end":{"line":3,"column":28}},"loc":{"start":{"line":3,"column":52},"end":{"line":8,"column":1}},"line":3}},"branchMap":{"0":{"loc":{"start":{"line":4,"column":1},"end":{"line":6,"column":2}},"type":"if","locations":[{"start":{"line":4,"column":1},"end":{"line":6,"column":2}},{"start":{},"end":{}}],"line":4}},"s":{"0":198,"1":7,"2":191},"f":{"0":198},"b":{"0":[7,191]},"_coverageSchema":"1a1c01bbd47fc00a2c39e90264f33305004495a9","hash":"77c5c01b4953ec71720fcf37fdd54e0d22e4f692"}
,"/Users/superman/Documents/Work/My/xobj/packages/core/src/detectors/boolean.ts": {"path":"/Users/superman/Documents/Work/My/xobj/packages/core/src/detectors/boolean.ts","statementMap":{"0":{"start":{"line":4,"column":1},"end":{"line":6,"column":2}},"1":{"start":{"line":5,"column":2},"end":{"line":5,"column":24}},"2":{"start":{"line":7,"column":1},"end":{"line":9,"column":2}},"3":{"start":{"line":8,"column":2},"end":{"line":8,"column":25}},"4":{"start":{"line":10,"column":1},"end":{"line":10,"column":26}}},"fnMap":{"0":{"name":"detectBoolean","decl":{"start":{"line":3,"column":16},"end":{"line":3,"column":29}},"loc":{"start":{"line":3,"column":53},"end":{"line":11,"column":1}},"line":3}},"branchMap":{"0":{"loc":{"start":{"line":4,"column":1},"end":{"line":6,"column":2}},"type":"if","locations":[{"start":{"line":4,"column":1},"end":{"line":6,"column":2}},{"start":{},"end":{}}],"line":4},"1":{"loc":{"start":{"line":7,"column":1},"end":{"line":9,"column":2}},"type":"if","locations":[{"start":{"line":7,"column":1},"end":{"line":9,"column":2}},{"start":{},"end":{}}],"line":7}},"s":{"0":403,"1":24,"2":379,"3":15,"4":364},"f":{"0":403},"b":{"0":[24,379],"1":[15,364]},"_coverageSchema":"1a1c01bbd47fc00a2c39e90264f33305004495a9","hash":"618d1f55fa1c855feb3913fcebdade3542c08485"}
,"/Users/superman/Documents/Work/My/xobj/packages/core/src/detectors/date.ts": {"path":"/Users/superman/Documents/Work/My/xobj/packages/core/src/detectors/date.ts","statementMap":{"0":{"start":{"line":4,"column":1},"end":{"line":6,"column":2}},"1":{"start":{"line":5,"column":2},"end":{"line":5,"column":24}},"2":{"start":{"line":7,"column":1},"end":{"line":7,"column":26}}},"fnMap":{"0":{"name":"detectDate","decl":{"start":{"line":3,"column":16},"end":{"line":3,"column":26}},"loc":{"start":{"line":3,"column":50},"end":{"line":8,"column":1}},"line":3}},"branchMap":{"0":{"loc":{"start":{"line":4,"column":1},"end":{"line":6,"column":2}},"type":"if","locations":[{"start":{"line":4,"column":1},"end":{"line":6,"column":2}},{"start":{},"end":{}}],"line":4}},"s":{"0":51,"1":1,"2":50},"f":{"0":51},"b":{"0":[1,50]},"_coverageSchema":"1a1c01bbd47fc00a2c39e90264f33305004495a9","hash":"2d9043d941cb620502f049aee452f019c88a49a4"}
,"/Users/superman/Documents/Work/My/xobj/packages/core/src/detectors/function.ts": {"path":"/Users/superman/Documents/Work/My/xobj/packages/core/src/detectors/function.ts","statementMap":{"0":{"start":{"line":4,"column":1},"end":{"line":6,"column":2}},"1":{"start":{"line":5,"column":2},"end":{"line":5,"column":28}},"2":{"start":{"line":7,"column":1},"end":{"line":7,"column":26}}},"fnMap":{"0":{"name":"detectFunction","decl":{"start":{"line":3,"column":16},"end":{"line":3,"column":30}},"loc":{"start":{"line":3,"column":54},"end":{"line":8,"column":1}},"line":3}},"branchMap":{"0":{"loc":{"start":{"line":4,"column":1},"end":{"line":6,"column":2}},"type":"if","locations":[{"start":{"line":4,"column":1},"end":{"line":6,"column":2}},{"start":{},"end":{}}],"line":4}},"s":{"0":97,"1":4,"2":93},"f":{"0":97},"b":{"0":[4,93]},"_coverageSchema":"1a1c01bbd47fc00a2c39e90264f33305004495a9","hash":"97c6d4d6ab0303c7976c2e65abdeeba76a1cde04"}
,"/Users/superman/Documents/Work/My/xobj/packages/core/src/detectors/index.ts": {"path":"/Users/superman/Documents/Work/My/xobj/packages/core/src/detectors/index.ts","statementMap":{"0":{"start":{"line":24,"column":25},"end":{"line":43,"column":1}},"1":{"start":{"line":46,"column":1},"end":{"line":51,"column":2}},"2":{"start":{"line":47,"column":15},"end":{"line":47,"column":43}},"3":{"start":{"line":48,"column":2},"end":{"line":50,"column":3}},"4":{"start":{"line":49,"column":3},"end":{"line":49,"column":15}}},"fnMap":{"0":{"name":"detectValue","decl":{"start":{"line":45,"column":16},"end":{"line":45,"column":27}},"loc":{"start":{"line":45,"column":75},"end":{"line":54,"column":1}},"line":45}},"branchMap":{"0":{"loc":{"start":{"line":48,"column":2},"end":{"line":50,"column":3}},"type":"if","locations":[{"start":{"line":48,"column":2},"end":{"line":50,"column":3}},{"start":{},"end":{}}],"line":48}},"s":{"0":19,"1":1521,"2":6556,"3":6556,"4":1521},"f":{"0":1521},"b":{"0":[1521,5035]},"_coverageSchema":"1a1c01bbd47fc00a2c39e90264f33305004495a9","hash":"233d725ad171b3003f0fa3d3d6b2ea5c34a92217"}
,"/Users/superman/Documents/Work/My/xobj/packages/core/src/detectors/link.ts": {"path":"/Users/superman/Documents/Work/My/xobj/packages/core/src/detectors/link.ts","statementMap":{"0":{"start":{"line":5,"column":19},"end":{"line":5,"column":26}},"1":{"start":{"line":6,"column":15},"end":{"line":6,"column":35}},"2":{"start":{"line":7,"column":19},"end":{"line":7,"column":43}},"3":{"start":{"line":8,"column":1},"end":{"line":14,"column":2}},"4":{"start":{"line":9,"column":19},"end":{"line":9,"column":43}},"5":{"start":{"line":10,"column":2},"end":{"line":12,"column":3}},"6":{"start":{"line":11,"column":3},"end":{"line":11,"column":36}},"7":{"start":{"line":13,"column":2},"end":{"line":13,"column":30}},"8":{"start":{"line":15,"column":1},"end":{"line":15,"column":26}}},"fnMap":{"0":{"name":"detectLinkIndex","decl":{"start":{"line":4,"column":16},"end":{"line":4,"column":31}},"loc":{"start":{"line":4,"column":79},"end":{"line":16,"column":1}},"line":4}},"branchMap":{"0":{"loc":{"start":{"line":8,"column":1},"end":{"line":14,"column":2}},"type":"if","locations":[{"start":{"line":8,"column":1},"end":{"line":14,"column":2}},{"start":{},"end":{}}],"line":8},"1":{"loc":{"start":{"line":10,"column":2},"end":{"line":12,"column":3}},"type":"if","locations":[{"start":{"line":10,"column":2},"end":{"line":12,"column":3}},{"start":{},"end":{}}],"line":10}},"s":{"0":1421,"1":1421,"2":1421,"3":1421,"4":6,"5":6,"6":1,"7":5,"8":1415},"f":{"0":1421},"b":{"0":[6,1415],"1":[1,5]},"_coverageSchema":"1a1c01bbd47fc00a2c39e90264f33305004495a9","hash":"5a3a233f24a656b6525441ae9cdb6ba398a92e19"}
,"/Users/superman/Documents/Work/My/xobj/packages/core/src/detectors/map.ts": {"path":"/Users/superman/Documents/Work/My/xobj/packages/core/src/detectors/map.ts","statementMap":{"0":{"start":{"line":4,"column":1},"end":{"line":6,"column":2}},"1":{"start":{"line":5,"column":2},"end":{"line":5,"column":23}},"2":{"start":{"line":7,"column":1},"end":{"line":7,"column":26}}},"fnMap":{"0":{"name":"detectMap","decl":{"start":{"line":3,"column":16},"end":{"line":3,"column":25}},"loc":{"start":{"line":3,"column":49},"end":{"line":8,"column":1}},"line":3}},"branchMap":{"0":{"loc":{"start":{"line":4,"column":1},"end":{"line":6,"column":2}},"type":"if","locations":[{"start":{"line":4,"column":1},"end":{"line":6,"column":2}},{"start":{},"end":{}}],"line":4}},"s":{"0":53,"1":1,"2":52},"f":{"0":53},"b":{"0":[1,52]},"_coverageSchema":"1a1c01bbd47fc00a2c39e90264f33305004495a9","hash":"8c7c9e4a8742b34e82a644e64d9d7adc09554ab0"}
,"/Users/superman/Documents/Work/My/xobj/packages/core/src/detectors/null.ts": {"path":"/Users/superman/Documents/Work/My/xobj/packages/core/src/detectors/null.ts","statementMap":{"0":{"start":{"line":4,"column":1},"end":{"line":6,"column":2}},"1":{"start":{"line":5,"column":2},"end":{"line":5,"column":24}},"2":{"start":{"line":7,"column":1},"end":{"line":7,"column":26}}},"fnMap":{"0":{"name":"detectNull","decl":{"start":{"line":3,"column":16},"end":{"line":3,"column":26}},"loc":{"start":{"line":3,"column":50},"end":{"line":8,"column":1}},"line":3}},"branchMap":{"0":{"loc":{"start":{"line":4,"column":1},"end":{"line":6,"column":2}},"type":"if","locations":[{"start":{"line":4,"column":1},"end":{"line":6,"column":2}},{"start":{},"end":{}}],"line":4}},"s":{"0":410,"1":7,"2":403},"f":{"0":410},"b":{"0":[7,403]},"_coverageSchema":"1a1c01bbd47fc00a2c39e90264f33305004495a9","hash":"46cedbdeb6455c31271e07f228196db55c22845c"}
,"/Users/superman/Documents/Work/My/xobj/packages/core/src/detectors/number.ts": {"path":"/Users/superman/Documents/Work/My/xobj/packages/core/src/detectors/number.ts","statementMap":{"0":{"start":{"line":4,"column":1},"end":{"line":22,"column":2}},"1":{"start":{"line":5,"column":2},"end":{"line":7,"column":3}},"2":{"start":{"line":6,"column":3},"end":{"line":6,"column":38}},"3":{"start":{"line":9,"column":2},"end":{"line":11,"column":3}},"4":{"start":{"line":10,"column":3},"end":{"line":10,"column":38}},"5":{"start":{"line":13,"column":2},"end":{"line":15,"column":3}},"6":{"start":{"line":14,"column":3},"end":{"line":14,"column":24}},"7":{"start":{"line":17,"column":2},"end":{"line":19,"column":3}},"8":{"start":{"line":18,"column":3},"end":{"line":18,"column":24}},"9":{"start":{"line":21,"column":2},"end":{"line":21,"column":25}},"10":{"start":{"line":24,"column":1},"end":{"line":24,"column":26}}},"fnMap":{"0":{"name":"detectNumber","decl":{"start":{"line":3,"column":16},"end":{"line":3,"column":28}},"loc":{"start":{"line":3,"column":52},"end":{"line":25,"column":1}},"line":3}},"branchMap":{"0":{"loc":{"start":{"line":4,"column":1},"end":{"line":22,"column":2}},"type":"if","locations":[{"start":{"line":4,"column":1},"end":{"line":22,"column":2}},{"start":{},"end":{}}],"line":4},"1":{"loc":{"start":{"line":5,"column":2},"end":{"line":7,"column":3}},"type":"if","locations":[{"start":{"line":5,"column":2},"end":{"line":7,"column":3}},{"start":{},"end":{}}],"line":5},"2":{"loc":{"start":{"line":9,"column":2},"end":{"line":11,"column":3}},"type":"if","locations":[{"start":{"line":9,"column":2},"end":{"line":11,"column":3}},{"start":{},"end":{}}],"line":9},"3":{"loc":{"start":{"line":13,"column":2},"end":{"line":15,"column":3}},"type":"if","locations":[{"start":{"line":13,"column":2},"end":{"line":15,"column":3}},{"start":{},"end":{}}],"line":13},"4":{"loc":{"start":{"line":17,"column":2},"end":{"line":19,"column":3}},"type":"if","locations":[{"start":{"line":17,"column":2},"end":{"line":19,"column":3}},{"start":{},"end":{}}],"line":17}},"s":{"0":364,"1":166,"2":1,"3":165,"4":1,"5":164,"6":1,"7":163,"8":128,"9":35,"10":198},"f":{"0":364},"b":{"0":[166,198],"1":[1,165],"2":[1,164],"3":[1,163],"4":[128,35]},"_coverageSchema":"1a1c01bbd47fc00a2c39e90264f33305004495a9","hash":"385dfd38ebcf4d0851b6b287c0c059d706ad67e9"}
,"/Users/superman/Documents/Work/My/xobj/packages/core/src/detectors/object.ts": {"path":"/Users/superman/Documents/Work/My/xobj/packages/core/src/detectors/object.ts","statementMap":{},"fnMap":{"0":{"name":"detectObject","decl":{"start":{"line":3,"column":16},"end":{"line":3,"column":28}},"loc":{"start":{"line":3,"column":52},"end":{"line":10,"column":1}},"line":3}},"branchMap":{},"s":{},"f":{"0":47},"b":{},"_coverageSchema":"1a1c01bbd47fc00a2c39e90264f33305004495a9","hash":"a349ab3a76ea545d6742aab80ba7ba0b74b4393a"}
,"/Users/superman/Documents/Work/My/xobj/packages/core/src/detectors/regexp.ts": {"path":"/Users/superman/Documents/Work/My/xobj/packages/core/src/detectors/regexp.ts","statementMap":{"0":{"start":{"line":4,"column":1},"end":{"line":6,"column":2}},"1":{"start":{"line":5,"column":2},"end":{"line":5,"column":27}},"2":{"start":{"line":7,"column":1},"end":{"line":7,"column":26}}},"fnMap":{"0":{"name":"detectRegExp","decl":{"start":{"line":3,"column":16},"end":{"line":3,"column":28}},"loc":{"start":{"line":3,"column":52},"end":{"line":8,"column":1}},"line":3}},"branchMap":{"0":{"loc":{"start":{"line":4,"column":1},"end":{"line":6,"column":2}},"type":"if","locations":[{"start":{"line":4,"column":1},"end":{"line":6,"column":2}},{"start":{},"end":{}}],"line":4}},"s":{"0":50,"1":1,"2":49},"f":{"0":50},"b":{"0":[1,49]},"_coverageSchema":"1a1c01bbd47fc00a2c39e90264f33305004495a9","hash":"8ef0cac8bc5c1844106ad52ab550d3166fbe28c4"}
,"/Users/superman/Documents/Work/My/xobj/packages/core/src/detectors/set.ts": {"path":"/Users/superman/Documents/Work/My/xobj/packages/core/src/detectors/set.ts","statementMap":{"0":{"start":{"line":4,"column":1},"end":{"line":6,"column":2}},"1":{"start":{"line":5,"column":2},"end":{"line":5,"column":23}},"2":{"start":{"line":7,"column":1},"end":{"line":7,"column":26}}},"fnMap":{"0":{"name":"detectSet","decl":{"start":{"line":3,"column":16},"end":{"line":3,"column":25}},"loc":{"start":{"line":3,"column":49},"end":{"line":8,"column":1}},"line":3}},"branchMap":{"0":{"loc":{"start":{"line":4,"column":1},"end":{"line":6,"column":2}},"type":"if","locations":[{"start":{"line":4,"column":1},"end":{"line":6,"column":2}},{"start":{},"end":{}}],"line":4}},"s":{"0":52,"1":1,"2":51},"f":{"0":52},"b":{"0":[1,51]},"_coverageSchema":"1a1c01bbd47fc00a2c39e90264f33305004495a9","hash":"1ba57c9ed120bc8ba22ca6e9355a9643cd39be4c"}
,"/Users/superman/Documents/Work/My/xobj/packages/core/src/detectors/string.ts": {"path":"/Users/superman/Documents/Work/My/xobj/packages/core/src/detectors/string.ts","statementMap":{"0":{"start":{"line":4,"column":1},"end":{"line":6,"column":2}},"1":{"start":{"line":5,"column":2},"end":{"line":5,"column":26}},"2":{"start":{"line":7,"column":1},"end":{"line":7,"column":26}}},"fnMap":{"0":{"name":"detectString","decl":{"start":{"line":3,"column":16},"end":{"line":3,"column":28}},"loc":{"start":{"line":3,"column":52},"end":{"line":8,"column":1}},"line":3}},"branchMap":{"0":{"loc":{"start":{"line":4,"column":1},"end":{"line":6,"column":2}},"type":"if","locations":[{"start":{"line":4,"column":1},"end":{"line":6,"column":2}},{"start":{},"end":{}}],"line":4}},"s":{"0":191,"1":94,"2":97},"f":{"0":191},"b":{"0":[94,97]},"_coverageSchema":"1a1c01bbd47fc00a2c39e90264f33305004495a9","hash":"61758123a81821927a5d0c35b72d90a9e751d00f"}
,"/Users/superman/Documents/Work/My/xobj/packages/core/src/detectors/symbol.ts": {"path":"/Users/superman/Documents/Work/My/xobj/packages/core/src/detectors/symbol.ts","statementMap":{"0":{"start":{"line":4,"column":1},"end":{"line":6,"column":2}},"1":{"start":{"line":5,"column":2},"end":{"line":5,"column":26}},"2":{"start":{"line":7,"column":1},"end":{"line":7,"column":26}}},"fnMap":{"0":{"name":"detectSymbol","decl":{"start":{"line":3,"column":16},"end":{"line":3,"column":28}},"loc":{"start":{"line":3,"column":52},"end":{"line":8,"column":1}},"line":3}},"branchMap":{"0":{"loc":{"start":{"line":4,"column":1},"end":{"line":6,"column":2}},"type":"if","locations":[{"start":{"line":4,"column":1},"end":{"line":6,"column":2}},{"start":{},"end":{}}],"line":4}},"s":{"0":49,"1":2,"2":47},"f":{"0":49},"b":{"0":[2,47]},"_coverageSchema":"1a1c01bbd47fc00a2c39e90264f33305004495a9","hash":"be52c4db2ceae60c4aa8ab4d088c083adcff1551"}
,"/Users/superman/Documents/Work/My/xobj/packages/core/src/detectors/typed-array.ts": {"path":"/Users/superman/Documents/Work/My/xobj/packages/core/src/detectors/typed-array.ts","statementMap":{"0":{"start":{"line":4,"column":1},"end":{"line":44,"column":2}},"1":{"start":{"line":5,"column":2},"end":{"line":7,"column":3}},"2":{"start":{"line":6,"column":3},"end":{"line":6,"column":40}},"3":{"start":{"line":9,"column":2},"end":{"line":11,"column":3}},"4":{"start":{"line":10,"column":3},"end":{"line":10,"column":32}},"5":{"start":{"line":13,"column":2},"end":{"line":15,"column":3}},"6":{"start":{"line":14,"column":3},"end":{"line":14,"column":33}},"7":{"start":{"line":17,"column":2},"end":{"line":19,"column":3}},"8":{"start":{"line":18,"column":3},"end":{"line":18,"column":33}},"9":{"start":{"line":21,"column":2},"end":{"line":23,"column":3}},"10":{"start":{"line":22,"column":3},"end":{"line":22,"column":31}},"11":{"start":{"line":25,"column":2},"end":{"line":27,"column":3}},"12":{"start":{"line":26,"column":3},"end":{"line":26,"column":32}},"13":{"start":{"line":29,"column":2},"end":{"line":31,"column":3}},"14":{"start":{"line":30,"column":3},"end":{"line":30,"column":32}},"15":{"start":{"line":33,"column":2},"end":{"line":35,"column":3}},"16":{"start":{"line":34,"column":3},"end":{"line":34,"column":34}},"17":{"start":{"line":37,"column":2},"end":{"line":39,"column":3}},"18":{"start":{"line":38,"column":3},"end":{"line":38,"column":34}},"19":{"start":{"line":41,"column":2},"end":{"line":43,"column":3}},"20":{"start":{"line":42,"column":3},"end":{"line":42,"column":30}},"21":{"start":{"line":45,"column":1},"end":{"line":45,"column":26}}},"fnMap":{"0":{"name":"detectTypedArray","decl":{"start":{"line":3,"column":16},"end":{"line":3,"column":32}},"loc":{"start":{"line":3,"column":56},"end":{"line":46,"column":1}},"line":3}},"branchMap":{"0":{"loc":{"start":{"line":4,"column":1},"end":{"line":44,"column":2}},"type":"if","locations":[{"start":{"line":4,"column":1},"end":{"line":44,"column":2}},{"start":{},"end":{}}],"line":4},"1":{"loc":{"start":{"line":5,"column":2},"end":{"line":7,"column":3}},"type":"if","locations":[{"start":{"line":5,"column":2},"end":{"line":7,"column":3}},{"start":{},"end":{}}],"line":5},"2":{"loc":{"start":{"line":9,"column":2},"end":{"line":11,"column":3}},"type":"if","locations":[{"start":{"line":9,"column":2},"end":{"line":11,"column":3}},{"start":{},"end":{}}],"line":9},"3":{"loc":{"start":{"line":13,"column":2},"end":{"line":15,"column":3}},"type":"if","locations":[{"start":{"line":13,"column":2},"end":{"line":15,"column":3}},{"start":{},"end":{}}],"line":13},"4":{"loc":{"start":{"line":17,"column":2},"end":{"line":19,"column":3}},"type":"if","locations":[{"start":{"line":17,"column":2},"end":{"line":19,"column":3}},{"start":{},"end":{}}],"line":17},"5":{"loc":{"start":{"line":21,"column":2},"end":{"line":23,"column":3}},"type":"if","locations":[{"start":{"line":21,"column":2},"end":{"line":23,"column":3}},{"start":{},"end":{}}],"line":21},"6":{"loc":{"start":{"line":25,"column":2},"end":{"line":27,"column":3}},"type":"if","locations":[{"start":{"line":25,"column":2},"end":{"line":27,"column":3}},{"start":{},"end":{}}],"line":25},"7":{"loc":{"start":{"line":29,"column":2},"end":{"line":31,"column":3}},"type":"if","locations":[{"start":{"line":29,"column":2},"end":{"line":31,"column":3}},{"start":{},"end":{}}],"line":29},"8":{"loc":{"start":{"line":33,"column":2},"end":{"line":35,"column":3}},"type":"if","locations":[{"start":{"line":33,"column":2},"end":{"line":35,"column":3}},{"start":{},"end":{}}],"line":33},"9":{"loc":{"start":{"line":37,"column":2},"end":{"line":39,"column":3}},"type":"if","locations":[{"start":{"line":37,"column":2},"end":{"line":39,"column":3}},{"start":{},"end":{}}],"line":37},"10":{"loc":{"start":{"line":41,"column":2},"end":{"line":43,"column":3}},"type":"if","locations":[{"start":{"line":41,"column":2},"end":{"line":43,"column":3}},{"start":{},"end":{}}],"line":41}},"s":{"0":63,"1":61,"2":1,"3":60,"4":1,"5":59,"6":1,"7":58,"8":1,"9":57,"10":1,"11":56,"12":1,"13":55,"14":1,"15":54,"16":1,"17":53,"18":1,"19":52,"20":1,"21":53},"f":{"0":63},"b":{"0":[61,2],"1":[1,60],"2":[1,59],"3":[1,58],"4":[1,57],"5":[1,56],"6":[1,55],"7":[1,54],"8":[1,53],"9":[1,52],"10":[1,51]},"_coverageSchema":"1a1c01bbd47fc00a2c39e90264f33305004495a9","hash":"d5254bebe14f3ae3b0fa91458e52d9dd514fa388"}
,"/Users/superman/Documents/Work/My/xobj/packages/core/src/detectors/undefined.ts": {"path":"/Users/superman/Documents/Work/My/xobj/packages/core/src/detectors/undefined.ts","statementMap":{"0":{"start":{"line":4,"column":1},"end":{"line":6,"column":2}},"1":{"start":{"line":5,"column":2},"end":{"line":5,"column":29}},"2":{"start":{"line":7,"column":1},"end":{"line":7,"column":26}}},"fnMap":{"0":{"name":"detectUndefined","decl":{"start":{"line":3,"column":16},"end":{"line":3,"column":31}},"loc":{"start":{"line":3,"column":55},"end":{"line":8,"column":1}},"line":3}},"branchMap":{"0":{"loc":{"start":{"line":4,"column":1},"end":{"line":6,"column":2}},"type":"if","locations":[{"start":{"line":4,"column":1},"end":{"line":6,"column":2}},{"start":{},"end":{}}],"line":4}},"s":{"0":1415,"1":1005,"2":410},"f":{"0":1415},"b":{"0":[1005,410]},"_coverageSchema":"1a1c01bbd47fc00a2c39e90264f33305004495a9","hash":"10078b18c5bdcae7a2bb070331751bba0e0e7ff4"}
,"/Users/superman/Documents/Work/My/xobj/packages/core/src/detectors/value.ts": {"path":"/Users/superman/Documents/Work/My/xobj/packages/core/src/detectors/value.ts","statementMap":{"0":{"start":{"line":5,"column":20},"end":{"line":5,"column":27}},"1":{"start":{"line":6,"column":15},"end":{"line":6,"column":36}},"2":{"start":{"line":7,"column":19},"end":{"line":7,"column":44}},"3":{"start":{"line":8,"column":1},"end":{"line":14,"column":2}},"4":{"start":{"line":9,"column":19},"end":{"line":9,"column":44}},"5":{"start":{"line":10,"column":2},"end":{"line":12,"column":3}},"6":{"start":{"line":11,"column":3},"end":{"line":11,"column":37}},"7":{"start":{"line":13,"column":2},"end":{"line":13,"column":31}},"8":{"start":{"line":15,"column":1},"end":{"line":15,"column":26}}},"fnMap":{"0":{"name":"detectValueIndex","decl":{"start":{"line":4,"column":16},"end":{"line":4,"column":32}},"loc":{"start":{"line":4,"column":80},"end":{"line":16,"column":1}},"line":4}},"branchMap":{"0":{"loc":{"start":{"line":8,"column":1},"end":{"line":14,"column":2}},"type":"if","locations":[{"start":{"line":8,"column":1},"end":{"line":14,"column":2}},{"start":{},"end":{}}],"line":8},"1":{"loc":{"start":{"line":10,"column":2},"end":{"line":12,"column":3}},"type":"if","locations":[{"start":{"line":10,"column":2},"end":{"line":12,"column":3}},{"start":{},"end":{}}],"line":10}},"s":{"0":1513,"1":1513,"2":1513,"3":1513,"4":92,"5":92,"6":23,"7":69,"8":1421},"f":{"0":1513},"b":{"0":[92,1421],"1":[23,69]},"_coverageSchema":"1a1c01bbd47fc00a2c39e90264f33305004495a9","hash":"1cc627f75df71e4b28d50dedaf6b6affdd584005"}
,"/Users/superman/Documents/Work/My/xobj/packages/core/src/encoders/array-buffer.ts": {"path":"/Users/superman/Documents/Work/My/xobj/packages/core/src/encoders/array-buffer.ts","statementMap":{"0":{"start":{"line":4,"column":27},"end":{"line":4,"column":34}},"1":{"start":{"line":5,"column":1},"end":{"line":5,"column":19}},"2":{"start":{"line":6,"column":1},"end":{"line":6,"column":27}}},"fnMap":{"0":{"name":"encodeArrayBuffer","decl":{"start":{"line":3,"column":16},"end":{"line":3,"column":33}},"loc":{"start":{"line":3,"column":84},"end":{"line":7,"column":1}},"line":3}},"branchMap":{},"s":{"0":1,"1":1,"2":1},"f":{"0":1},"b":{},"_coverageSchema":"1a1c01bbd47fc00a2c39e90264f33305004495a9","hash":"590754516be565664e3fae3ee1e60a2ec18555b3"}
,"/Users/superman/Documents/Work/My/xobj/packages/core/src/encoders/array.ts": {"path":"/Users/superman/Documents/Work/My/xobj/packages/core/src/encoders/array.ts","statementMap":{"0":{"start":{"line":11,"column":30},"end":{"line":11,"column":32}},"1":{"start":{"line":13,"column":1},"end":{"line":30,"column":2}},"2":{"start":{"line":14,"column":16},"end":{"line":14,"column":24}},"3":{"start":{"line":15,"column":26},"end":{"line":15,"column":79}},"4":{"start":{"line":16,"column":2},"end":{"line":16,"column":21}},"5":{"start":{"line":18,"column":2},"end":{"line":29,"column":3}},"6":{"start":{"line":18,"column":15},"end":{"line":18,"column":16}},"7":{"start":{"line":19,"column":16},"end":{"line":19,"column":24}},"8":{"start":{"line":20,"column":16},"end":{"line":20,"column":42}},"9":{"start":{"line":21,"column":3},"end":{"line":28,"column":4}},"10":{"start":{"line":22,"column":4},"end":{"line":22,"column":27}},"11":{"start":{"line":23,"column":10},"end":{"line":28,"column":4}},"12":{"start":{"line":24,"column":4},"end":{"line":24,"column":27}},"13":{"start":{"line":26,"column":4},"end":{"line":26,"column":64}},"14":{"start":{"line":27,"column":4},"end":{"line":27,"column":23}},"15":{"start":{"line":32,"column":1},"end":{"line":32,"column":15}},"16":{"start":{"line":36,"column":1},"end":{"line":48,"column":2}},"17":{"start":{"line":36,"column":14},"end":{"line":36,"column":15}},"18":{"start":{"line":37,"column":12},"end":{"line":37,"column":17}},"19":{"start":{"line":38,"column":17},"end":{"line":38,"column":26}},"20":{"start":{"line":39,"column":17},"end":{"line":39,"column":26}},"21":{"start":{"line":40,"column":2},"end":{"line":47,"column":3}},"22":{"start":{"line":41,"column":3},"end":{"line":46,"column":4}},"23":{"start":{"line":42,"column":4},"end":{"line":42,"column":32}},"24":{"start":{"line":43,"column":4},"end":{"line":43,"column":39}},"25":{"start":{"line":44,"column":4},"end":{"line":44,"column":24}},"26":{"start":{"line":45,"column":4},"end":{"line":45,"column":8}},"27":{"start":{"line":52,"column":30},"end":{"line":52,"column":37}},"28":{"start":{"line":54,"column":16},"end":{"line":54,"column":41}},"29":{"start":{"line":55,"column":1},"end":{"line":55,"column":24}},"30":{"start":{"line":57,"column":1},"end":{"line":76,"column":2}},"31":{"start":{"line":58,"column":2},"end":{"line":58,"column":34}},"32":{"start":{"line":59,"column":2},"end":{"line":59,"column":42}},"33":{"start":{"line":61,"column":2},"end":{"line":75,"column":3}},"34":{"start":{"line":62,"column":3},"end":{"line":62,"column":35}},"35":{"start":{"line":64,"column":24},"end":{"line":64,"column":48}},"36":{"start":{"line":72,"column":3},"end":{"line":74,"column":4}},"37":{"start":{"line":73,"column":4},"end":{"line":73,"column":32}},"38":{"start":{"line":78,"column":1},"end":{"line":78,"column":36}},"39":{"start":{"line":82,"column":19},"end":{"line":82,"column":26}},"40":{"start":{"line":83,"column":1},"end":{"line":83,"column":19}},"41":{"start":{"line":84,"column":1},"end":{"line":84,"column":35}}},"fnMap":{"0":{"name":"getGroups","decl":{"start":{"line":10,"column":9},"end":{"line":10,"column":18}},"loc":{"start":{"line":10,"column":71},"end":{"line":33,"column":1}},"line":10},"1":{"name":"optimizeGroups","decl":{"start":{"line":35,"column":9},"end":{"line":35,"column":23}},"loc":{"start":{"line":35,"column":46},"end":{"line":49,"column":1}},"line":35},"2":{"name":"encodeArrayGroups","decl":{"start":{"line":51,"column":16},"end":{"line":51,"column":33}},"loc":{"start":{"line":51,"column":78},"end":{"line":79,"column":1}},"line":51},"3":{"name":"encodeArray","decl":{"start":{"line":81,"column":16},"end":{"line":81,"column":27}},"loc":{"start":{"line":81,"column":72},"end":{"line":85,"column":1}},"line":81}},"branchMap":{"0":{"loc":{"start":{"line":13,"column":1},"end":{"line":30,"column":2}},"type":"if","locations":[{"start":{"line":13,"column":1},"end":{"line":30,"column":2}},{"start":{},"end":{}}],"line":13},"1":{"loc":{"start":{"line":21,"column":3},"end":{"line":28,"column":4}},"type":"if","locations":[{"start":{"line":21,"column":3},"end":{"line":28,"column":4}},{"start":{"line":23,"column":10},"end":{"line":28,"column":4}}],"line":21},"2":{"loc":{"start":{"line":23,"column":10},"end":{"line":28,"column":4}},"type":"if","locations":[{"start":{"line":23,"column":10},"end":{"line":28,"column":4}},{"start":{"line":25,"column":10},"end":{"line":28,"column":4}}],"line":23},"3":{"loc":{"start":{"line":23,"column":14},"end":{"line":23,"column":62}},"type":"binary-expr","locations":[{"start":{"line":23,"column":14},"end":{"line":23,"column":39}},{"start":{"line":23,"column":43},"end":{"line":23,"column":62}}],"line":23},"4":{"loc":{"start":{"line":40,"column":2},"end":{"line":47,"column":3}},"type":"if","locations":[{"start":{"line":40,"column":2},"end":{"line":47,"column":3}},{"start":{},"end":{}}],"line":40},"5":{"loc":{"start":{"line":40,"column":6},"end":{"line":40,"column":64}},"type":"binary-expr","locations":[{"start":{"line":40,"column":6},"end":{"line":40,"column":35}},{"start":{"line":40,"column":39},"end":{"line":40,"column":64}}],"line":40},"6":{"loc":{"start":{"line":41,"column":3},"end":{"line":46,"column":4}},"type":"if","locations":[{"start":{"line":41,"column":3},"end":{"line":46,"column":4}},{"start":{},"end":{}}],"line":41},"7":{"loc":{"start":{"line":61,"column":2},"end":{"line":75,"column":3}},"type":"if","locations":[{"start":{"line":61,"column":2},"end":{"line":75,"column":3}},{"start":{"line":63,"column":9},"end":{"line":75,"column":3}}],"line":61}},"s":{"0":29,"1":29,"2":28,"3":28,"4":28,"5":28,"6":28,"7":1149,"8":1149,"9":1149,"10":1097,"11":52,"12":13,"13":39,"14":39,"15":29,"16":29,"17":29,"18":39,"19":39,"20":39,"21":39,"22":22,"23":14,"24":14,"25":14,"26":14,"27":29,"28":29,"29":29,"30":29,"31":53,"32":53,"33":53,"34":4,"35":49,"36":49,"37":1150,"38":29,"39":26,"40":26,"41":26},"f":{"0":29,"1":29,"2":29,"3":26},"b":{"0":[28,1],"1":[1097,52],"2":[13,39],"3":[52,18],"4":[22,17],"5":[39,28],"6":[14,8],"7":[4,49]},"_coverageSchema":"1a1c01bbd47fc00a2c39e90264f33305004495a9","hash":"fea503f8a2ebf7ecb1cdd564b9ae4dbf2b13e705"}
,"/Users/superman/Documents/Work/My/xobj/packages/core/src/encoders/bigint.ts": {"path":"/Users/superman/Documents/Work/My/xobj/packages/core/src/encoders/bigint.ts","statementMap":{"0":{"start":{"line":4,"column":28},"end":{"line":4,"column":35}},"1":{"start":{"line":5,"column":1},"end":{"line":5,"column":20}},"2":{"start":{"line":6,"column":1},"end":{"line":6,"column":27}}},"fnMap":{"0":{"name":"encodeBigint","decl":{"start":{"line":3,"column":16},"end":{"line":3,"column":28}},"loc":{"start":{"line":3,"column":74},"end":{"line":7,"column":1}},"line":3}},"branchMap":{},"s":{"0":7,"1":7,"2":7},"f":{"0":7},"b":{},"_coverageSchema":"1a1c01bbd47fc00a2c39e90264f33305004495a9","hash":"221de0522cffe0599fdb4ec0542660da493ca706"}
,"/Users/superman/Documents/Work/My/xobj/packages/core/src/encoders/boolean.ts": {"path":"/Users/superman/Documents/Work/My/xobj/packages/core/src/encoders/boolean.ts","statementMap":{},"fnMap":{"0":{"name":"encodeTrue","decl":{"start":{"line":1,"column":16},"end":{"line":1,"column":26}},"loc":{"start":{"line":1,"column":35},"end":{"line":2,"column":1}},"line":1},"1":{"name":"encodeFalse","decl":{"start":{"line":4,"column":16},"end":{"line":4,"column":27}},"loc":{"start":{"line":4,"column":36},"end":{"line":5,"column":1}},"line":4}},"branchMap":{},"s":{},"f":{"0":3,"1":1},"b":{},"_coverageSchema":"1a1c01bbd47fc00a2c39e90264f33305004495a9","hash":"1de86e0bfef8eb0784bdf10d71bf763e48460ed8"}
,"/Users/superman/Documents/Work/My/xobj/packages/core/src/encoders/date.ts": {"path":"/Users/superman/Documents/Work/My/xobj/packages/core/src/encoders/date.ts","statementMap":{"0":{"start":{"line":4,"column":27},"end":{"line":4,"column":34}},"1":{"start":{"line":5,"column":1},"end":{"line":5,"column":19}},"2":{"start":{"line":6,"column":1},"end":{"line":6,"column":38}}},"fnMap":{"0":{"name":"encodeDate","decl":{"start":{"line":3,"column":16},"end":{"line":3,"column":26}},"loc":{"start":{"line":3,"column":70},"end":{"line":7,"column":1}},"line":3}},"branchMap":{},"s":{"0":1,"1":1,"2":1},"f":{"0":1},"b":{},"_coverageSchema":"1a1c01bbd47fc00a2c39e90264f33305004495a9","hash":"a75721bb381df367e186e93ebca7494e78dec3ad"}
,"/Users/superman/Documents/Work/My/xobj/packages/core/src/encoders/function.ts": {"path":"/Users/superman/Documents/Work/My/xobj/packages/core/src/encoders/function.ts","statementMap":{"0":{"start":{"line":4,"column":27},"end":{"line":4,"column":34}},"1":{"start":{"line":5,"column":1},"end":{"line":5,"column":19}},"2":{"start":{"line":6,"column":22},"end":{"line":6,"column":38}},"3":{"start":{"line":7,"column":1},"end":{"line":7,"column":26}}},"fnMap":{"0":{"name":"encodeFunction","decl":{"start":{"line":3,"column":16},"end":{"line":3,"column":30}},"loc":{"start":{"line":3,"column":78},"end":{"line":8,"column":1}},"line":3}},"branchMap":{},"s":{"0":4,"1":4,"2":4,"3":4},"f":{"0":4},"b":{},"_coverageSchema":"1a1c01bbd47fc00a2c39e90264f33305004495a9","hash":"e862dadfe9752c5633a1a3887172b77ddbe2b95b"}
,"/Users/superman/Documents/Work/My/xobj/packages/core/src/encoders/header.ts": {"path":"/Users/superman/Documents/Work/My/xobj/packages/core/src/encoders/header.ts","statementMap":{"0":{"start":{"line":5,"column":31},"end":{"line":5,"column":38}},"1":{"start":{"line":6,"column":1},"end":{"line":19,"column":2}},"2":{"start":{"line":8,"column":3},"end":{"line":8,"column":24}},"3":{"start":{"line":9,"column":3},"end":{"line":9,"column":9}},"4":{"start":{"line":12,"column":3},"end":{"line":12,"column":24}},"5":{"start":{"line":13,"column":3},"end":{"line":13,"column":9}},"6":{"start":{"line":16,"column":3},"end":{"line":16,"column":24}},"7":{"start":{"line":17,"column":3},"end":{"line":17,"column":33}},"8":{"start":{"line":18,"column":3},"end":{"line":18,"column":9}},"9":{"start":{"line":23,"column":20},"end":{"line":23,"column":27}},"10":{"start":{"line":24,"column":1},"end":{"line":24,"column":30}},"11":{"start":{"line":25,"column":1},"end":{"line":25,"column":26}}},"fnMap":{"0":{"name":"encodeFloatType","decl":{"start":{"line":4,"column":9},"end":{"line":4,"column":24}},"loc":{"start":{"line":4,"column":49},"end":{"line":20,"column":1}},"line":4},"1":{"name":"encodeHeader","decl":{"start":{"line":22,"column":16},"end":{"line":22,"column":28}},"loc":{"start":{"line":22,"column":53},"end":{"line":26,"column":1}},"line":22}},"branchMap":{"0":{"loc":{"start":{"line":6,"column":1},"end":{"line":19,"column":2}},"type":"switch","locations":[{"start":{"line":7,"column":2},"end":{"line":9,"column":9}},{"start":{"line":11,"column":2},"end":{"line":13,"column":9}},{"start":{"line":15,"column":2},"end":{"line":18,"column":9}}],"line":6}},"s":{"0":66,"1":66,"2":64,"3":64,"4":1,"5":1,"6":1,"7":1,"8":1,"9":66,"10":66,"11":66},"f":{"0":66,"1":66},"b":{"0":[64,1,1]},"_coverageSchema":"1a1c01bbd47fc00a2c39e90264f33305004495a9","hash":"e161e950ea8b2c37391d330f43b492342a83d87a"}
,"/Users/superman/Documents/Work/My/xobj/packages/core/src/encoders/index.ts": {"path":"/Users/superman/Documents/Work/My/xobj/packages/core/src/encoders/index.ts","statementMap":{"0":{"start":{"line":31,"column":24},"end":{"line":68,"column":2}},"1":{"start":{"line":71,"column":30},"end":{"line":71,"column":37}},"2":{"start":{"line":73,"column":14},"end":{"line":73,"column":41}},"3":{"start":{"line":74,"column":1},"end":{"line":74,"column":27}},"4":{"start":{"line":76,"column":22},"end":{"line":76,"column":40}},"5":{"start":{"line":84,"column":1},"end":{"line":84,"column":30}}},"fnMap":{"0":{"name":"encodeValue","decl":{"start":{"line":70,"column":16},"end":{"line":70,"column":27}},"loc":{"start":{"line":70,"column":64},"end":{"line":85,"column":1}},"line":70}},"branchMap":{},"s":{"0":19,"1":305,"2":305,"3":305,"4":305,"5":305},"f":{"0":305},"b":{},"_coverageSchema":"1a1c01bbd47fc00a2c39e90264f33305004495a9","hash":"1d3918977e1218749da9c444450a70a406f04519"}
,"/Users/superman/Documents/Work/My/xobj/packages/core/src/encoders/link.ts": {"path":"/Users/superman/Documents/Work/My/xobj/packages/core/src/encoders/link.ts","statementMap":{"0":{"start":{"line":4,"column":27},"end":{"line":4,"column":34}},"1":{"start":{"line":5,"column":15},"end":{"line":5,"column":35}},"2":{"start":{"line":6,"column":1},"end":{"line":6,"column":28}},"3":{"start":{"line":10,"column":27},"end":{"line":10,"column":34}},"4":{"start":{"line":11,"column":19},"end":{"line":11,"column":43}},"5":{"start":{"line":12,"column":18},"end":{"line":12,"column":42}},"6":{"start":{"line":13,"column":1},"end":{"line":13,"column":31}}},"fnMap":{"0":{"name":"encodeLinkIndex","decl":{"start":{"line":3,"column":16},"end":{"line":3,"column":31}},"loc":{"start":{"line":3,"column":74},"end":{"line":7,"column":1}},"line":3},"1":{"name":"encodeLinkIndexLast","decl":{"start":{"line":9,"column":16},"end":{"line":9,"column":35}},"loc":{"start":{"line":9,"column":78},"end":{"line":14,"column":1}},"line":9}},"branchMap":{},"s":{"0":4,"1":4,"2":4,"3":1,"4":1,"5":1,"6":1},"f":{"0":4,"1":1},"b":{},"_coverageSchema":"1a1c01bbd47fc00a2c39e90264f33305004495a9","hash":"97e74a1656c03e80439207b05ba4fb4d6e78cb04"}
,"/Users/superman/Documents/Work/My/xobj/packages/core/src/encoders/map.ts": {"path":"/Users/superman/Documents/Work/My/xobj/packages/core/src/encoders/map.ts","statementMap":{"0":{"start":{"line":5,"column":19},"end":{"line":5,"column":26}},"1":{"start":{"line":6,"column":1},"end":{"line":6,"column":19}},"2":{"start":{"line":7,"column":28},"end":{"line":7,"column":33}},"3":{"start":{"line":8,"column":1},"end":{"line":8,"column":45}},"4":{"start":{"line":9,"column":1},"end":{"line":9,"column":47}}},"fnMap":{"0":{"name":"encodeMap","decl":{"start":{"line":4,"column":16},"end":{"line":4,"column":25}},"loc":{"start":{"line":4,"column":78},"end":{"line":10,"column":1}},"line":4}},"branchMap":{},"s":{"0":1,"1":1,"2":1,"3":1,"4":1},"f":{"0":1},"b":{},"_coverageSchema":"1a1c01bbd47fc00a2c39e90264f33305004495a9","hash":"8f9e39cc11d3d78ea387451de312ba5230e527ea"}
,"/Users/superman/Documents/Work/My/xobj/packages/core/src/encoders/null.ts": {"path":"/Users/superman/Documents/Work/My/xobj/packages/core/src/encoders/null.ts","statementMap":{},"fnMap":{"0":{"name":"encodeNull","decl":{"start":{"line":1,"column":16},"end":{"line":1,"column":26}},"loc":{"start":{"line":1,"column":35},"end":{"line":2,"column":1}},"line":1}},"branchMap":{},"s":{},"f":{"0":3},"b":{},"_coverageSchema":"1a1c01bbd47fc00a2c39e90264f33305004495a9","hash":"66d879fc2637fb47100bac3f0b7d5e569adab9c0"}
,"/Users/superman/Documents/Work/My/xobj/packages/core/src/encoders/number.ts": {"path":"/Users/superman/Documents/Work/My/xobj/packages/core/src/encoders/number.ts","statementMap":{"0":{"start":{"line":13,"column":28},"end":{"line":13,"column":35}},"1":{"start":{"line":14,"column":1},"end":{"line":14,"column":20}},"2":{"start":{"line":15,"column":1},"end":{"line":15,"column":27}},"3":{"start":{"line":19,"column":39},"end":{"line":19,"column":46}},"4":{"start":{"line":21,"column":1},"end":{"line":21,"column":20}},"5":{"start":{"line":23,"column":1},"end":{"line":35,"column":2}},"6":{"start":{"line":25,"column":3},"end":{"line":25,"column":30}},"7":{"start":{"line":26,"column":3},"end":{"line":26,"column":9}},"8":{"start":{"line":29,"column":3},"end":{"line":29,"column":30}},"9":{"start":{"line":30,"column":3},"end":{"line":30,"column":9}},"10":{"start":{"line":33,"column":3},"end":{"line":33,"column":53}},"11":{"start":{"line":34,"column":3},"end":{"line":34,"column":9}}},"fnMap":{"0":{"name":"encodeNaN","decl":{"start":{"line":3,"column":16},"end":{"line":3,"column":25}},"loc":{"start":{"line":3,"column":34},"end":{"line":4,"column":1}},"line":3},"1":{"name":"encodePositiveInfinity","decl":{"start":{"line":6,"column":16},"end":{"line":6,"column":38}},"loc":{"start":{"line":6,"column":47},"end":{"line":7,"column":1}},"line":6},"2":{"name":"encodeNegativeInfinity","decl":{"start":{"line":9,"column":16},"end":{"line":9,"column":38}},"loc":{"start":{"line":9,"column":47},"end":{"line":10,"column":1}},"line":9},"3":{"name":"encodeInt","decl":{"start":{"line":12,"column":16},"end":{"line":12,"column":25}},"loc":{"start":{"line":12,"column":71},"end":{"line":16,"column":1}},"line":12},"4":{"name":"encodeFloat","decl":{"start":{"line":18,"column":16},"end":{"line":18,"column":27}},"loc":{"start":{"line":18,"column":73},"end":{"line":36,"column":1}},"line":18}},"branchMap":{"0":{"loc":{"start":{"line":23,"column":1},"end":{"line":35,"column":2}},"type":"switch","locations":[{"start":{"line":24,"column":2},"end":{"line":26,"column":9}},{"start":{"line":28,"column":2},"end":{"line":30,"column":9}},{"start":{"line":32,"column":2},"end":{"line":34,"column":9}}],"line":23}},"s":{"0":118,"1":118,"2":118,"3":25,"4":25,"5":25,"6":23,"7":23,"8":1,"9":1,"10":1,"11":1},"f":{"0":1,"1":1,"2":1,"3":118,"4":25},"b":{"0":[23,1,1]},"_coverageSchema":"1a1c01bbd47fc00a2c39e90264f33305004495a9","hash":"620ba350595744c8ec621a04c112e098be18138b"}
,"/Users/superman/Documents/Work/My/xobj/packages/core/src/encoders/object.ts": {"path":"/Users/superman/Documents/Work/My/xobj/packages/core/src/encoders/object.ts","statementMap":{"0":{"start":{"line":6,"column":27},"end":{"line":6,"column":34}},"1":{"start":{"line":7,"column":1},"end":{"line":7,"column":19}},"2":{"start":{"line":8,"column":14},"end":{"line":8,"column":32}},"3":{"start":{"line":9,"column":1},"end":{"line":17,"column":2}},"4":{"start":{"line":10,"column":17},"end":{"line":10,"column":32}},"5":{"start":{"line":11,"column":2},"end":{"line":15,"column":3}},"6":{"start":{"line":12,"column":3},"end":{"line":12,"column":32}},"7":{"start":{"line":14,"column":3},"end":{"line":14,"column":29}},"8":{"start":{"line":16,"column":2},"end":{"line":16,"column":35}},"9":{"start":{"line":18,"column":1},"end":{"line":18,"column":36}}},"fnMap":{"0":{"name":"encodeObject","decl":{"start":{"line":5,"column":16},"end":{"line":5,"column":28}},"loc":{"start":{"line":5,"column":71},"end":{"line":19,"column":1}},"line":5}},"branchMap":{"0":{"loc":{"start":{"line":11,"column":2},"end":{"line":15,"column":3}},"type":"if","locations":[{"start":{"line":11,"column":2},"end":{"line":15,"column":3}},{"start":{"line":13,"column":9},"end":{"line":15,"column":3}}],"line":11}},"s":{"0":42,"1":42,"2":42,"3":42,"4":110,"5":110,"6":2,"7":108,"8":110,"9":42},"f":{"0":42},"b":{"0":[2,108]},"_coverageSchema":"1a1c01bbd47fc00a2c39e90264f33305004495a9","hash":"6ca1c4fb89553df0549d10b05e127cce0438d848"}
,"/Users/superman/Documents/Work/My/xobj/packages/core/src/encoders/regexp.ts": {"path":"/Users/superman/Documents/Work/My/xobj/packages/core/src/encoders/regexp.ts","statementMap":{"0":{"start":{"line":4,"column":27},"end":{"line":4,"column":34}},"1":{"start":{"line":5,"column":1},"end":{"line":5,"column":19}},"2":{"start":{"line":6,"column":24},"end":{"line":6,"column":29}},"3":{"start":{"line":8,"column":14},"end":{"line":8,"column":31}},"4":{"start":{"line":10,"column":17},"end":{"line":10,"column":77}},"5":{"start":{"line":11,"column":1},"end":{"line":11,"column":29}},"6":{"start":{"line":13,"column":15},"end":{"line":13,"column":82}},"7":{"start":{"line":14,"column":1},"end":{"line":14,"column":26}}},"fnMap":{"0":{"name":"encodeRegExp","decl":{"start":{"line":3,"column":16},"end":{"line":3,"column":28}},"loc":{"start":{"line":3,"column":74},"end":{"line":15,"column":1}},"line":3}},"branchMap":{},"s":{"0":1,"1":1,"2":1,"3":1,"4":1,"5":1,"6":1,"7":1},"f":{"0":1},"b":{},"_coverageSchema":"1a1c01bbd47fc00a2c39e90264f33305004495a9","hash":"a5067a6272e3e05f3700e726e352db0ca2707358"}
,"/Users/superman/Documents/Work/My/xobj/packages/core/src/encoders/set.ts": {"path":"/Users/superman/Documents/Work/My/xobj/packages/core/src/encoders/set.ts","statementMap":{"0":{"start":{"line":5,"column":19},"end":{"line":5,"column":26}},"1":{"start":{"line":6,"column":1},"end":{"line":6,"column":19}},"2":{"start":{"line":7,"column":23},"end":{"line":7,"column":28}},"3":{"start":{"line":8,"column":1},"end":{"line":8,"column":47}}},"fnMap":{"0":{"name":"encodeSet","decl":{"start":{"line":4,"column":16},"end":{"line":4,"column":25}},"loc":{"start":{"line":4,"column":73},"end":{"line":9,"column":1}},"line":4}},"branchMap":{},"s":{"0":1,"1":1,"2":1,"3":1},"f":{"0":1},"b":{},"_coverageSchema":"1a1c01bbd47fc00a2c39e90264f33305004495a9","hash":"5ac4d7656e8c9a6d9343b4c941510a9310a3a3dd"}
,"/Users/superman/Documents/Work/My/xobj/packages/core/src/encoders/string.ts": {"path":"/Users/superman/Documents/Work/My/xobj/packages/core/src/encoders/string.ts","statementMap":{"0":{"start":{"line":4,"column":28},"end":{"line":4,"column":35}},"1":{"start":{"line":5,"column":1},"end":{"line":5,"column":20}},"2":{"start":{"line":6,"column":1},"end":{"line":6,"column":27}}},"fnMap":{"0":{"name":"encodeString","decl":{"start":{"line":3,"column":16},"end":{"line":3,"column":28}},"loc":{"start":{"line":3,"column":74},"end":{"line":7,"column":1}},"line":3}},"branchMap":{},"s":{"0":85,"1":85,"2":85},"f":{"0":85},"b":{},"_coverageSchema":"1a1c01bbd47fc00a2c39e90264f33305004495a9","hash":"e386b9d536fbec37d2bd2055f018c910d8b8cc2d"}
,"/Users/superman/Documents/Work/My/xobj/packages/core/src/encoders/symbol.ts": {"path":"/Users/superman/Documents/Work/My/xobj/packages/core/src/encoders/symbol.ts","statementMap":{"0":{"start":{"line":4,"column":19},"end":{"line":4,"column":26}},"1":{"start":{"line":5,"column":1},"end":{"line":5,"column":19}}},"fnMap":{"0":{"name":"encodeSymbol","decl":{"start":{"line":3,"column":16},"end":{"line":3,"column":28}},"loc":{"start":{"line":3,"column":74},"end":{"line":6,"column":1}},"line":3}},"branchMap":{},"s":{"0":2,"1":2},"f":{"0":2},"b":{},"_coverageSchema":"1a1c01bbd47fc00a2c39e90264f33305004495a9","hash":"6fca8aa74cd9e4cf7f128d5e5add707e2e1c14b3"}
,"/Users/superman/Documents/Work/My/xobj/packages/core/src/encoders/typed-array.ts": {"path":"/Users/superman/Documents/Work/My/xobj/packages/core/src/encoders/typed-array.ts","statementMap":{"0":{"start":{"line":6,"column":27},"end":{"line":6,"column":34}},"1":{"start":{"line":7,"column":1},"end":{"line":7,"column":19}},"2":{"start":{"line":8,"column":29},"end":{"line":8,"column":83}},"3":{"start":{"line":9,"column":1},"end":{"line":9,"column":28}}},"fnMap":{"0":{"name":"encodeTypedArray","decl":{"start":{"line":5,"column":16},"end":{"line":5,"column":32}},"loc":{"start":{"line":5,"column":82},"end":{"line":10,"column":1}},"line":5}},"branchMap":{},"s":{"0":10,"1":10,"2":10,"3":10},"f":{"0":10},"b":{},"_coverageSchema":"1a1c01bbd47fc00a2c39e90264f33305004495a9","hash":"b7c61c0a24813d467aaf79f28dbab4e08c5289f0"}
,"/Users/superman/Documents/Work/My/xobj/packages/core/src/encoders/undefined.ts": {"path":"/Users/superman/Documents/Work/My/xobj/packages/core/src/encoders/undefined.ts","statementMap":{},"fnMap":{"0":{"name":"encodeUndefined","decl":{"start":{"line":1,"column":16},"end":{"line":1,"column":31}},"loc":{"start":{"line":1,"column":40},"end":{"line":2,"column":1}},"line":1}},"branchMap":{},"s":{},"f":{"0":998},"b":{},"_coverageSchema":"1a1c01bbd47fc00a2c39e90264f33305004495a9","hash":"d6f789ba5969b1095bb0fb713df59f35c9c401f6"}
,"/Users/superman/Documents/Work/My/xobj/packages/core/src/encoders/value.ts": {"path":"/Users/superman/Documents/Work/My/xobj/packages/core/src/encoders/value.ts","statementMap":{"0":{"start":{"line":4,"column":28},"end":{"line":4,"column":35}},"1":{"start":{"line":5,"column":15},"end":{"line":5,"column":36}},"2":{"start":{"line":6,"column":1},"end":{"line":6,"column":28}},"3":{"start":{"line":10,"column":28},"end":{"line":10,"column":35}},"4":{"start":{"line":11,"column":19},"end":{"line":11,"column":44}},"5":{"start":{"line":12,"column":18},"end":{"line":12,"column":43}},"6":{"start":{"line":13,"column":1},"end":{"line":13,"column":31}}},"fnMap":{"0":{"name":"encodeValueIndex","decl":{"start":{"line":3,"column":16},"end":{"line":3,"column":32}},"loc":{"start":{"line":3,"column":75},"end":{"line":7,"column":1}},"line":3},"1":{"name":"encodeValueIndexLast","decl":{"start":{"line":9,"column":16},"end":{"line":9,"column":36}},"loc":{"start":{"line":9,"column":79},"end":{"line":14,"column":1}},"line":9}},"branchMap":{},"s":{"0":69,"1":69,"2":69,"3":22,"4":22,"5":22,"6":22},"f":{"0":69,"1":22},"b":{},"_coverageSchema":"1a1c01bbd47fc00a2c39e90264f33305004495a9","hash":"a26393257d9e2d12129aec00e4b4d0f2de1854ef"}
}
