TN:
SF:src/decode.ts
FN:21,decode
FNF:1
FNH:1
FNDA:66,decode
DA:22,66
DA:24,66
DA:26,66
DA:27,2
DA:30,66
DA:39,66
DA:41,65
DA:42,1
DA:45,64
LF:9
LH:9
BRDA:26,0,0,2
BRDA:26,0,1,64
BRDA:41,1,0,1
BRDA:41,1,1,64
BRF:4
BRH:4
end_of_record
TN:
SF:src/encode.ts
FN:24,encode
FNF:1
FNH:1
FNDA:66,encode
DA:25,66
DA:27,66
DA:29,66
DA:30,66
DA:31,2
DA:34,66
DA:35,66
DA:36,2
DA:39,66
DA:41,66
DA:50,66
DA:52,66
DA:54,66
LF:13
LH:13
BRDA:25,0,0,66
BRDA:25,0,1,66
BRDA:30,1,0,2
BRDA:30,1,1,64
BRDA:35,2,0,2
BRDA:35,2,1,64
BRDA:39,3,0,66
BRDA:39,3,1,63
BRF:8
BRH:8
end_of_record
TN:
SF:src/index.ts
FNF:0
FNH:0
LF:0
LH:0
BRF:0
BRH:0
end_of_record
TN:
SF:src/types.ts
FN:43,isBooleanType
FNF:1
FNH:1
FNDA:176,isBooleanType
DA:44,176
LF:1
LH:1
BRDA:44,0,0,176
BRDA:44,0,1,153
BRF:2
BRH:2
end_of_record
TN:
SF:src/version.ts
FNF:0
FNH:0
DA:1,19
LF:1
LH:1
BRF:0
BRH:0
end_of_record
TN:
SF:src/decoders/array-buffer.ts
FN:3,decodeArrayBuffer
FNF:1
FNH:1
FNDA:1,decodeArrayBuffer
DA:4,1
DA:5,1
DA:6,1
DA:7,1
LF:4
LH:4
BRF:0
BRH:0
end_of_record
TN:
SF:src/decoders/array.ts
FN:4,decodeArrayGroups
FN:40,decodeArray
FNF:2
FNH:2
FNDA:29,decodeArrayGroups
FNDA:26,decodeArray
DA:5,29
DA:7,29
DA:9,29
DA:10,53
DA:12,53
DA:13,53
DA:15,53
DA:16,4
DA:17,4
DA:18,4
DA:19,27
DA:21,49
DA:22,3
DA:24,46
DA:32,46
DA:33,155
DA:34,155
DA:41,26
DA:42,26
DA:43,26
DA:44,26
DA:45,26
LF:22
LH:22
BRDA:15,0,0,4
BRDA:15,0,1,49
BRDA:21,1,0,3
BRDA:21,1,1,46
BRF:4
BRH:4
end_of_record
TN:
SF:src/decoders/bigint.ts
FN:3,decodeBigint
FNF:1
FNH:1
FNDA:7,decodeBigint
DA:4,7
DA:5,7
DA:6,7
DA:7,7
LF:4
LH:4
BRF:0
BRH:0
end_of_record
TN:
SF:src/decoders/boolean.ts
FN:1,decodeTrue
FN:5,decodeFalse
FNF:2
FNH:2
FNDA:3,decodeTrue
FNDA:1,decodeFalse
DA:2,3
DA:6,1
LF:2
LH:2
BRF:0
BRH:0
end_of_record
TN:
SF:src/decoders/date.ts
FN:3,decodeDate
FNF:1
FNH:1
FNDA:1,decodeDate
DA:4,1
DA:5,1
DA:6,1
DA:7,1
LF:4
LH:4
BRF:0
BRH:0
end_of_record
TN:
SF:src/decoders/function.ts
FN:3,decodeFunction
FNF:1
FNH:1
FNDA:4,decodeFunction
DA:4,4
DA:5,4
DA:6,4
DA:7,2
DA:10,4
DA:11,4
DA:12,4
LF:7
LH:7
BRDA:6,0,0,2
BRDA:6,0,1,2
BRF:2
BRH:2
end_of_record
TN:
SF:src/decoders/header.ts
FN:4,decodeFloatQuality
FN:24,decodeHeader
FNF:2
FNH:2
FNDA:66,decodeFloatQuality
FNDA:66,decodeHeader
DA:5,66
DA:7,66
DA:9,66
DA:11,63
DA:14,1
DA:17,1
DA:20,1
DA:25,66
DA:27,66
DA:28,66
DA:30,65
LF:11
LH:11
BRDA:9,0,0,63
BRDA:9,0,1,1
BRDA:9,0,2,1
BRDA:9,0,3,1
BRF:4
BRH:4
end_of_record
TN:
SF:src/decoders/index.ts
FN:80,decodeValue
FNF:1
FNH:1
FNDA:295,decodeValue
DA:41,19
DA:81,295
DA:83,295
DA:85,295
DA:93,295
LF:5
LH:5
BRF:0
BRH:0
end_of_record
TN:
SF:src/decoders/link.ts
FN:3,decodeLinkIndex
FN:9,decodeLinkIndexLast
FNF:2
FNH:2
FNDA:4,decodeLinkIndex
FNDA:1,decodeLinkIndexLast
DA:4,4
DA:5,4
DA:6,4
DA:10,1
DA:11,1
DA:12,1
DA:13,1
LF:7
LH:7
BRF:0
BRH:0
end_of_record
TN:
SF:src/decoders/map.ts
FN:4,decodeMap
FNF:1
FNH:1
FNDA:1,decodeMap
DA:5,1
DA:6,1
DA:7,1
DA:9,1
DA:10,1
DA:12,1
DA:13,1
DA:15,1
DA:16,9
DA:18,1
LF:10
LH:10
BRF:0
BRH:0
end_of_record
TN:
SF:src/decoders/null.ts
FN:1,decodeNull
FNF:1
FNH:1
FNDA:3,decodeNull
DA:2,3
LF:1
LH:1
BRF:0
BRH:0
end_of_record
TN:
SF:src/decoders/number.ts
FN:3,decodeNaN
FN:7,decodePositiveInfinity
FN:11,decodeNegativeInfinity
FN:15,decodeInt
FN:22,decodeFloat
FNF:5
FNH:5
FNDA:1,decodeNaN
FNDA:1,decodePositiveInfinity
FNDA:1,decodeNegativeInfinity
FNDA:114,decodeInt
FNDA:25,decodeFloat
DA:4,1
DA:8,1
DA:12,1
DA:16,114
DA:17,114
DA:18,114
DA:19,114
DA:23,25
DA:25,25
DA:27,25
DA:29,23
DA:30,23
DA:33,1
DA:34,1
DA:37,1
DA:38,1
DA:41,25
DA:42,25
LF:18
LH:18
BRDA:27,0,0,23
BRDA:27,0,1,1
BRDA:27,0,2,1
BRF:3
BRH:3
end_of_record
TN:
SF:src/decoders/object.ts
FN:5,decodeObject
FNF:1
FNH:1
FNDA:40,decodeObject
DA:6,40
DA:7,40
DA:8,40
DA:9,40
DA:10,106
DA:11,106
DA:12,106
DA:14,40
LF:8
LH:8
BRF:0
BRH:0
end_of_record
TN:
SF:src/decoders/regexp.ts
FN:5,decodeRegExp
FN:9,(anonymous_1)
FNF:2
FNH:2
FNDA:1,decodeRegExp
FNDA:4,(anonymous_1)
DA:3,19
DA:6,1
DA:7,1
DA:8,1
DA:9,4
DA:10,1
DA:11,1
DA:12,1
LF:8
LH:8
BRDA:9,0,0,2
BRDA:9,0,1,2
BRF:2
BRH:2
end_of_record
TN:
SF:src/decoders/set.ts
FN:4,decodeSet
FNF:1
FNH:1
FNDA:1,decodeSet
DA:5,1
DA:6,1
DA:7,1
DA:9,1
DA:10,1
DA:12,1
DA:13,8
DA:15,1
LF:8
LH:8
BRF:0
BRH:0
end_of_record
TN:
SF:src/decoders/string.ts
FN:3,decodeString
FNF:1
FNH:1
FNDA:81,decodeString
DA:4,81
DA:5,81
DA:6,81
DA:7,81
LF:4
LH:4
BRF:0
BRH:0
end_of_record
TN:
SF:src/decoders/symbol.ts
FN:3,decodeSymbol
FNF:1
FNH:1
FNDA:2,decodeSymbol
DA:4,2
DA:6,2
DA:7,2
DA:8,2
LF:4
LH:4
BRF:0
BRH:0
end_of_record
TN:
SF:src/decoders/typed-array.ts
FN:3,decodeUint8ClampedArray
FN:10,decodeUint8Array
FN:17,decodeUint16Array
FN:24,decodeUint32Array
FN:31,decodeInt8Array
FN:38,decodeInt16Array
FN:45,decodeInt32Array
FN:52,decodeFloat32Array
FN:59,decodeFloat64Array
FN:66,decodeDataView
FNF:10
FNH:10
FNDA:1,decodeUint8ClampedArray
FNDA:1,decodeUint8Array
FNDA:1,decodeUint16Array
FNDA:1,decodeUint32Array
FNDA:1,decodeInt8Array
FNDA:1,decodeInt16Array
FNDA:1,decodeInt32Array
FNDA:1,decodeFloat32Array
FNDA:1,decodeFloat64Array
FNDA:1,decodeDataView
DA:4,1
DA:5,1
DA:6,1
DA:7,1
DA:11,1
DA:12,1
DA:13,1
DA:14,1
DA:18,1
DA:19,1
DA:20,1
DA:21,1
DA:25,1
DA:26,1
DA:27,1
DA:28,1
DA:32,1
DA:33,1
DA:34,1
DA:35,1
DA:39,1
DA:40,1
DA:41,1
DA:42,1
DA:46,1
DA:47,1
DA:48,1
DA:49,1
DA:53,1
DA:54,1
DA:55,1
DA:56,1
DA:60,1
DA:61,1
DA:62,1
DA:63,1
DA:67,1
DA:68,1
DA:69,1
DA:70,1
LF:40
LH:40
BRF:0
BRH:0
end_of_record
TN:
SF:src/decoders/undefined.ts
FN:1,decodeUndefined
FNF:1
FNH:1
FNDA:3,decodeUndefined
DA:2,3
LF:1
LH:1
BRF:0
BRH:0
end_of_record
TN:
SF:src/decoders/value.ts
FN:3,decodeValueIndex
FN:9,decodeValueIndexLast
FNF:2
FNH:2
FNDA:69,decodeValueIndex
FNDA:22,decodeValueIndexLast
DA:4,69
DA:5,69
DA:6,69
DA:10,22
DA:11,22
DA:12,22
DA:13,22
LF:7
LH:7
BRF:0
BRH:0
end_of_record
TN:
SF:src/detectors/array-buffer.ts
FN:3,detectArrayBuffer
FNF:1
FNH:1
FNDA:64,detectArrayBuffer
DA:4,64
DA:5,1
DA:7,63
LF:3
LH:3
BRDA:4,0,0,1
BRDA:4,0,1,63
BRF:2
BRH:2
end_of_record
TN:
SF:src/detectors/array.ts
FN:3,detectArray
FNF:1
FNH:1
FNDA:93,detectArray
DA:4,93
DA:5,29
DA:7,64
LF:3
LH:3
BRDA:4,0,0,29
BRDA:4,0,1,64
BRF:2
BRH:2
end_of_record
TN:
SF:src/detectors/bigint.ts
FN:3,detectBigint
FNF:1
FNH:1
FNDA:198,detectBigint
DA:4,198
DA:5,7
DA:7,191
LF:3
LH:3
BRDA:4,0,0,7
BRDA:4,0,1,191
BRF:2
BRH:2
end_of_record
TN:
SF:src/detectors/boolean.ts
FN:3,detectBoolean
FNF:1
FNH:1
FNDA:403,detectBoolean
DA:4,403
DA:5,24
DA:7,379
DA:8,15
DA:10,364
LF:5
LH:5
BRDA:4,0,0,24
BRDA:4,0,1,379
BRDA:7,1,0,15
BRDA:7,1,1,364
BRF:4
BRH:4
end_of_record
TN:
SF:src/detectors/date.ts
FN:3,detectDate
FNF:1
FNH:1
FNDA:51,detectDate
DA:4,51
DA:5,1
DA:7,50
LF:3
LH:3
BRDA:4,0,0,1
BRDA:4,0,1,50
BRF:2
BRH:2
end_of_record
TN:
SF:src/detectors/function.ts
FN:3,detectFunction
FNF:1
FNH:1
FNDA:97,detectFunction
DA:4,97
DA:5,4
DA:7,93
LF:3
LH:3
BRDA:4,0,0,4
BRDA:4,0,1,93
BRF:2
BRH:2
end_of_record
TN:
SF:src/detectors/index.ts
FN:45,detectValue
FNF:1
FNH:1
FNDA:1521,detectValue
DA:24,19
DA:46,1521
DA:47,6556
DA:48,6556
DA:49,1521
LF:5
LH:5
BRDA:48,0,0,1521
BRDA:48,0,1,5035
BRF:2
BRH:2
end_of_record
TN:
SF:src/detectors/link.ts
FN:4,detectLinkIndex
FNF:1
FNH:1
FNDA:1421,detectLinkIndex
DA:5,1421
DA:6,1421
DA:7,1421
DA:8,1421
DA:9,6
DA:10,6
DA:11,1
DA:13,5
DA:15,1415
LF:9
LH:9
BRDA:8,0,0,6
BRDA:8,0,1,1415
BRDA:10,1,0,1
BRDA:10,1,1,5
BRF:4
BRH:4
end_of_record
TN:
SF:src/detectors/map.ts
FN:3,detectMap
FNF:1
FNH:1
FNDA:53,detectMap
DA:4,53
DA:5,1
DA:7,52
LF:3
LH:3
BRDA:4,0,0,1
BRDA:4,0,1,52
BRF:2
BRH:2
end_of_record
TN:
SF:src/detectors/null.ts
FN:3,detectNull
FNF:1
FNH:1
FNDA:410,detectNull
DA:4,410
DA:5,7
DA:7,403
LF:3
LH:3
BRDA:4,0,0,7
BRDA:4,0,1,403
BRF:2
BRH:2
end_of_record
TN:
SF:src/detectors/number.ts
FN:3,detectNumber
FNF:1
FNH:1
FNDA:364,detectNumber
DA:4,364
DA:5,166
DA:6,1
DA:9,165
DA:10,1
DA:13,164
DA:14,1
DA:17,163
DA:18,128
DA:21,35
DA:24,198
LF:11
LH:11
BRDA:4,0,0,166
BRDA:4,0,1,198
BRDA:5,1,0,1
BRDA:5,1,1,165
BRDA:9,2,0,1
BRDA:9,2,1,164
BRDA:13,3,0,1
BRDA:13,3,1,163
BRDA:17,4,0,128
BRDA:17,4,1,35
BRF:10
BRH:10
end_of_record
TN:
SF:src/detectors/object.ts
FN:3,detectObject
FNF:1
FNH:1
FNDA:47,detectObject
LF:0
LH:0
BRF:0
BRH:0
end_of_record
TN:
SF:src/detectors/regexp.ts
FN:3,detectRegExp
FNF:1
FNH:1
FNDA:50,detectRegExp
DA:4,50
DA:5,1
DA:7,49
LF:3
LH:3
BRDA:4,0,0,1
BRDA:4,0,1,49
BRF:2
BRH:2
end_of_record
TN:
SF:src/detectors/set.ts
FN:3,detectSet
FNF:1
FNH:1
FNDA:52,detectSet
DA:4,52
DA:5,1
DA:7,51
LF:3
LH:3
BRDA:4,0,0,1
BRDA:4,0,1,51
BRF:2
BRH:2
end_of_record
TN:
SF:src/detectors/string.ts
FN:3,detectString
FNF:1
FNH:1
FNDA:191,detectString
DA:4,191
DA:5,94
DA:7,97
LF:3
LH:3
BRDA:4,0,0,94
BRDA:4,0,1,97
BRF:2
BRH:2
end_of_record
TN:
SF:src/detectors/symbol.ts
FN:3,detectSymbol
FNF:1
FNH:1
FNDA:49,detectSymbol
DA:4,49
DA:5,2
DA:7,47
LF:3
LH:3
BRDA:4,0,0,2
BRDA:4,0,1,47
BRF:2
BRH:2
end_of_record
TN:
SF:src/detectors/typed-array.ts
FN:3,detectTypedArray
FNF:1
FNH:1
FNDA:63,detectTypedArray
DA:4,63
DA:5,61
DA:6,1
DA:9,60
DA:10,1
DA:13,59
DA:14,1
DA:17,58
DA:18,1
DA:21,57
DA:22,1
DA:25,56
DA:26,1
DA:29,55
DA:30,1
DA:33,54
DA:34,1
DA:37,53
DA:38,1
DA:41,52
DA:42,1
DA:45,53
LF:22
LH:22
BRDA:4,0,0,61
BRDA:4,0,1,2
BRDA:5,1,0,1
BRDA:5,1,1,60
BRDA:9,2,0,1
BRDA:9,2,1,59
BRDA:13,3,0,1
BRDA:13,3,1,58
BRDA:17,4,0,1
BRDA:17,4,1,57
BRDA:21,5,0,1
BRDA:21,5,1,56
BRDA:25,6,0,1
BRDA:25,6,1,55
BRDA:29,7,0,1
BRDA:29,7,1,54
BRDA:33,8,0,1
BRDA:33,8,1,53
BRDA:37,9,0,1
BRDA:37,9,1,52
BRDA:41,10,0,1
BRDA:41,10,1,51
BRF:22
BRH:22
end_of_record
TN:
SF:src/detectors/undefined.ts
FN:3,detectUndefined
FNF:1
FNH:1
FNDA:1415,detectUndefined
DA:4,1415
DA:5,1005
DA:7,410
LF:3
LH:3
BRDA:4,0,0,1005
BRDA:4,0,1,410
BRF:2
BRH:2
end_of_record
TN:
SF:src/detectors/value.ts
FN:4,detectValueIndex
FNF:1
FNH:1
FNDA:1513,detectValueIndex
DA:5,1513
DA:6,1513
DA:7,1513
DA:8,1513
DA:9,92
DA:10,92
DA:11,23
DA:13,69
DA:15,1421
LF:9
LH:9
BRDA:8,0,0,92
BRDA:8,0,1,1421
BRDA:10,1,0,23
BRDA:10,1,1,69
BRF:4
BRH:4
end_of_record
TN:
SF:src/encoders/array-buffer.ts
FN:3,encodeArrayBuffer
FNF:1
FNH:1
FNDA:1,encodeArrayBuffer
DA:4,1
DA:5,1
DA:6,1
LF:3
LH:3
BRF:0
BRH:0
end_of_record
TN:
SF:src/encoders/array.ts
FN:10,getGroups
FN:35,optimizeGroups
FN:51,encodeArrayGroups
FN:81,encodeArray
FNF:4
FNH:4
FNDA:29,getGroups
FNDA:29,optimizeGroups
FNDA:29,encodeArrayGroups
FNDA:26,encodeArray
DA:11,29
DA:13,29
DA:14,28
DA:15,28
DA:16,28
DA:18,28
DA:19,1149
DA:20,1149
DA:21,1149
DA:22,1097
DA:23,52
DA:24,13
DA:26,39
DA:27,39
DA:32,29
DA:36,29
DA:37,39
DA:38,39
DA:39,39
DA:40,39
DA:41,22
DA:42,14
DA:43,14
DA:44,14
DA:45,14
DA:52,29
DA:54,29
DA:55,29
DA:57,29
DA:58,53
DA:59,53
DA:61,53
DA:62,4
DA:64,49
DA:72,49
DA:73,1150
DA:78,29
DA:82,26
DA:83,26
DA:84,26
LF:40
LH:40
BRDA:13,0,0,28
BRDA:13,0,1,1
BRDA:21,1,0,1097
BRDA:21,1,1,52
BRDA:23,2,0,13
BRDA:23,2,1,39
BRDA:23,3,0,52
BRDA:23,3,1,18
BRDA:40,4,0,22
BRDA:40,4,1,17
BRDA:40,5,0,39
BRDA:40,5,1,28
BRDA:41,6,0,14
BRDA:41,6,1,8
BRDA:61,7,0,4
BRDA:61,7,1,49
BRF:16
BRH:16
end_of_record
TN:
SF:src/encoders/bigint.ts
FN:3,encodeBigint
FNF:1
FNH:1
FNDA:7,encodeBigint
DA:4,7
DA:5,7
DA:6,7
LF:3
LH:3
BRF:0
BRH:0
end_of_record
TN:
SF:src/encoders/boolean.ts
FN:1,encodeTrue
FN:4,encodeFalse
FNF:2
FNH:2
FNDA:3,encodeTrue
FNDA:1,encodeFalse
LF:0
LH:0
BRF:0
BRH:0
end_of_record
TN:
SF:src/encoders/date.ts
FN:3,encodeDate
FNF:1
FNH:1
FNDA:1,encodeDate
DA:4,1
DA:5,1
DA:6,1
LF:3
LH:3
BRF:0
BRH:0
end_of_record
TN:
SF:src/encoders/function.ts
FN:3,encodeFunction
FNF:1
FNH:1
FNDA:4,encodeFunction
DA:4,4
DA:5,4
DA:6,4
DA:7,4
LF:4
LH:4
BRF:0
BRH:0
end_of_record
TN:
SF:src/encoders/header.ts
FN:4,encodeFloatQuality
FN:22,encodeHeader
FNF:2
FNH:2
FNDA:66,encodeFloatQuality
FNDA:66,encodeHeader
DA:5,66
DA:6,66
DA:8,64
DA:9,64
DA:12,1
DA:13,1
DA:16,1
DA:17,1
DA:18,1
DA:23,66
DA:24,66
DA:25,66
LF:12
LH:12
BRDA:6,0,0,64
BRDA:6,0,1,1
BRDA:6,0,2,1
BRF:3
BRH:3
end_of_record
TN:
SF:src/encoders/index.ts
FN:70,encodeValue
FNF:1
FNH:1
FNDA:305,encodeValue
DA:31,19
DA:71,305
DA:73,305
DA:74,305
DA:76,305
DA:84,305
LF:6
LH:6
BRF:0
BRH:0
end_of_record
TN:
SF:src/encoders/link.ts
FN:3,encodeLinkIndex
FN:9,encodeLinkIndexLast
FNF:2
FNH:2
FNDA:4,encodeLinkIndex
FNDA:1,encodeLinkIndexLast
DA:4,4
DA:5,4
DA:6,4
DA:10,1
DA:11,1
DA:12,1
DA:13,1
LF:7
LH:7
BRF:0
BRH:0
end_of_record
TN:
SF:src/encoders/map.ts
FN:4,encodeMap
FNF:1
FNH:1
FNDA:1,encodeMap
DA:5,1
DA:6,1
DA:7,1
DA:8,1
DA:9,1
LF:5
LH:5
BRF:0
BRH:0
end_of_record
TN:
SF:src/encoders/null.ts
FN:1,encodeNull
FNF:1
FNH:1
FNDA:3,encodeNull
LF:0
LH:0
BRF:0
BRH:0
end_of_record
TN:
SF:src/encoders/number.ts
FN:3,encodeNaN
FN:6,encodePositiveInfinity
FN:9,encodeNegativeInfinity
FN:12,encodeInt
FN:18,encodeFloat
FNF:5
FNH:5
FNDA:1,encodeNaN
FNDA:1,encodePositiveInfinity
FNDA:1,encodeNegativeInfinity
FNDA:118,encodeInt
FNDA:25,encodeFloat
DA:13,118
DA:14,118
DA:15,118
DA:19,25
DA:21,25
DA:23,25
DA:25,23
DA:26,23
DA:29,1
DA:30,1
DA:33,1
DA:34,1
LF:12
LH:12
BRDA:23,0,0,23
BRDA:23,0,1,1
BRDA:23,0,2,1
BRF:3
BRH:3
end_of_record
TN:
SF:src/encoders/object.ts
FN:5,encodeObject
FNF:1
FNH:1
FNDA:42,encodeObject
DA:6,42
DA:7,42
DA:8,42
DA:9,42
DA:10,110
DA:11,110
DA:12,2
DA:14,108
DA:16,110
DA:18,42
LF:10
LH:10
BRDA:11,0,0,2
BRDA:11,0,1,108
BRF:2
BRH:2
end_of_record
TN:
SF:src/encoders/regexp.ts
FN:3,encodeRegExp
FNF:1
FNH:1
FNDA:1,encodeRegExp
DA:4,1
DA:5,1
DA:6,1
DA:8,1
DA:10,1
DA:11,1
DA:13,1
DA:14,1
LF:8
LH:8
BRF:0
BRH:0
end_of_record
TN:
SF:src/encoders/set.ts
FN:4,encodeSet
FNF:1
FNH:1
FNDA:1,encodeSet
DA:5,1
DA:6,1
DA:7,1
DA:8,1
LF:4
LH:4
BRF:0
BRH:0
end_of_record
TN:
SF:src/encoders/string.ts
FN:3,encodeString
FNF:1
FNH:1
FNDA:85,encodeString
DA:4,85
DA:5,85
DA:6,85
LF:3
LH:3
BRF:0
BRH:0
end_of_record
TN:
SF:src/encoders/symbol.ts
FN:3,encodeSymbol
FNF:1
FNH:1
FNDA:2,encodeSymbol
DA:4,2
DA:5,2
LF:2
LH:2
BRF:0
BRH:0
end_of_record
TN:
SF:src/encoders/typed-array.ts
FN:5,encodeTypedArray
FNF:1
FNH:1
FNDA:10,encodeTypedArray
DA:6,10
DA:7,10
DA:8,10
DA:9,10
LF:4
LH:4
BRF:0
BRH:0
end_of_record
TN:
SF:src/encoders/undefined.ts
FN:1,encodeUndefined
FNF:1
FNH:1
FNDA:998,encodeUndefined
LF:0
LH:0
BRF:0
BRH:0
end_of_record
TN:
SF:src/encoders/value.ts
FN:3,encodeValueIndex
FN:9,encodeValueIndexLast
FNF:2
FNH:2
FNDA:69,encodeValueIndex
FNDA:22,encodeValueIndexLast
DA:4,69
DA:5,69
DA:6,69
DA:10,22
DA:11,22
DA:12,22
DA:13,22
LF:7
LH:7
BRF:0
BRH:0
end_of_record
