{"/Users/superman/Documents/Work/My/xobj/packages/buffer/src/reader.ts": {"path":"/Users/superman/Documents/Work/My/xobj/packages/buffer/src/reader.ts","statementMap":{"0":{"start":{"line":9,"column":2},"end":{"line":9,"column":28}},"1":{"start":{"line":13,"column":2},"end":{"line":13,"column":38}},"2":{"start":{"line":17,"column":2},"end":{"line":17,"column":38}},"3":{"start":{"line":21,"column":2},"end":{"line":21,"column":24}},"4":{"start":{"line":25,"column":2},"end":{"line":29,"column":3}},"5":{"start":{"line":26,"column":3},"end":{"line":26,"column":24}},"6":{"start":{"line":27,"column":9},"end":{"line":29,"column":3}},"7":{"start":{"line":28,"column":3},"end":{"line":28,"column":24}},"8":{"start":{"line":31,"column":2},"end":{"line":31,"column":25}},"9":{"start":{"line":35,"column":2},"end":{"line":35,"column":27}},"10":{"start":{"line":39,"column":2},"end":{"line":39,"column":20}},"11":{"start":{"line":43,"column":2},"end":{"line":43,"column":36}},"12":{"start":{"line":44,"column":2},"end":{"line":44,"column":21}},"13":{"start":{"line":45,"column":2},"end":{"line":45,"column":36}},"14":{"start":{"line":49,"column":2},"end":{"line":49,"column":26}},"15":{"start":{"line":57,"column":16},"end":{"line":57,"column":51}},"16":{"start":{"line":58,"column":2},"end":{"line":58,"column":23}},"17":{"start":{"line":59,"column":2},"end":{"line":59,"column":15}},"18":{"start":{"line":63,"column":16},"end":{"line":63,"column":72}},"19":{"start":{"line":64,"column":2},"end":{"line":64,"column":23}},"20":{"start":{"line":65,"column":2},"end":{"line":65,"column":15}},"21":{"start":{"line":69,"column":16},"end":{"line":69,"column":72}},"22":{"start":{"line":70,"column":2},"end":{"line":70,"column":23}},"23":{"start":{"line":71,"column":2},"end":{"line":71,"column":15}},"24":{"start":{"line":75,"column":14},"end":{"line":75,"column":15}},"25":{"start":{"line":76,"column":15},"end":{"line":76,"column":16}},"26":{"start":{"line":77,"column":13},"end":{"line":77,"column":14}},"27":{"start":{"line":79,"column":2},"end":{"line":83,"column":24}},"28":{"start":{"line":80,"column":3},"end":{"line":80,"column":27}},"29":{"start":{"line":81,"column":3},"end":{"line":81,"column":35}},"30":{"start":{"line":82,"column":3},"end":{"line":82,"column":17}},"31":{"start":{"line":85,"column":2},"end":{"line":85,"column":15}},"32":{"start":{"line":89,"column":15},"end":{"line":89,"column":31}},"33":{"start":{"line":90,"column":15},"end":{"line":90,"column":32}},"34":{"start":{"line":91,"column":14},"end":{"line":91,"column":33}},"35":{"start":{"line":93,"column":2},"end":{"line":95,"column":3}},"36":{"start":{"line":94,"column":3},"end":{"line":94,"column":36}},"37":{"start":{"line":97,"column":2},"end":{"line":97,"column":22}},"38":{"start":{"line":101,"column":16},"end":{"line":101,"column":50}},"39":{"start":{"line":102,"column":2},"end":{"line":102,"column":23}},"40":{"start":{"line":103,"column":2},"end":{"line":103,"column":15}},"41":{"start":{"line":107,"column":16},"end":{"line":107,"column":71}},"42":{"start":{"line":108,"column":2},"end":{"line":108,"column":23}},"43":{"start":{"line":109,"column":2},"end":{"line":109,"column":15}},"44":{"start":{"line":113,"column":16},"end":{"line":113,"column":71}},"45":{"start":{"line":114,"column":2},"end":{"line":114,"column":23}},"46":{"start":{"line":115,"column":2},"end":{"line":115,"column":15}},"47":{"start":{"line":119,"column":16},"end":{"line":119,"column":73}},"48":{"start":{"line":120,"column":2},"end":{"line":120,"column":23}},"49":{"start":{"line":121,"column":2},"end":{"line":121,"column":15}},"50":{"start":{"line":125,"column":16},"end":{"line":125,"column":73}},"51":{"start":{"line":126,"column":2},"end":{"line":126,"column":23}},"52":{"start":{"line":127,"column":2},"end":{"line":127,"column":15}},"53":{"start":{"line":131,"column":14},"end":{"line":131,"column":32}},"54":{"start":{"line":132,"column":2},"end":{"line":134,"column":3}},"55":{"start":{"line":133,"column":3},"end":{"line":133,"column":13}},"56":{"start":{"line":136,"column":14},"end":{"line":136,"column":16}},"57":{"start":{"line":137,"column":2},"end":{"line":139,"column":3}},"58":{"start":{"line":138,"column":3},"end":{"line":138,"column":52}},"59":{"start":{"line":140,"column":2},"end":{"line":140,"column":15}},"60":{"start":{"line":144,"column":14},"end":{"line":144,"column":31}},"61":{"start":{"line":145,"column":13},"end":{"line":145,"column":15}},"62":{"start":{"line":147,"column":2},"end":{"line":150,"column":3}},"63":{"start":{"line":148,"column":3},"end":{"line":148,"column":18}},"64":{"start":{"line":149,"column":3},"end":{"line":149,"column":14}},"65":{"start":{"line":152,"column":14},"end":{"line":152,"column":16}},"66":{"start":{"line":154,"column":10},"end":{"line":154,"column":12}},"67":{"start":{"line":156,"column":2},"end":{"line":160,"column":3}},"68":{"start":{"line":157,"column":16},"end":{"line":157,"column":40}},"69":{"start":{"line":158,"column":3},"end":{"line":158,"column":22}},"70":{"start":{"line":159,"column":3},"end":{"line":159,"column":11}},"71":{"start":{"line":162,"column":2},"end":{"line":162,"column":22}},"72":{"start":{"line":166,"column":16},"end":{"line":166,"column":34}},"73":{"start":{"line":167,"column":16},"end":{"line":170,"column":3}},"74":{"start":{"line":171,"column":2},"end":{"line":171,"column":38}},"75":{"start":{"line":172,"column":2},"end":{"line":172,"column":15}},"76":{"start":{"line":176,"column":16},"end":{"line":176,"column":34}},"77":{"start":{"line":177,"column":27},"end":{"line":177,"column":29}},"78":{"start":{"line":179,"column":2},"end":{"line":181,"column":3}},"79":{"start":{"line":179,"column":15},"end":{"line":179,"column":16}},"80":{"start":{"line":180,"column":3},"end":{"line":180,"column":36}},"81":{"start":{"line":183,"column":2},"end":{"line":183,"column":15}},"82":{"start":{"line":187,"column":27},"end":{"line":187,"column":29}},"83":{"start":{"line":189,"column":2},"end":{"line":201,"column":3}},"84":{"start":{"line":190,"column":16},"end":{"line":190,"column":32}},"85":{"start":{"line":191,"column":18},"end":{"line":191,"column":19}},"86":{"start":{"line":193,"column":3},"end":{"line":200,"column":4}},"87":{"start":{"line":194,"column":4},"end":{"line":194,"column":45}},"88":{"start":{"line":195,"column":4},"end":{"line":195,"column":15}},"89":{"start":{"line":196,"column":4},"end":{"line":199,"column":5}},"90":{"start":{"line":197,"column":5},"end":{"line":197,"column":31}},"91":{"start":{"line":198,"column":5},"end":{"line":198,"column":18}},"92":{"start":{"line":203,"column":2},"end":{"line":203,"column":15}}},"fnMap":{"0":{"name":"(anonymous_0)","decl":{"start":{"line":8,"column":1},"end":{"line":8,"column":2}},"loc":{"start":{"line":8,"column":29},"end":{"line":10,"column":2}},"line":8},"1":{"name":"(anonymous_1)","decl":{"start":{"line":12,"column":1},"end":{"line":12,"column":2}},"loc":{"start":{"line":12,"column":22},"end":{"line":14,"column":2}},"line":12},"2":{"name":"(anonymous_2)","decl":{"start":{"line":16,"column":1},"end":{"line":16,"column":2}},"loc":{"start":{"line":16,"column":30},"end":{"line":18,"column":2}},"line":16},"3":{"name":"(anonymous_3)","decl":{"start":{"line":20,"column":1},"end":{"line":20,"column":2}},"loc":{"start":{"line":20,"column":24},"end":{"line":22,"column":2}},"line":20},"4":{"name":"(anonymous_4)","decl":{"start":{"line":24,"column":1},"end":{"line":24,"column":2}},"loc":{"start":{"line":24,"column":29},"end":{"line":32,"column":2}},"line":24},"5":{"name":"(anonymous_5)","decl":{"start":{"line":34,"column":1},"end":{"line":34,"column":2}},"loc":{"start":{"line":34,"column":27},"end":{"line":36,"column":2}},"line":34},"6":{"name":"(anonymous_6)","decl":{"start":{"line":38,"column":1},"end":{"line":38,"column":2}},"loc":{"start":{"line":38,"column":22},"end":{"line":40,"column":2}},"line":38},"7":{"name":"(anonymous_7)","decl":{"start":{"line":42,"column":1},"end":{"line":42,"column":2}},"loc":{"start":{"line":42,"column":65},"end":{"line":46,"column":2}},"line":42},"8":{"name":"(anonymous_8)","decl":{"start":{"line":48,"column":1},"end":{"line":48,"column":2}},"loc":{"start":{"line":48,"column":37},"end":{"line":50,"column":2}},"line":48},"9":{"name":"(anonymous_9)","decl":{"start":{"line":56,"column":1},"end":{"line":56,"column":2}},"loc":{"start":{"line":56,"column":21},"end":{"line":60,"column":2}},"line":56},"10":{"name":"(anonymous_10)","decl":{"start":{"line":62,"column":1},"end":{"line":62,"column":2}},"loc":{"start":{"line":62,"column":22},"end":{"line":66,"column":2}},"line":62},"11":{"name":"(anonymous_11)","decl":{"start":{"line":68,"column":1},"end":{"line":68,"column":2}},"loc":{"start":{"line":68,"column":22},"end":{"line":72,"column":2}},"line":68},"12":{"name":"(anonymous_12)","decl":{"start":{"line":74,"column":1},"end":{"line":74,"column":2}},"loc":{"start":{"line":74,"column":23},"end":{"line":86,"column":2}},"line":74},"13":{"name":"(anonymous_13)","decl":{"start":{"line":88,"column":1},"end":{"line":88,"column":2}},"loc":{"start":{"line":88,"column":22},"end":{"line":98,"column":2}},"line":88},"14":{"name":"(anonymous_14)","decl":{"start":{"line":100,"column":1},"end":{"line":100,"column":2}},"loc":{"start":{"line":100,"column":20},"end":{"line":104,"column":2}},"line":100},"15":{"name":"(anonymous_15)","decl":{"start":{"line":106,"column":1},"end":{"line":106,"column":2}},"loc":{"start":{"line":106,"column":21},"end":{"line":110,"column":2}},"line":106},"16":{"name":"(anonymous_16)","decl":{"start":{"line":112,"column":1},"end":{"line":112,"column":2}},"loc":{"start":{"line":112,"column":21},"end":{"line":116,"column":2}},"line":112},"17":{"name":"(anonymous_17)","decl":{"start":{"line":118,"column":1},"end":{"line":118,"column":2}},"loc":{"start":{"line":118,"column":23},"end":{"line":122,"column":2}},"line":118},"18":{"name":"(anonymous_18)","decl":{"start":{"line":124,"column":1},"end":{"line":124,"column":2}},"loc":{"start":{"line":124,"column":23},"end":{"line":128,"column":2}},"line":124},"19":{"name":"(anonymous_19)","decl":{"start":{"line":130,"column":1},"end":{"line":130,"column":2}},"loc":{"start":{"line":130,"column":22},"end":{"line":141,"column":2}},"line":130},"20":{"name":"(anonymous_20)","decl":{"start":{"line":143,"column":1},"end":{"line":143,"column":2}},"loc":{"start":{"line":143,"column":22},"end":{"line":163,"column":2}},"line":143},"21":{"name":"(anonymous_21)","decl":{"start":{"line":165,"column":1},"end":{"line":165,"column":2}},"loc":{"start":{"line":165,"column":27},"end":{"line":173,"column":2}},"line":165},"22":{"name":"(anonymous_22)","decl":{"start":{"line":175,"column":1},"end":{"line":175,"column":2}},"loc":{"start":{"line":175,"column":37},"end":{"line":184,"column":2}},"line":175},"23":{"name":"(anonymous_23)","decl":{"start":{"line":186,"column":1},"end":{"line":186,"column":2}},"loc":{"start":{"line":186,"column":38},"end":{"line":204,"column":2}},"line":186}},"branchMap":{"0":{"loc":{"start":{"line":25,"column":2},"end":{"line":29,"column":3}},"type":"if","locations":[{"start":{"line":25,"column":2},"end":{"line":29,"column":3}},{"start":{"line":27,"column":9},"end":{"line":29,"column":3}}],"line":25},"1":{"loc":{"start":{"line":27,"column":9},"end":{"line":29,"column":3}},"type":"if","locations":[{"start":{"line":27,"column":9},"end":{"line":29,"column":3}},{"start":{},"end":{}}],"line":27},"2":{"loc":{"start":{"line":42,"column":34},"end":{"line":42,"column":63}},"type":"default-arg","locations":[{"start":{"line":42,"column":58},"end":{"line":42,"column":63}}],"line":42},"3":{"loc":{"start":{"line":90,"column":15},"end":{"line":90,"column":32}},"type":"cond-expr","locations":[{"start":{"line":90,"column":26},"end":{"line":90,"column":28}},{"start":{"line":90,"column":31},"end":{"line":90,"column":32}}],"line":90},"4":{"loc":{"start":{"line":93,"column":2},"end":{"line":95,"column":3}},"type":"if","locations":[{"start":{"line":93,"column":2},"end":{"line":95,"column":3}},{"start":{},"end":{}}],"line":93},"5":{"loc":{"start":{"line":132,"column":2},"end":{"line":134,"column":3}},"type":"if","locations":[{"start":{"line":132,"column":2},"end":{"line":134,"column":3}},{"start":{},"end":{}}],"line":132},"6":{"loc":{"start":{"line":147,"column":2},"end":{"line":150,"column":3}},"type":"if","locations":[{"start":{"line":147,"column":2},"end":{"line":150,"column":3}},{"start":{},"end":{}}],"line":147},"7":{"loc":{"start":{"line":189,"column":2},"end":{"line":201,"column":3}},"type":"if","locations":[{"start":{"line":189,"column":2},"end":{"line":201,"column":3}},{"start":{},"end":{}}],"line":189},"8":{"loc":{"start":{"line":196,"column":4},"end":{"line":199,"column":5}},"type":"if","locations":[{"start":{"line":196,"column":4},"end":{"line":199,"column":5}},{"start":{},"end":{}}],"line":196},"9":{"loc":{"start":{"line":196,"column":8},"end":{"line":196,"column":31}},"type":"binary-expr","locations":[{"start":{"line":196,"column":8},"end":{"line":196,"column":22}},{"start":{"line":196,"column":26},"end":{"line":196,"column":31}}],"line":196}},"s":{"0":2,"1":31,"2":2,"3":8,"4":4,"5":1,"6":3,"7":1,"8":2,"9":2,"10":1,"11":6643,"12":6643,"13":6643,"14":44472,"15":44456,"16":44456,"17":44456,"18":1,"19":1,"20":1,"21":2,"22":2,"23":2,"24":9422,"25":9422,"26":9422,"27":9422,"28":37808,"29":37808,"30":37808,"31":9422,"32":6582,"33":6582,"34":6582,"35":6582,"36":6058,"37":6582,"38":2,"39":2,"40":2,"41":3,"42":3,"43":3,"44":4,"45":4,"46":4,"47":1,"48":1,"49":1,"50":1,"51":1,"52":1,"53":4,"54":4,"55":1,"56":3,"57":3,"58":33,"59":3,"60":5,"61":5,"62":5,"63":1,"64":1,"65":5,"66":5,"67":5,"68":48,"69":48,"70":48,"71":5,"72":2,"73":2,"74":2,"75":2,"76":2,"77":2,"78":2,"79":2,"80":13,"81":2,"82":6,"83":6,"84":5,"85":5,"86":5,"87":115,"88":115,"89":115,"90":12,"91":12,"92":6},"f":{"0":2,"1":31,"2":2,"3":8,"4":4,"5":2,"6":1,"7":6643,"8":44472,"9":44456,"10":1,"11":2,"12":9422,"13":6582,"14":2,"15":3,"16":4,"17":1,"18":1,"19":4,"20":5,"21":2,"22":2,"23":6},"b":{"0":[1,3],"1":[1,2],"2":[6639],"3":[3284,3298],"4":[6058,524],"5":[1,3],"6":[1,4],"7":[5,1],"8":[12,103],"9":[115,13]},"_coverageSchema":"1a1c01bbd47fc00a2c39e90264f33305004495a9","hash":"aa9bc59edccc429dde023347ddb470ae6129023b"}
,"/Users/superman/Documents/Work/My/xobj/packages/buffer/src/writer.ts": {"path":"/Users/superman/Documents/Work/My/xobj/packages/buffer/src/writer.ts","statementMap":{"0":{"start":{"line":10,"column":2},"end":{"line":10,"column":28}},"1":{"start":{"line":14,"column":2},"end":{"line":14,"column":22}},"2":{"start":{"line":18,"column":2},"end":{"line":18,"column":39}},"3":{"start":{"line":22,"column":2},"end":{"line":22,"column":24}},"4":{"start":{"line":26,"column":2},"end":{"line":30,"column":3}},"5":{"start":{"line":27,"column":3},"end":{"line":27,"column":24}},"6":{"start":{"line":28,"column":9},"end":{"line":30,"column":3}},"7":{"start":{"line":29,"column":3},"end":{"line":29,"column":24}},"8":{"start":{"line":32,"column":2},"end":{"line":32,"column":25}},"9":{"start":{"line":36,"column":2},"end":{"line":36,"column":50}},"10":{"start":{"line":40,"column":2},"end":{"line":40,"column":38}},"11":{"start":{"line":44,"column":2},"end":{"line":44,"column":57}},"12":{"start":{"line":45,"column":2},"end":{"line":45,"column":21}},"13":{"start":{"line":46,"column":2},"end":{"line":46,"column":19}},"14":{"start":{"line":47,"column":2},"end":{"line":47,"column":36}},"15":{"start":{"line":51,"column":21},"end":{"line":51,"column":43}},"16":{"start":{"line":52,"column":13},"end":{"line":52,"column":41}},"17":{"start":{"line":54,"column":2},"end":{"line":56,"column":3}},"18":{"start":{"line":55,"column":3},"end":{"line":55,"column":10}},"19":{"start":{"line":58,"column":2},"end":{"line":60,"column":3}},"20":{"start":{"line":59,"column":3},"end":{"line":59,"column":13}},"21":{"start":{"line":62,"column":17},"end":{"line":62,"column":38}},"22":{"start":{"line":63,"column":16},"end":{"line":63,"column":38}},"23":{"start":{"line":64,"column":2},"end":{"line":64,"column":47}},"24":{"start":{"line":65,"column":2},"end":{"line":65,"column":36}},"25":{"start":{"line":69,"column":2},"end":{"line":69,"column":26}},"26":{"start":{"line":70,"column":2},"end":{"line":72,"column":3}},"27":{"start":{"line":71,"column":3},"end":{"line":71,"column":33}},"28":{"start":{"line":76,"column":2},"end":{"line":76,"column":19}},"29":{"start":{"line":77,"column":2},"end":{"line":77,"column":45}},"30":{"start":{"line":78,"column":2},"end":{"line":78,"column":23}},"31":{"start":{"line":82,"column":2},"end":{"line":82,"column":19}},"32":{"start":{"line":83,"column":2},"end":{"line":83,"column":66}},"33":{"start":{"line":84,"column":2},"end":{"line":84,"column":23}},"34":{"start":{"line":88,"column":2},"end":{"line":88,"column":19}},"35":{"start":{"line":89,"column":2},"end":{"line":89,"column":66}},"36":{"start":{"line":90,"column":2},"end":{"line":90,"column":23}},"37":{"start":{"line":94,"column":13},"end":{"line":94,"column":18}},"38":{"start":{"line":95,"column":2},"end":{"line":103,"column":17}},"39":{"start":{"line":96,"column":22},"end":{"line":96,"column":34}},"40":{"start":{"line":97,"column":3},"end":{"line":97,"column":16}},"41":{"start":{"line":98,"column":3},"end":{"line":98,"column":21}},"42":{"start":{"line":99,"column":3},"end":{"line":101,"column":4}},"43":{"start":{"line":100,"column":4},"end":{"line":100,"column":17}},"44":{"start":{"line":102,"column":3},"end":{"line":102,"column":25}},"45":{"start":{"line":107,"column":13},"end":{"line":107,"column":14}},"46":{"start":{"line":108,"column":2},"end":{"line":111,"column":3}},"47":{"start":{"line":109,"column":3},"end":{"line":109,"column":18}},"48":{"start":{"line":110,"column":3},"end":{"line":110,"column":12}},"49":{"start":{"line":112,"column":21},"end":{"line":112,"column":49}},"50":{"start":{"line":113,"column":2},"end":{"line":113,"column":14}},"51":{"start":{"line":114,"column":15},"end":{"line":114,"column":25}},"52":{"start":{"line":115,"column":2},"end":{"line":117,"column":3}},"53":{"start":{"line":116,"column":3},"end":{"line":116,"column":16}},"54":{"start":{"line":119,"column":2},"end":{"line":119,"column":24}},"55":{"start":{"line":121,"column":2},"end":{"line":123,"column":3}},"56":{"start":{"line":122,"column":3},"end":{"line":122,"column":28}},"57":{"start":{"line":127,"column":2},"end":{"line":127,"column":19}},"58":{"start":{"line":128,"column":2},"end":{"line":128,"column":44}},"59":{"start":{"line":129,"column":2},"end":{"line":129,"column":23}},"60":{"start":{"line":133,"column":2},"end":{"line":133,"column":19}},"61":{"start":{"line":134,"column":2},"end":{"line":134,"column":65}},"62":{"start":{"line":135,"column":2},"end":{"line":135,"column":23}},"63":{"start":{"line":139,"column":2},"end":{"line":139,"column":19}},"64":{"start":{"line":140,"column":2},"end":{"line":140,"column":65}},"65":{"start":{"line":141,"column":2},"end":{"line":141,"column":23}},"66":{"start":{"line":145,"column":2},"end":{"line":145,"column":19}},"67":{"start":{"line":146,"column":2},"end":{"line":146,"column":67}},"68":{"start":{"line":147,"column":2},"end":{"line":147,"column":23}},"69":{"start":{"line":151,"column":2},"end":{"line":151,"column":19}},"70":{"start":{"line":152,"column":2},"end":{"line":152,"column":67}},"71":{"start":{"line":153,"column":2},"end":{"line":153,"column":23}},"72":{"start":{"line":157,"column":2},"end":{"line":157,"column":34}},"73":{"start":{"line":158,"column":2},"end":{"line":160,"column":3}},"74":{"start":{"line":158,"column":15},"end":{"line":158,"column":16}},"75":{"start":{"line":159,"column":3},"end":{"line":159,"column":42}},"76":{"start":{"line":164,"column":13},"end":{"line":164,"column":14}},"77":{"start":{"line":166,"column":2},"end":{"line":169,"column":3}},"78":{"start":{"line":167,"column":3},"end":{"line":167,"column":13}},"79":{"start":{"line":168,"column":3},"end":{"line":168,"column":18}},"80":{"start":{"line":171,"column":13},"end":{"line":171,"column":18}},"81":{"start":{"line":172,"column":14},"end":{"line":172,"column":15}},"82":{"start":{"line":174,"column":2},"end":{"line":177,"column":3}},"83":{"start":{"line":175,"column":3},"end":{"line":175,"column":15}},"84":{"start":{"line":176,"column":3},"end":{"line":176,"column":11}},"85":{"start":{"line":179,"column":2},"end":{"line":179,"column":33}},"86":{"start":{"line":181,"column":2},"end":{"line":185,"column":3}},"87":{"start":{"line":182,"column":16},"end":{"line":182,"column":28}},"88":{"start":{"line":183,"column":3},"end":{"line":183,"column":33}},"89":{"start":{"line":184,"column":3},"end":{"line":184,"column":16}},"90":{"start":{"line":189,"column":2},"end":{"line":189,"column":38}},"91":{"start":{"line":190,"column":2},"end":{"line":190,"column":34}},"92":{"start":{"line":191,"column":16},"end":{"line":191,"column":49}},"93":{"start":{"line":192,"column":2},"end":{"line":192,"column":51}},"94":{"start":{"line":193,"column":2},"end":{"line":193,"column":38}},"95":{"start":{"line":197,"column":15},"end":{"line":197,"column":16}},"96":{"start":{"line":198,"column":2},"end":{"line":202,"column":3}},"97":{"start":{"line":198,"column":15},"end":{"line":198,"column":16}},"98":{"start":{"line":199,"column":3},"end":{"line":201,"column":4}},"99":{"start":{"line":200,"column":4},"end":{"line":200,"column":21}},"100":{"start":{"line":203,"column":2},"end":{"line":203,"column":28}},"101":{"start":{"line":207,"column":15},"end":{"line":207,"column":16}},"102":{"start":{"line":208,"column":17},"end":{"line":208,"column":18}},"103":{"start":{"line":210,"column":2},"end":{"line":222,"column":3}},"104":{"start":{"line":210,"column":15},"end":{"line":210,"column":16}},"105":{"start":{"line":211,"column":3},"end":{"line":213,"column":4}},"106":{"start":{"line":212,"column":4},"end":{"line":212,"column":28}},"107":{"start":{"line":215,"column":3},"end":{"line":215,"column":14}},"108":{"start":{"line":217,"column":3},"end":{"line":221,"column":4}},"109":{"start":{"line":218,"column":4},"end":{"line":218,"column":28}},"110":{"start":{"line":219,"column":4},"end":{"line":219,"column":15}},"111":{"start":{"line":220,"column":4},"end":{"line":220,"column":17}},"112":{"start":{"line":224,"column":2},"end":{"line":226,"column":3}},"113":{"start":{"line":225,"column":3},"end":{"line":225,"column":27}}},"fnMap":{"0":{"name":"(anonymous_0)","decl":{"start":{"line":9,"column":1},"end":{"line":9,"column":2}},"loc":{"start":{"line":9,"column":29},"end":{"line":11,"column":2}},"line":9},"1":{"name":"(anonymous_1)","decl":{"start":{"line":13,"column":1},"end":{"line":13,"column":2}},"loc":{"start":{"line":13,"column":22},"end":{"line":15,"column":2}},"line":13},"2":{"name":"(anonymous_2)","decl":{"start":{"line":17,"column":1},"end":{"line":17,"column":2}},"loc":{"start":{"line":17,"column":30},"end":{"line":19,"column":2}},"line":17},"3":{"name":"(anonymous_3)","decl":{"start":{"line":21,"column":1},"end":{"line":21,"column":2}},"loc":{"start":{"line":21,"column":24},"end":{"line":23,"column":2}},"line":21},"4":{"name":"(anonymous_4)","decl":{"start":{"line":25,"column":1},"end":{"line":25,"column":2}},"loc":{"start":{"line":25,"column":29},"end":{"line":33,"column":2}},"line":25},"5":{"name":"(anonymous_5)","decl":{"start":{"line":35,"column":1},"end":{"line":35,"column":2}},"loc":{"start":{"line":35,"column":27},"end":{"line":37,"column":2}},"line":35},"6":{"name":"(anonymous_6)","decl":{"start":{"line":39,"column":1},"end":{"line":39,"column":2}},"loc":{"start":{"line":39,"column":26},"end":{"line":41,"column":2}},"line":39},"7":{"name":"(anonymous_7)","decl":{"start":{"line":43,"column":1},"end":{"line":43,"column":2}},"loc":{"start":{"line":43,"column":71},"end":{"line":48,"column":2}},"line":43},"8":{"name":"(anonymous_8)","decl":{"start":{"line":50,"column":1},"end":{"line":50,"column":2}},"loc":{"start":{"line":50,"column":33},"end":{"line":66,"column":2}},"line":50},"9":{"name":"(anonymous_9)","decl":{"start":{"line":68,"column":1},"end":{"line":68,"column":2}},"loc":{"start":{"line":68,"column":37},"end":{"line":73,"column":2}},"line":68},"10":{"name":"(anonymous_10)","decl":{"start":{"line":75,"column":1},"end":{"line":75,"column":2}},"loc":{"start":{"line":75,"column":27},"end":{"line":79,"column":2}},"line":75},"11":{"name":"(anonymous_11)","decl":{"start":{"line":81,"column":1},"end":{"line":81,"column":2}},"loc":{"start":{"line":81,"column":28},"end":{"line":85,"column":2}},"line":81},"12":{"name":"(anonymous_12)","decl":{"start":{"line":87,"column":1},"end":{"line":87,"column":2}},"loc":{"start":{"line":87,"column":28},"end":{"line":91,"column":2}},"line":87},"13":{"name":"(anonymous_13)","decl":{"start":{"line":93,"column":1},"end":{"line":93,"column":2}},"loc":{"start":{"line":93,"column":29},"end":{"line":104,"column":2}},"line":93},"14":{"name":"(anonymous_14)","decl":{"start":{"line":106,"column":1},"end":{"line":106,"column":2}},"loc":{"start":{"line":106,"column":28},"end":{"line":124,"column":2}},"line":106},"15":{"name":"(anonymous_15)","decl":{"start":{"line":126,"column":1},"end":{"line":126,"column":2}},"loc":{"start":{"line":126,"column":26},"end":{"line":130,"column":2}},"line":126},"16":{"name":"(anonymous_16)","decl":{"start":{"line":132,"column":1},"end":{"line":132,"column":2}},"loc":{"start":{"line":132,"column":27},"end":{"line":136,"column":2}},"line":132},"17":{"name":"(anonymous_17)","decl":{"start":{"line":138,"column":1},"end":{"line":138,"column":2}},"loc":{"start":{"line":138,"column":27},"end":{"line":142,"column":2}},"line":138},"18":{"name":"(anonymous_18)","decl":{"start":{"line":144,"column":1},"end":{"line":144,"column":2}},"loc":{"start":{"line":144,"column":29},"end":{"line":148,"column":2}},"line":144},"19":{"name":"(anonymous_19)","decl":{"start":{"line":150,"column":1},"end":{"line":150,"column":2}},"loc":{"start":{"line":150,"column":29},"end":{"line":154,"column":2}},"line":150},"20":{"name":"(anonymous_20)","decl":{"start":{"line":156,"column":1},"end":{"line":156,"column":2}},"loc":{"start":{"line":156,"column":28},"end":{"line":161,"column":2}},"line":156},"21":{"name":"(anonymous_21)","decl":{"start":{"line":163,"column":1},"end":{"line":163,"column":2}},"loc":{"start":{"line":163,"column":28},"end":{"line":186,"column":2}},"line":163},"22":{"name":"(anonymous_22)","decl":{"start":{"line":188,"column":1},"end":{"line":188,"column":2}},"loc":{"start":{"line":188,"column":33},"end":{"line":194,"column":2}},"line":188},"23":{"name":"(anonymous_23)","decl":{"start":{"line":196,"column":1},"end":{"line":196,"column":2}},"loc":{"start":{"line":196,"column":30},"end":{"line":204,"column":2}},"line":196},"24":{"name":"(anonymous_24)","decl":{"start":{"line":206,"column":1},"end":{"line":206,"column":2}},"loc":{"start":{"line":206,"column":31},"end":{"line":227,"column":2}},"line":206}},"branchMap":{"0":{"loc":{"start":{"line":26,"column":2},"end":{"line":30,"column":3}},"type":"if","locations":[{"start":{"line":26,"column":2},"end":{"line":30,"column":3}},{"start":{"line":28,"column":9},"end":{"line":30,"column":3}}],"line":26},"1":{"loc":{"start":{"line":28,"column":9},"end":{"line":30,"column":3}},"type":"if","locations":[{"start":{"line":28,"column":9},"end":{"line":30,"column":3}},{"start":{},"end":{}}],"line":28},"2":{"loc":{"start":{"line":43,"column":13},"end":{"line":43,"column":38}},"type":"default-arg","locations":[{"start":{"line":43,"column":34},"end":{"line":43,"column":38}}],"line":43},"3":{"loc":{"start":{"line":43,"column":40},"end":{"line":43,"column":69}},"type":"default-arg","locations":[{"start":{"line":43,"column":64},"end":{"line":43,"column":69}}],"line":43},"4":{"loc":{"start":{"line":54,"column":2},"end":{"line":56,"column":3}},"type":"if","locations":[{"start":{"line":54,"column":2},"end":{"line":56,"column":3}},{"start":{},"end":{}}],"line":54},"5":{"loc":{"start":{"line":70,"column":2},"end":{"line":72,"column":3}},"type":"if","locations":[{"start":{"line":70,"column":2},"end":{"line":72,"column":3}},{"start":{},"end":{}}],"line":70},"6":{"loc":{"start":{"line":99,"column":3},"end":{"line":101,"column":4}},"type":"if","locations":[{"start":{"line":99,"column":3},"end":{"line":101,"column":4}},{"start":{},"end":{}}],"line":99},"7":{"loc":{"start":{"line":108,"column":2},"end":{"line":111,"column":3}},"type":"if","locations":[{"start":{"line":108,"column":2},"end":{"line":111,"column":3}},{"start":{},"end":{}}],"line":108},"8":{"loc":{"start":{"line":115,"column":2},"end":{"line":117,"column":3}},"type":"if","locations":[{"start":{"line":115,"column":2},"end":{"line":117,"column":3}},{"start":{},"end":{}}],"line":115},"9":{"loc":{"start":{"line":121,"column":2},"end":{"line":123,"column":3}},"type":"if","locations":[{"start":{"line":121,"column":2},"end":{"line":123,"column":3}},{"start":{},"end":{}}],"line":121},"10":{"loc":{"start":{"line":166,"column":2},"end":{"line":169,"column":3}},"type":"if","locations":[{"start":{"line":166,"column":2},"end":{"line":169,"column":3}},{"start":{},"end":{}}],"line":166},"11":{"loc":{"start":{"line":199,"column":3},"end":{"line":201,"column":4}},"type":"if","locations":[{"start":{"line":199,"column":3},"end":{"line":201,"column":4}},{"start":{},"end":{}}],"line":199},"12":{"loc":{"start":{"line":211,"column":3},"end":{"line":213,"column":4}},"type":"if","locations":[{"start":{"line":211,"column":3},"end":{"line":213,"column":4}},{"start":{},"end":{}}],"line":211},"13":{"loc":{"start":{"line":217,"column":3},"end":{"line":221,"column":4}},"type":"if","locations":[{"start":{"line":217,"column":3},"end":{"line":221,"column":4}},{"start":{},"end":{}}],"line":217},"14":{"loc":{"start":{"line":224,"column":2},"end":{"line":226,"column":3}},"type":"if","locations":[{"start":{"line":224,"column":2},"end":{"line":226,"column":3}},{"start":{},"end":{}}],"line":224}},"s":{"0":2,"1":42,"2":1,"3":8,"4":4,"5":1,"6":3,"7":1,"8":2,"9":6644,"10":1,"11":6645,"12":6645,"13":6645,"14":6645,"15":47474,"16":47474,"17":47474,"18":47470,"19":4,"20":2,"21":4,"22":4,"23":4,"24":4,"25":47474,"26":47474,"27":47472,"28":47456,"29":47456,"30":47456,"31":2,"32":2,"33":2,"34":2,"35":2,"36":2,"37":9422,"38":9422,"39":37808,"40":37808,"41":37808,"42":37808,"43":28386,"44":37808,"45":6582,"46":6582,"47":3284,"48":3284,"49":6582,"50":6582,"51":6582,"52":6582,"53":6058,"54":6582,"55":6582,"56":6058,"57":3,"58":3,"59":3,"60":2,"61":2,"62":2,"63":5,"64":5,"65":5,"66":1,"67":1,"68":1,"69":1,"70":1,"71":1,"72":4,"73":4,"74":4,"75":33,"76":5,"77":5,"78":1,"79":1,"80":5,"81":5,"82":5,"83":48,"84":48,"85":5,"86":5,"87":48,"88":48,"89":48,"90":2,"91":2,"92":2,"93":2,"94":2,"95":2,"96":2,"97":2,"98":13,"99":7,"100":2,"101":6,"102":6,"103":6,"104":6,"105":115,"106":58,"107":115,"108":115,"109":13,"110":13,"111":13,"112":6,"113":4},"f":{"0":2,"1":42,"2":1,"3":8,"4":4,"5":6644,"6":1,"7":6645,"8":47474,"9":47474,"10":47456,"11":2,"12":2,"13":9422,"14":6582,"15":3,"16":2,"17":5,"18":1,"19":1,"20":4,"21":5,"22":2,"23":2,"24":6},"b":{"0":[1,3],"1":[1,2],"2":[6641],"3":[6641],"4":[47470,4],"5":[47472,2],"6":[28386,9422],"7":[3284,3298],"8":[6058,524],"9":[6058,524],"10":[1,4],"11":[7,6],"12":[58,57],"13":[13,102],"14":[4,2]},"_coverageSchema":"1a1c01bbd47fc00a2c39e90264f33305004495a9","hash":"d926c3435b1c86c81703ef44f5ee193b1bc854eb"}
}
