{"total": {"lines":{"total":203,"covered":203,"skipped":0,"pct":100},"statements":{"total":207,"covered":207,"skipped":0,"pct":100},"functions":{"total":49,"covered":49,"skipped":0,"pct":100},"branches":{"total":47,"covered":47,"skipped":0,"pct":100},"branchesTrue":{"total":0,"covered":0,"skipped":0,"pct":"Unknown"}}
,"/Users/superman/Documents/Work/My/xobj/packages/buffer/src/reader.ts": {"lines":{"total":92,"covered":92,"skipped":0,"pct":100},"functions":{"total":24,"covered":24,"skipped":0,"pct":100},"statements":{"total":93,"covered":93,"skipped":0,"pct":100},"branches":{"total":19,"covered":19,"skipped":0,"pct":100}}
,"/Users/superman/Documents/Work/My/xobj/packages/buffer/src/writer.ts": {"lines":{"total":111,"covered":111,"skipped":0,"pct":100},"functions":{"total":25,"covered":25,"skipped":0,"pct":100},"statements":{"total":114,"covered":114,"skipped":0,"pct":100},"branches":{"total":28,"covered":28,"skipped":0,"pct":100}}
}
