TN:
SF:src/reader.ts
FN:8,(anonymous_0)
FN:12,(anonymous_1)
FN:16,(anonymous_2)
FN:20,(anonymous_3)
FN:24,(anonymous_4)
FN:34,(anonymous_5)
FN:38,(anonymous_6)
FN:42,(anonymous_7)
FN:48,(anonymous_8)
FN:56,(anonymous_9)
FN:62,(anonymous_10)
FN:68,(anonymous_11)
FN:74,(anonymous_12)
FN:88,(anonymous_13)
FN:100,(anonymous_14)
FN:106,(anonymous_15)
FN:112,(anonymous_16)
FN:118,(anonymous_17)
FN:124,(anonymous_18)
FN:130,(anonymous_19)
FN:143,(anonymous_20)
FN:165,(anonymous_21)
FN:175,(anonymous_22)
FN:186,(anonymous_23)
FNF:24
FNH:24
FNDA:2,(anonymous_0)
FNDA:31,(anonymous_1)
FNDA:2,(anonymous_2)
FNDA:8,(anonymous_3)
FNDA:4,(anonymous_4)
FNDA:2,(anonymous_5)
FNDA:1,(anonymous_6)
FNDA:6643,(anonymous_7)
FNDA:44472,(anonymous_8)
FNDA:44456,(anonymous_9)
FNDA:1,(anonymous_10)
FNDA:2,(anonymous_11)
FNDA:9422,(anonymous_12)
FNDA:6582,(anonymous_13)
FNDA:2,(anonymous_14)
FNDA:3,(anonymous_15)
FNDA:4,(anonymous_16)
FNDA:1,(anonymous_17)
FNDA:1,(anonymous_18)
FNDA:4,(anonymous_19)
FNDA:5,(anonymous_20)
FNDA:2,(anonymous_21)
FNDA:2,(anonymous_22)
FNDA:6,(anonymous_23)
DA:9,2
DA:13,31
DA:17,2
DA:21,8
DA:25,4
DA:26,1
DA:27,3
DA:28,1
DA:31,2
DA:35,2
DA:39,1
DA:43,6643
DA:44,6643
DA:45,6643
DA:49,44472
DA:57,44456
DA:58,44456
DA:59,44456
DA:63,1
DA:64,1
DA:65,1
DA:69,2
DA:70,2
DA:71,2
DA:75,9422
DA:76,9422
DA:77,9422
DA:79,9422
DA:80,37808
DA:81,37808
DA:82,37808
DA:85,9422
DA:89,6582
DA:90,6582
DA:91,6582
DA:93,6582
DA:94,6058
DA:97,6582
DA:101,2
DA:102,2
DA:103,2
DA:107,3
DA:108,3
DA:109,3
DA:113,4
DA:114,4
DA:115,4
DA:119,1
DA:120,1
DA:121,1
DA:125,1
DA:126,1
DA:127,1
DA:131,4
DA:132,4
DA:133,1
DA:136,3
DA:137,3
DA:138,33
DA:140,3
DA:144,5
DA:145,5
DA:147,5
DA:148,1
DA:149,1
DA:152,5
DA:154,5
DA:156,5
DA:157,48
DA:158,48
DA:159,48
DA:162,5
DA:166,2
DA:167,2
DA:171,2
DA:172,2
DA:176,2
DA:177,2
DA:179,2
DA:180,13
DA:183,2
DA:187,6
DA:189,6
DA:190,5
DA:191,5
DA:193,5
DA:194,115
DA:195,115
DA:196,115
DA:197,12
DA:198,12
DA:203,6
LF:92
LH:92
BRDA:25,0,0,1
BRDA:25,0,1,3
BRDA:27,1,0,1
BRDA:27,1,1,2
BRDA:42,2,0,6639
BRDA:90,3,0,3284
BRDA:90,3,1,3298
BRDA:93,4,0,6058
BRDA:93,4,1,524
BRDA:132,5,0,1
BRDA:132,5,1,3
BRDA:147,6,0,1
BRDA:147,6,1,4
BRDA:189,7,0,5
BRDA:189,7,1,1
BRDA:196,8,0,12
BRDA:196,8,1,103
BRDA:196,9,0,115
BRDA:196,9,1,13
BRF:19
BRH:19
end_of_record
TN:
SF:src/writer.ts
FN:9,(anonymous_0)
FN:13,(anonymous_1)
FN:17,(anonymous_2)
FN:21,(anonymous_3)
FN:25,(anonymous_4)
FN:35,(anonymous_5)
FN:39,(anonymous_6)
FN:43,(anonymous_7)
FN:50,(anonymous_8)
FN:68,(anonymous_9)
FN:75,(anonymous_10)
FN:81,(anonymous_11)
FN:87,(anonymous_12)
FN:93,(anonymous_13)
FN:106,(anonymous_14)
FN:126,(anonymous_15)
FN:132,(anonymous_16)
FN:138,(anonymous_17)
FN:144,(anonymous_18)
FN:150,(anonymous_19)
FN:156,(anonymous_20)
FN:163,(anonymous_21)
FN:188,(anonymous_22)
FN:196,(anonymous_23)
FN:206,(anonymous_24)
FNF:25
FNH:25
FNDA:2,(anonymous_0)
FNDA:42,(anonymous_1)
FNDA:1,(anonymous_2)
FNDA:8,(anonymous_3)
FNDA:4,(anonymous_4)
FNDA:6644,(anonymous_5)
FNDA:1,(anonymous_6)
FNDA:6645,(anonymous_7)
FNDA:47474,(anonymous_8)
FNDA:47474,(anonymous_9)
FNDA:47456,(anonymous_10)
FNDA:2,(anonymous_11)
FNDA:2,(anonymous_12)
FNDA:9422,(anonymous_13)
FNDA:6582,(anonymous_14)
FNDA:3,(anonymous_15)
FNDA:2,(anonymous_16)
FNDA:5,(anonymous_17)
FNDA:1,(anonymous_18)
FNDA:1,(anonymous_19)
FNDA:4,(anonymous_20)
FNDA:5,(anonymous_21)
FNDA:2,(anonymous_22)
FNDA:2,(anonymous_23)
FNDA:6,(anonymous_24)
DA:10,2
DA:14,42
DA:18,1
DA:22,8
DA:26,4
DA:27,1
DA:28,3
DA:29,1
DA:32,2
DA:36,6644
DA:40,1
DA:44,6645
DA:45,6645
DA:46,6645
DA:47,6645
DA:51,47474
DA:52,47474
DA:54,47474
DA:55,47470
DA:58,4
DA:59,2
DA:62,4
DA:63,4
DA:64,4
DA:65,4
DA:69,47474
DA:70,47474
DA:71,47472
DA:76,47456
DA:77,47456
DA:78,47456
DA:82,2
DA:83,2
DA:84,2
DA:88,2
DA:89,2
DA:90,2
DA:94,9422
DA:95,9422
DA:96,37808
DA:97,37808
DA:98,37808
DA:99,37808
DA:100,28386
DA:102,37808
DA:107,6582
DA:108,6582
DA:109,3284
DA:110,3284
DA:112,6582
DA:113,6582
DA:114,6582
DA:115,6582
DA:116,6058
DA:119,6582
DA:121,6582
DA:122,6058
DA:127,3
DA:128,3
DA:129,3
DA:133,2
DA:134,2
DA:135,2
DA:139,5
DA:140,5
DA:141,5
DA:145,1
DA:146,1
DA:147,1
DA:151,1
DA:152,1
DA:153,1
DA:157,4
DA:158,4
DA:159,33
DA:164,5
DA:166,5
DA:167,1
DA:168,1
DA:171,5
DA:172,5
DA:174,5
DA:175,48
DA:176,48
DA:179,5
DA:181,5
DA:182,48
DA:183,48
DA:184,48
DA:189,2
DA:190,2
DA:191,2
DA:192,2
DA:193,2
DA:197,2
DA:198,2
DA:199,13
DA:200,7
DA:203,2
DA:207,6
DA:208,6
DA:210,6
DA:211,115
DA:212,58
DA:215,115
DA:217,115
DA:218,13
DA:219,13
DA:220,13
DA:224,6
DA:225,4
LF:111
LH:111
BRDA:26,0,0,1
BRDA:26,0,1,3
BRDA:28,1,0,1
BRDA:28,1,1,2
BRDA:43,2,0,6641
BRDA:43,3,0,6641
BRDA:54,4,0,47470
BRDA:54,4,1,4
BRDA:70,5,0,47472
BRDA:70,5,1,2
BRDA:99,6,0,28386
BRDA:99,6,1,9422
BRDA:108,7,0,3284
BRDA:108,7,1,3298
BRDA:115,8,0,6058
BRDA:115,8,1,524
BRDA:121,9,0,6058
BRDA:121,9,1,524
BRDA:166,10,0,1
BRDA:166,10,1,4
BRDA:199,11,0,7
BRDA:199,11,1,6
BRDA:211,12,0,58
BRDA:211,12,1,57
BRDA:217,13,0,13
BRDA:217,13,1,102
BRDA:224,14,0,4
BRDA:224,14,1,2
BRF:28
BRH:28
end_of_record
